<?xml version="1.0" encoding="UTF-8"?>
<!-- Generated by org.testng.reporters.JUnitXMLReporter -->
<testsuite ignored="0" hostname="LTIN719609" failures="1" tests="8" name="TC01 - Authentication and Users" time="35.13" errors="0" timestamp="2026-05-09T20:32:18 IST">
  <testcase classname="com.rivio.tests.TC01_AuthTest" name="tc_auth_001_loginTokenPresent" time="8.958"/>
  <testcase classname="com.rivio.tests.TC01_AuthTest" name="tc_auth_002_loginLiveCall" time="6.196"/>
  <testcase classname="com.rivio.tests.TC01_AuthTest" name="tc_auth_003_loginAsHrManager" time="1.962">
    <failure type="java.lang.AssertionError" message="Unexpected HTTP status. Body: {&amp;quot;success&amp;quot;:false,&amp;quot;message&amp;quot;:&amp;quot;Invalid email or password&amp;quot;,&amp;quot;timestamp&amp;quot;:&amp;quot;2026-05-09T15:02:00.727755103&amp;quot;} expected [200] but found [401]">
      <![CDATA[java.lang.AssertionError: Unexpected HTTP status. Body: {"success":false,"message":"Invalid email or password","timestamp":"2026-05-09T15:02:00.727755103"} expected [200] but found [401]
at com.rivio.utils.AssertionUtils.assertSuccess(AssertionUtils.java:19)
at com.rivio.utils.AssertionUtils.assertSuccess(AssertionUtils.java:15)
at com.rivio.tests.TC01_AuthTest.tc_auth_003_loginAsHrManager(TC01_AuthTest.java:81)
at java.base/java.util.ArrayList.forEach(ArrayList.java:1511)
... Removed 37 stack frames]]>
    </failure>
  </testcase> <!-- tc_auth_003_loginAsHrManager -->
  <testcase classname="com.rivio.tests.TC01_AuthTest" name="tc_auth_004_loginInvalidCredentials" time="1.969"/>
  <testcase classname="com.rivio.tests.TC01_AuthTest" name="tc_auth_005_createUser" time="3.98"/>
  <testcase classname="com.rivio.tests.TC01_AuthTest" name="tc_auth_006_getAllUsers" time="4.282"/>
  <testcase classname="com.rivio.tests.TC01_AuthTest" name="tc_auth_007_resetPassword" time="4.194"/>
  <testcase classname="com.rivio.tests.TC01_AuthTest" name="tc_auth_008_deleteUser" time="3.345"/>
</testsuite> <!-- TC01 - Authentication and Users -->
