<?xml version="1.0" encoding="UTF-8"?>
<!-- Generated by org.testng.reporters.JUnitXMLReporter -->
<testsuite ignored="0" hostname="LTIN719609" failures="0" tests="7" name="TC02 - Roles and Permissions" time="23.806" errors="0" timestamp="2026-05-09T20:32:42 IST">
  <testcase classname="com.rivio.tests.TC02_RolesPermissionsTest" name="tc_role_001_getAllPermissions" time="2.894"/>
  <testcase classname="com.rivio.tests.TC02_RolesPermissionsTest" name="tc_role_002_getAllRoles" time="2.798"/>
  <testcase classname="com.rivio.tests.TC02_RolesPermissionsTest" name="tc_role_003_getRoleById" time="2.956"/>
  <testcase classname="com.rivio.tests.TC02_RolesPermissionsTest" name="tc_role_004_createRole" time="2.532"/>
  <testcase classname="com.rivio.tests.TC02_RolesPermissionsTest" name="tc_role_005_updateRole" time="3.958"/>
  <testcase classname="com.rivio.tests.TC02_RolesPermissionsTest" name="tc_role_006_getPermissionsForRole" time="5.0"/>
  <testcase classname="com.rivio.tests.TC02_RolesPermissionsTest" name="tc_role_007_bindPermissionsToRole" time="3.648"/>
</testsuite> <!-- TC02 - Roles and Permissions -->
