<?xml version="1.0" encoding="UTF-8"?>
<!-- Generated by org.testng.reporters.JUnitXMLReporter -->
<testsuite ignored="0" hostname="LTIN719609" failures="3" tests="8" name="TC04 - Employee Management" time="34.485" errors="0" timestamp="2026-05-09T20:34:03 IST">
  <testcase classname="com.rivio.tests.TC04_EmployeeTest" name="tc_emp_001_getSeededEmployeeProfile" time="3.865">
    <failure type="java.lang.AssertionError" message="expected [John] but found [Arjun]">
      <![CDATA[java.lang.AssertionError: expected [John] but found [Arjun]
at com.rivio.tests.TC04_EmployeeTest.tc_emp_001_getSeededEmployeeProfile(TC04_EmployeeTest.java:49)
at java.base/java.util.ArrayList.forEach(ArrayList.java:1511)
... Removed 37 stack frames]]>
    </failure>
  </testcase> <!-- tc_emp_001_getSeededEmployeeProfile -->
  <testcase classname="com.rivio.tests.TC04_EmployeeTest" name="tc_emp_002_getSarahProfile" time="4.762">
    <failure type="java.lang.AssertionError" message="expected [Sarah] but found [Priya]">
      <![CDATA[java.lang.AssertionError: expected [Sarah] but found [Priya]
at com.rivio.tests.TC04_EmployeeTest.tc_emp_002_getSarahProfile(TC04_EmployeeTest.java:71)
at java.base/java.util.ArrayList.forEach(ArrayList.java:1511)
... Removed 37 stack frames]]>
    </failure>
  </testcase> <!-- tc_emp_002_getSarahProfile -->
  <testcase classname="com.rivio.tests.TC04_EmployeeTest" name="tc_emp_003_getEmployeeDirectory" time="6.845"/>
  <testcase classname="com.rivio.tests.TC04_EmployeeTest" name="tc_emp_004_searchEmployeeByName" time="1.552">
    <failure type="java.lang.AssertionError" message="Search for &amp;apos;John&amp;apos; should return at least 1 result expected [true] but found [false]">
      <![CDATA[java.lang.AssertionError: Search for 'John' should return at least 1 result expected [true] but found [false]
at com.rivio.tests.TC04_EmployeeTest.tc_emp_004_searchEmployeeByName(TC04_EmployeeTest.java:115)
at java.base/java.util.ArrayList.forEach(ArrayList.java:1511)
... Removed 34 stack frames]]>
    </failure>
  </testcase> <!-- tc_emp_004_searchEmployeeByName -->
  <testcase classname="com.rivio.tests.TC04_EmployeeTest" name="tc_emp_005_eligibleForAttendance" time="1.75"/>
  <testcase classname="com.rivio.tests.TC04_EmployeeTest" name="tc_emp_006_onboardNewEmployee" time="8.116"/>
  <testcase classname="com.rivio.tests.TC04_EmployeeTest" name="tc_emp_007_updateJobDetails" time="3.745"/>
  <testcase classname="com.rivio.tests.TC04_EmployeeTest" name="tc_emp_008_updateBasicInfo" time="3.836"/>
</testsuite> <!-- TC04 - Employee Management -->
