<?xml version="1.0" encoding="UTF-8"?>
<!-- Generated by org.testng.reporters.JUnitXMLReporter -->
<testsuite ignored="0" hostname="LTIN719609" failures="5" tests="10" name="TC07 - Applicant Tracking System" time="29.328" errors="0" timestamp="2026-05-09T20:35:52 IST">
  <testcase classname="com.rivio.tests.TC07_ATSTest" name="tc_ats_001_listAllJobOpenings" time="3.768">
    <failure type="java.lang.AssertionError" message="expected [true] but found [false]">
      <![CDATA[java.lang.AssertionError: expected [true] but found [false]
at com.rivio.tests.TC07_ATSTest.tc_ats_001_listAllJobOpenings(TC07_ATSTest.java:46)
at java.base/java.util.ArrayList.forEach(ArrayList.java:1511)
... Removed 35 stack frames]]>
    </failure>
  </testcase> <!-- tc_ats_001_listAllJobOpenings -->
  <testcase classname="com.rivio.tests.TC07_ATSTest" name="tc_ats_002_getJobOpeningById" time="3.219">
    <failure type="java.lang.AssertionError" message="expected [Lead Backend Engineer] but found [Full Stack AI Engineer]">
      <![CDATA[java.lang.AssertionError: expected [Lead Backend Engineer] but found [Full Stack AI Engineer]
at com.rivio.tests.TC07_ATSTest.tc_ats_002_getJobOpeningById(TC07_ATSTest.java:65)
at java.base/java.util.ArrayList.forEach(ArrayList.java:1511)
... Removed 37 stack frames]]>
    </failure>
  </testcase> <!-- tc_ats_002_getJobOpeningById -->
  <testcase classname="com.rivio.tests.TC07_ATSTest" name="tc_ats_003_createJobOpening" time="2.693"/>
  <testcase classname="com.rivio.tests.TC07_ATSTest" name="tc_ats_004_listCandidatesForSeededJob" time="1.772">
    <failure type="java.lang.AssertionError" message="expected [true] but found [false]">
      <![CDATA[java.lang.AssertionError: expected [true] but found [false]
at com.rivio.tests.TC07_ATSTest.tc_ats_004_listCandidatesForSeededJob(TC07_ATSTest.java:113)
at java.base/java.util.ArrayList.forEach(ArrayList.java:1511)
... Removed 35 stack frames]]>
    </failure>
  </testcase> <!-- tc_ats_004_listCandidatesForSeededJob -->
  <testcase classname="com.rivio.tests.TC07_ATSTest" name="tc_ats_005_getSeededCandidate" time="2.922">
    <failure type="java.lang.AssertionError" message="expected [Charlie Brown] but found [Aliya]">
      <![CDATA[java.lang.AssertionError: expected [Charlie Brown] but found [Aliya]
at com.rivio.tests.TC07_ATSTest.tc_ats_005_getSeededCandidate(TC07_ATSTest.java:133)
at java.base/java.util.ArrayList.forEach(ArrayList.java:1511)
... Removed 37 stack frames]]>
    </failure>
  </testcase> <!-- tc_ats_005_getSeededCandidate -->
  <testcase classname="com.rivio.tests.TC07_ATSTest" name="tc_ats_006_applyCandidate" time="2.697"/>
  <testcase classname="com.rivio.tests.TC07_ATSTest" name="tc_ats_007_filterCandidatesByStage" time="1.586">
    <failure type="java.lang.AssertionError" message="Should find at least Charlie Brown at INTERVIEWING stage expected [false] but found [true]">
      <![CDATA[java.lang.AssertionError: Should find at least Charlie Brown at INTERVIEWING stage expected [false] but found [true]
at com.rivio.tests.TC07_ATSTest.tc_ats_007_filterCandidatesByStage(TC07_ATSTest.java:183)
at java.base/java.util.ArrayList.forEach(ArrayList.java:1511)
... Removed 34 stack frames]]>
    </failure>
  </testcase> <!-- tc_ats_007_filterCandidatesByStage -->
  <testcase classname="com.rivio.tests.TC07_ATSTest" name="tc_ats_008_moveCandidateStage" time="4.268"/>
  <testcase classname="com.rivio.tests.TC07_ATSTest" name="tc_ats_009_closeJobOpening" time="3.967"/>
  <testcase classname="com.rivio.tests.TC07_ATSTest" name="tc_ats_010_deleteJobOpening" time="2.409"/>
</testsuite> <!-- TC07 - Applicant Tracking System -->
