<?xml version="1.0" encoding="UTF-8"?>
<!-- Generated by org.testng.reporters.JUnitXMLReporter -->
<testsuite ignored="0" hostname="LTIN719609" failures="0" tests="10" name="TC08 - Payroll Management" time="39.378" errors="0" timestamp="2026-05-09T21:28:00 IST">
  <testcase classname="com.rivio.tests.TC08_PayrollTest" name="tc_pay_001_getSalaryComponentsJohn" time="1.892"/>
  <testcase classname="com.rivio.tests.TC08_PayrollTest" name="tc_pay_002_getSalaryComponentsBob" time="2.106"/>
  <testcase classname="com.rivio.tests.TC08_PayrollTest" name="tc_pay_003_createSalaryComponent" time="2.798"/>
  <testcase classname="com.rivio.tests.TC08_PayrollTest" name="tc_pay_004_updateSalaryComponent" time="3.44"/>
  <testcase classname="com.rivio.tests.TC08_PayrollTest" name="tc_pay_005_deleteSalaryComponent" time="2.473"/>
  <testcase classname="com.rivio.tests.TC08_PayrollTest" name="tc_pay_006_listPayCycles" time="2.739"/>
  <testcase classname="com.rivio.tests.TC08_PayrollTest" name="tc_pay_007_searchPayCycles" time="1.517"/>
  <testcase classname="com.rivio.tests.TC08_PayrollTest" name="tc_pay_008_createPayCycle" time="2.768"/>
  <testcase classname="com.rivio.tests.TC08_PayrollTest" name="tc_pay_009_getPayslipsForSeededCycle" time="3.071"/>
  <testcase classname="com.rivio.tests.TC08_PayrollTest" name="tc_pay_010_generateAndFinalizePayCycle" time="16.513"/>
</testsuite> <!-- TC08 - Payroll Management -->
