<?xml version="1.0" encoding="UTF-8"?>
<testsuite xmlns:xsi="http://www.w3.org/2001/XMLSchema-instance" xsi:noNamespaceSchemaLocation="https://maven.apache.org/surefire/maven-surefire-plugin/xsd/surefire-test-report-3.0.xsd" version="3.0" name="TestSuite" time="295.325" tests="78" errors="0" skipped="0" failures="16">
  <properties>
[...]
</properties>
  <testcase name="tc_auth_001_loginTokenPresent" classname="com.rivio.tests.TC01_AuthTest" time="9.089">
    <system-out><![CDATA[[ApiConfig] Loaded config.properties
[ApiConfig] Trying: admin@rivio.com / p***d
[ApiConfig] ✅ Login OK  userId=1  empProfileId=1
✅ Token present. userId=1  empProfileId=1
]]></system-out>
    <system-err><![CDATA[SLF4J: Failed to load class "org.slf4j.impl.StaticLoggerBinder".
SLF4J: Defaulting to no-operation (NOP) logger implementation
SLF4J: See http://www.slf4j.org/codes.html#StaticLoggerBinder for further details.
]]></system-err>
  </testcase>
  <testcase name="tc_auth_002_loginLiveCall" classname="com.rivio.tests.TC01_AuthTest" time="6.199">
    <system-out><![CDATA[Request method:	POST
Request URI:	https://riviobackendspringboot-production.up.railway.app/api/auth/login
Proxy:			<none>
Request params:	<none>
Query params:	<none>
Form params:	<none>
Path params:	<none>
Headers:		Accept=application/json, application/javascript, text/javascript, text/json
				Content-Type=application/json
Cookies:		<none>
Multiparts:		<none>
Body:
{
    "password": "password",
    "email": "admin@rivio.com"
}
✅ Live login success. Role: Super Admin
]]></system-out>
  </testcase>
  <testcase name="tc_auth_003_loginAsHrManager" classname="com.rivio.tests.TC01_AuthTest" time="1.969">
    <failure message="Unexpected HTTP status. Body: {&quot;success&quot;:false,&quot;message&quot;:&quot;Invalid email or password&quot;,&quot;timestamp&quot;:&quot;2026-05-09T15:02:00.727755103&quot;} expected [200] but found [401]" type="java.lang.AssertionError"><![CDATA[java.lang.AssertionError: Unexpected HTTP status. Body: {"success":false,"message":"Invalid email or password","timestamp":"2026-05-09T15:02:00.727755103"} expected [200] but found [401]
	at org.testng.Assert.fail(Assert.java:111)
	at org.testng.Assert.failNotEquals(Assert.java:1578)
	at org.testng.Assert.assertEqualsImpl(Assert.java:150)
	at org.testng.Assert.assertEquals(Assert.java:132)
	at org.testng.Assert.assertEquals(Assert.java:1419)
	at org.testng.Assert.assertEquals(Assert.java:1383)
	at com.rivio.utils.AssertionUtils.assertSuccess(AssertionUtils.java:19)
	at com.rivio.utils.AssertionUtils.assertSuccess(AssertionUtils.java:15)
	at com.rivio.tests.TC01_AuthTest.tc_auth_003_loginAsHrManager(TC01_AuthTest.java:81)
	at java.base/jdk.internal.reflect.NativeMethodAccessorImpl.invoke0(Native Method)
	at java.base/jdk.internal.reflect.NativeMethodAccessorImpl.invoke(NativeMethodAccessorImpl.java:77)
	at java.base/jdk.internal.reflect.DelegatingMethodAccessorImpl.invoke(DelegatingMethodAccessorImpl.java:43)
	at java.base/java.lang.reflect.Method.invoke(Method.java:568)
	at org.testng.internal.invokers.MethodInvocationHelper.invokeMethod(MethodInvocationHelper.java:139)
	at org.testng.internal.invokers.TestInvoker.invokeMethod(TestInvoker.java:664)
	at org.testng.internal.invokers.TestInvoker.invokeTestMethod(TestInvoker.java:228)
	at org.testng.internal.invokers.MethodRunner.runInSequence(MethodRunner.java:63)
	at org.testng.internal.invokers.TestInvoker$MethodInvocationAgent.invoke(TestInvoker.java:961)
	at org.testng.internal.invokers.TestInvoker.invokeTestMethods(TestInvoker.java:201)
	at org.testng.internal.invokers.TestMethodWorker.invokeTestMethods(TestMethodWorker.java:148)
	at org.testng.internal.invokers.TestMethodWorker.run(TestMethodWorker.java:128)
	at java.base/java.util.ArrayList.forEach(ArrayList.java:1511)
	at org.testng.TestRunner.privateRun(TestRunner.java:819)
	at org.testng.TestRunner.run(TestRunner.java:619)
	at org.testng.SuiteRunner.runTest(SuiteRunner.java:443)
	at org.testng.SuiteRunner.runSequentially(SuiteRunner.java:437)
	at org.testng.SuiteRunner.privateRun(SuiteRunner.java:397)
	at org.testng.SuiteRunner.run(SuiteRunner.java:336)
	at org.testng.SuiteRunnerWorker.runSuite(SuiteRunnerWorker.java:52)
	at org.testng.SuiteRunnerWorker.run(SuiteRunnerWorker.java:95)
	at org.testng.TestNG.runSuitesSequentially(TestNG.java:1301)
	at org.testng.TestNG.runSuitesLocally(TestNG.java:1228)
	at org.testng.TestNG.runSuites(TestNG.java:1134)
	at org.testng.TestNG.run(TestNG.java:1101)
	at org.apache.maven.surefire.testng.TestNGExecutor.run(TestNGExecutor.java:308)
	at org.apache.maven.surefire.testng.TestNGXmlTestSuite.execute(TestNGXmlTestSuite.java:71)
	at org.apache.maven.surefire.testng.TestNGProvider.invoke(TestNGProvider.java:113)
	at org.apache.maven.surefire.booter.ForkedBooter.runSuitesInProcess(ForkedBooter.java:385)
	at org.apache.maven.surefire.booter.ForkedBooter.execute(ForkedBooter.java:162)
	at org.apache.maven.surefire.booter.ForkedBooter.run(ForkedBooter.java:507)
	at org.apache.maven.surefire.booter.ForkedBooter.main(ForkedBooter.java:495)
]]></failure>
    <system-out><![CDATA[Request method:	POST
Request URI:	https://riviobackendspringboot-production.up.railway.app/api/auth/login
Proxy:			<none>
Request params:	<none>
Query params:	<none>
Form params:	<none>
Path params:	<none>
Headers:		Accept=application/json, application/javascript, text/javascript, text/json
				Content-Type=application/json
Cookies:		<none>
Multiparts:		<none>
Body:
{
    "password": "password",
    "email": "sarah.hr@rivio.com"
}
]]></system-out>
  </testcase>
  <testcase name="tc_auth_004_loginInvalidCredentials" classname="com.rivio.tests.TC01_AuthTest" time="1.971">
    <system-out><![CDATA[Request method:	POST
Request URI:	https://riviobackendspringboot-production.up.railway.app/api/auth/login
Proxy:			<none>
Request params:	<none>
Query params:	<none>
Form params:	<none>
Path params:	<none>
Headers:		Accept=application/json, application/javascript, text/javascript, text/json
				Content-Type=application/json
Cookies:		<none>
Multiparts:		<none>
Body:
{
    "password": "WrongPassword999",
    "email": "admin@rivio.com"
}
✅ Invalid login rejected with HTTP 401
]]></system-out>
  </testcase>
  <testcase name="tc_auth_005_createUser" classname="com.rivio.tests.TC01_AuthTest" time="3.981">
    <system-out><![CDATA[Request method:	POST
Request URI:	https://riviobackendspringboot-production.up.railway.app/api/users
Proxy:			<none>
Request params:	<none>
Query params:	<none>
Form params:	<none>
Path params:	<none>
Headers:		Accept=application/json, application/javascript, text/javascript, text/json
				Authorization=Bearer eyJhbGciOiJIUzI1NiJ9.eyJzdWIiOiJhZG1pbkByaXZpby5jb20iLCJ1c2VySWQiOjEsInJvbGUiOiJTdXBlciBBZG1pbiIsInBlcm1pc3Npb25zIjpbIk1BTkFHRV9TWVNURU1fU0VUVElOR1MiLCJBRERfRU1QTE9ZRUUiLCJFRElUX0VNUExPWUVFIiwiQVBQUk9WRV9MRUFWRV9BTEwiLCJBUFBST1ZFX0xFQVZFX1RFQU0iLCJSVU5fUEFZUk9MTCIsIlZJRVdfQUxMX1BBWVNMSVBTIiwiRURJVF9BVFRFTkRBTkNFX0FMTCIsIlZJRVdfT1dOX1BST0ZJTEUiXSwiaWF0IjoxNzc4MzM4OTEwLCJleHAiOjE3Nzg0MjUzMTB9.N9ACWxPCPXMINcotDZG_m6RG5OqI900zgWhLh0Taa5c
				Content-Type=application/json
Cookies:		<none>
Multiparts:		<none>
Body:
{
    "password": "TestPass123!",
    "roleId": 4,
    "email": "newuser_auto@rivio.com"
}
✅ User created, ID: 16
]]></system-out>
  </testcase>
  <testcase name="tc_auth_006_getAllUsers" classname="com.rivio.tests.TC01_AuthTest" time="4.284">
    <system-out><![CDATA[Request method:	GET
Request URI:	https://riviobackendspringboot-production.up.railway.app/api/users?page=0&size=10
Proxy:			<none>
Request params:	<none>
Query params:	page=0
				size=10
Form params:	<none>
Path params:	<none>
Headers:		Accept=application/json, application/javascript, text/javascript, text/json
				Authorization=Bearer eyJhbGciOiJIUzI1NiJ9.eyJzdWIiOiJhZG1pbkByaXZpby5jb20iLCJ1c2VySWQiOjEsInJvbGUiOiJTdXBlciBBZG1pbiIsInBlcm1pc3Npb25zIjpbIk1BTkFHRV9TWVNURU1fU0VUVElOR1MiLCJBRERfRU1QTE9ZRUUiLCJFRElUX0VNUExPWUVFIiwiQVBQUk9WRV9MRUFWRV9BTEwiLCJBUFBST1ZFX0xFQVZFX1RFQU0iLCJSVU5fUEFZUk9MTCIsIlZJRVdfQUxMX1BBWVNMSVBTIiwiRURJVF9BVFRFTkRBTkNFX0FMTCIsIlZJRVdfT1dOX1BST0ZJTEUiXSwiaWF0IjoxNzc4MzM4OTEwLCJleHAiOjE3Nzg0MjUzMTB9.N9ACWxPCPXMINcotDZG_m6RG5OqI900zgWhLh0Taa5c
				Content-Type=application/json
Cookies:		<none>
Multiparts:		<none>
Body:			<none>
✅ Users listed. Total: 14
]]></system-out>
  </testcase>
  <testcase name="tc_auth_007_resetPassword" classname="com.rivio.tests.TC01_AuthTest" time="4.195">
    <system-out><![CDATA[Request method:	POST
Request URI:	https://riviobackendspringboot-production.up.railway.app/api/users/16/reset-password
Proxy:			<none>
Request params:	<none>
Query params:	<none>
Form params:	<none>
Path params:	<none>
Headers:		Accept=application/json, application/javascript, text/javascript, text/json
				Authorization=Bearer eyJhbGciOiJIUzI1NiJ9.eyJzdWIiOiJhZG1pbkByaXZpby5jb20iLCJ1c2VySWQiOjEsInJvbGUiOiJTdXBlciBBZG1pbiIsInBlcm1pc3Npb25zIjpbIk1BTkFHRV9TWVNURU1fU0VUVElOR1MiLCJBRERfRU1QTE9ZRUUiLCJFRElUX0VNUExPWUVFIiwiQVBQUk9WRV9MRUFWRV9BTEwiLCJBUFBST1ZFX0xFQVZFX1RFQU0iLCJSVU5fUEFZUk9MTCIsIlZJRVdfQUxMX1BBWVNMSVBTIiwiRURJVF9BVFRFTkRBTkNFX0FMTCIsIlZJRVdfT1dOX1BST0ZJTEUiXSwiaWF0IjoxNzc4MzM4OTEwLCJleHAiOjE3Nzg0MjUzMTB9.N9ACWxPCPXMINcotDZG_m6RG5OqI900zgWhLh0Taa5c
				Content-Type=application/json
Cookies:		<none>
Multiparts:		<none>
Body:
{
    "newPassword": "NewSecurePass123!"
}
✅ Password reset for userId: 16
]]></system-out>
  </testcase>
  <testcase name="tc_auth_008_deleteUser" classname="com.rivio.tests.TC01_AuthTest" time="3.344">
    <system-out><![CDATA[Request method:	DELETE
Request URI:	https://riviobackendspringboot-production.up.railway.app/api/users/16
Proxy:			<none>
Request params:	<none>
Query params:	<none>
Form params:	<none>
Path params:	<none>
Headers:		Accept=application/json, application/javascript, text/javascript, text/json
				Authorization=Bearer eyJhbGciOiJIUzI1NiJ9.eyJzdWIiOiJhZG1pbkByaXZpby5jb20iLCJ1c2VySWQiOjEsInJvbGUiOiJTdXBlciBBZG1pbiIsInBlcm1pc3Npb25zIjpbIk1BTkFHRV9TWVNURU1fU0VUVElOR1MiLCJBRERfRU1QTE9ZRUUiLCJFRElUX0VNUExPWUVFIiwiQVBQUk9WRV9MRUFWRV9BTEwiLCJBUFBST1ZFX0xFQVZFX1RFQU0iLCJSVU5fUEFZUk9MTCIsIlZJRVdfQUxMX1BBWVNMSVBTIiwiRURJVF9BVFRFTkRBTkNFX0FMTCIsIlZJRVdfT1dOX1BST0ZJTEUiXSwiaWF0IjoxNzc4MzM4OTEwLCJleHAiOjE3Nzg0MjUzMTB9.N9ACWxPCPXMINcotDZG_m6RG5OqI900zgWhLh0Taa5c
				Content-Type=application/json
Cookies:		<none>
Multiparts:		<none>
Body:			<none>
✅ User deleted, ID: 16
]]></system-out>
  </testcase>
  <testcase name="tc_role_001_getAllPermissions" classname="com.rivio.tests.TC02_RolesPermissionsTest" time="2.896">
    <system-out><![CDATA[Request method:	GET
Request URI:	https://riviobackendspringboot-production.up.railway.app/api/permissions
Proxy:			<none>
Request params:	<none>
Query params:	<none>
Form params:	<none>
Path params:	<none>
Headers:		Accept=application/json, application/javascript, text/javascript, text/json
				Authorization=Bearer eyJhbGciOiJIUzI1NiJ9.eyJzdWIiOiJhZG1pbkByaXZpby5jb20iLCJ1c2VySWQiOjEsInJvbGUiOiJTdXBlciBBZG1pbiIsInBlcm1pc3Npb25zIjpbIk1BTkFHRV9TWVNURU1fU0VUVElOR1MiLCJBRERfRU1QTE9ZRUUiLCJFRElUX0VNUExPWUVFIiwiQVBQUk9WRV9MRUFWRV9BTEwiLCJBUFBST1ZFX0xFQVZFX1RFQU0iLCJSVU5fUEFZUk9MTCIsIlZJRVdfQUxMX1BBWVNMSVBTIiwiRURJVF9BVFRFTkRBTkNFX0FMTCIsIlZJRVdfT1dOX1BST0ZJTEUiXSwiaWF0IjoxNzc4MzM4OTEwLCJleHAiOjE3Nzg0MjUzMTB9.N9ACWxPCPXMINcotDZG_m6RG5OqI900zgWhLh0Taa5c
				Content-Type=application/json
Cookies:		<none>
Multiparts:		<none>
Body:			<none>
✅ Permissions fetched. Count: 9
]]></system-out>
  </testcase>
  <testcase name="tc_role_002_getAllRoles" classname="com.rivio.tests.TC02_RolesPermissionsTest" time="2.801">
    <system-out><![CDATA[Request method:	GET
Request URI:	https://riviobackendspringboot-production.up.railway.app/api/roles
Proxy:			<none>
Request params:	<none>
Query params:	<none>
Form params:	<none>
Path params:	<none>
Headers:		Accept=application/json, application/javascript, text/javascript, text/json
				Authorization=Bearer eyJhbGciOiJIUzI1NiJ9.eyJzdWIiOiJhZG1pbkByaXZpby5jb20iLCJ1c2VySWQiOjEsInJvbGUiOiJTdXBlciBBZG1pbiIsInBlcm1pc3Npb25zIjpbIk1BTkFHRV9TWVNURU1fU0VUVElOR1MiLCJBRERfRU1QTE9ZRUUiLCJFRElUX0VNUExPWUVFIiwiQVBQUk9WRV9MRUFWRV9BTEwiLCJBUFBST1ZFX0xFQVZFX1RFQU0iLCJSVU5fUEFZUk9MTCIsIlZJRVdfQUxMX1BBWVNMSVBTIiwiRURJVF9BVFRFTkRBTkNFX0FMTCIsIlZJRVdfT1dOX1BST0ZJTEUiXSwiaWF0IjoxNzc4MzM4OTEwLCJleHAiOjE3Nzg0MjUzMTB9.N9ACWxPCPXMINcotDZG_m6RG5OqI900zgWhLh0Taa5c
				Content-Type=application/json
Cookies:		<none>
Multiparts:		<none>
Body:			<none>
✅ Roles fetched. Count: 9
]]></system-out>
  </testcase>
  <testcase name="tc_role_003_getRoleById" classname="com.rivio.tests.TC02_RolesPermissionsTest" time="2.958">
    <system-out><![CDATA[Request method:	GET
Request URI:	https://riviobackendspringboot-production.up.railway.app/api/roles/1
Proxy:			<none>
Request params:	<none>
Query params:	<none>
Form params:	<none>
Path params:	<none>
Headers:		Accept=application/json, application/javascript, text/javascript, text/json
				Authorization=Bearer eyJhbGciOiJIUzI1NiJ9.eyJzdWIiOiJhZG1pbkByaXZpby5jb20iLCJ1c2VySWQiOjEsInJvbGUiOiJTdXBlciBBZG1pbiIsInBlcm1pc3Npb25zIjpbIk1BTkFHRV9TWVNURU1fU0VUVElOR1MiLCJBRERfRU1QTE9ZRUUiLCJFRElUX0VNUExPWUVFIiwiQVBQUk9WRV9MRUFWRV9BTEwiLCJBUFBST1ZFX0xFQVZFX1RFQU0iLCJSVU5fUEFZUk9MTCIsIlZJRVdfQUxMX1BBWVNMSVBTIiwiRURJVF9BVFRFTkRBTkNFX0FMTCIsIlZJRVdfT1dOX1BST0ZJTEUiXSwiaWF0IjoxNzc4MzM4OTEwLCJleHAiOjE3Nzg0MjUzMTB9.N9ACWxPCPXMINcotDZG_m6RG5OqI900zgWhLh0Taa5c
				Content-Type=application/json
Cookies:		<none>
Multiparts:		<none>
Body:			<none>
✅ Role by ID retrieved: Super Admin
]]></system-out>
  </testcase>
  <testcase name="tc_role_004_createRole" classname="com.rivio.tests.TC02_RolesPermissionsTest" time="2.536">
    <system-out><![CDATA[Request method:	POST
Request URI:	https://riviobackendspringboot-production.up.railway.app/api/roles
Proxy:			<none>
Request params:	<none>
Query params:	<none>
Form params:	<none>
Path params:	<none>
Headers:		Accept=application/json, application/javascript, text/javascript, text/json
				Authorization=Bearer eyJhbGciOiJIUzI1NiJ9.eyJzdWIiOiJhZG1pbkByaXZpby5jb20iLCJ1c2VySWQiOjEsInJvbGUiOiJTdXBlciBBZG1pbiIsInBlcm1pc3Npb25zIjpbIk1BTkFHRV9TWVNURU1fU0VUVElOR1MiLCJBRERfRU1QTE9ZRUUiLCJFRElUX0VNUExPWUVFIiwiQVBQUk9WRV9MRUFWRV9BTEwiLCJBUFBST1ZFX0xFQVZFX1RFQU0iLCJSVU5fUEFZUk9MTCIsIlZJRVdfQUxMX1BBWVNMSVBTIiwiRURJVF9BVFRFTkRBTkNFX0FMTCIsIlZJRVdfT1dOX1BST0ZJTEUiXSwiaWF0IjoxNzc4MzM4OTEwLCJleHAiOjE3Nzg0MjUzMTB9.N9ACWxPCPXMINcotDZG_m6RG5OqI900zgWhLh0Taa5c
				Content-Type=application/json
Cookies:		<none>
Multiparts:		<none>
Body:
{
    "name": "Automation QA Lead 1778338947301"
}
✅ Role created, ID: 10
]]></system-out>
  </testcase>
  <testcase name="tc_role_005_updateRole" classname="com.rivio.tests.TC02_RolesPermissionsTest" time="3.959">
    <system-out><![CDATA[Request method:	PUT
Request URI:	https://riviobackendspringboot-production.up.railway.app/api/roles/10
Proxy:			<none>
Request params:	<none>
Query params:	<none>
Form params:	<none>
Path params:	<none>
Headers:		Accept=application/json, application/javascript, text/javascript, text/json
				Authorization=Bearer eyJhbGciOiJIUzI1NiJ9.eyJzdWIiOiJhZG1pbkByaXZpby5jb20iLCJ1c2VySWQiOjEsInJvbGUiOiJTdXBlciBBZG1pbiIsInBlcm1pc3Npb25zIjpbIk1BTkFHRV9TWVNURU1fU0VUVElOR1MiLCJBRERfRU1QTE9ZRUUiLCJFRElUX0VNUExPWUVFIiwiQVBQUk9WRV9MRUFWRV9BTEwiLCJBUFBST1ZFX0xFQVZFX1RFQU0iLCJSVU5fUEFZUk9MTCIsIlZJRVdfQUxMX1BBWVNMSVBTIiwiRURJVF9BVFRFTkRBTkNFX0FMTCIsIlZJRVdfT1dOX1BST0ZJTEUiXSwiaWF0IjoxNzc4MzM4OTEwLCJleHAiOjE3Nzg0MjUzMTB9.N9ACWxPCPXMINcotDZG_m6RG5OqI900zgWhLh0Taa5c
				Content-Type=application/json
Cookies:		<none>
Multiparts:		<none>
Body:
{
    "name": "Automation QA Lead Updated 1778338947301"
}
✅ Role updated: 10
]]></system-out>
  </testcase>
  <testcase name="tc_role_006_getPermissionsForRole" classname="com.rivio.tests.TC02_RolesPermissionsTest" time="5.002">
    <system-out><![CDATA[Request method:	GET
Request URI:	https://riviobackendspringboot-production.up.railway.app/api/roles/2/permissions
Proxy:			<none>
Request params:	<none>
Query params:	<none>
Form params:	<none>
Path params:	<none>
Headers:		Accept=application/json, application/javascript, text/javascript, text/json
				Authorization=Bearer eyJhbGciOiJIUzI1NiJ9.eyJzdWIiOiJhZG1pbkByaXZpby5jb20iLCJ1c2VySWQiOjEsInJvbGUiOiJTdXBlciBBZG1pbiIsInBlcm1pc3Npb25zIjpbIk1BTkFHRV9TWVNURU1fU0VUVElOR1MiLCJBRERfRU1QTE9ZRUUiLCJFRElUX0VNUExPWUVFIiwiQVBQUk9WRV9MRUFWRV9BTEwiLCJBUFBST1ZFX0xFQVZFX1RFQU0iLCJSVU5fUEFZUk9MTCIsIlZJRVdfQUxMX1BBWVNMSVBTIiwiRURJVF9BVFRFTkRBTkNFX0FMTCIsIlZJRVdfT1dOX1BST0ZJTEUiXSwiaWF0IjoxNzc4MzM4OTEwLCJleHAiOjE3Nzg0MjUzMTB9.N9ACWxPCPXMINcotDZG_m6RG5OqI900zgWhLh0Taa5c
				Content-Type=application/json
Cookies:		<none>
Multiparts:		<none>
Body:			<none>
✅ HR Manager permissions count: 5
]]></system-out>
  </testcase>
  <testcase name="tc_role_007_bindPermissionsToRole" classname="com.rivio.tests.TC02_RolesPermissionsTest" time="3.649">
    <system-out><![CDATA[Request method:	POST
Request URI:	https://riviobackendspringboot-production.up.railway.app/api/roles/10/permissions
Proxy:			<none>
Request params:	<none>
Query params:	<none>
Form params:	<none>
Path params:	<none>
Headers:		Accept=application/json, application/javascript, text/javascript, text/json
				Authorization=Bearer eyJhbGciOiJIUzI1NiJ9.eyJzdWIiOiJhZG1pbkByaXZpby5jb20iLCJ1c2VySWQiOjEsInJvbGUiOiJTdXBlciBBZG1pbiIsInBlcm1pc3Npb25zIjpbIk1BTkFHRV9TWVNURU1fU0VUVElOR1MiLCJBRERfRU1QTE9ZRUUiLCJFRElUX0VNUExPWUVFIiwiQVBQUk9WRV9MRUFWRV9BTEwiLCJBUFBST1ZFX0xFQVZFX1RFQU0iLCJSVU5fUEFZUk9MTCIsIlZJRVdfQUxMX1BBWVNMSVBTIiwiRURJVF9BVFRFTkRBTkNFX0FMTCIsIlZJRVdfT1dOX1BST0ZJTEUiXSwiaWF0IjoxNzc4MzM4OTEwLCJleHAiOjE3Nzg0MjUzMTB9.N9ACWxPCPXMINcotDZG_m6RG5OqI900zgWhLh0Taa5c
				Content-Type=application/json
Cookies:		<none>
Multiparts:		<none>
Body:
[
    2,
    5
]
✅ Permissions [2,5] bound to role: 10
]]></system-out>
  </testcase>
  <testcase name="tc_cs_001_getAllLocations" classname="com.rivio.tests.TC03_CompanyStructureTest" time="2.753">
    <failure message="Bengaluru HQ should be in locations expected [true] but found [false]" type="java.lang.AssertionError"><![CDATA[java.lang.AssertionError: Bengaluru HQ should be in locations expected [true] but found [false]
	at org.testng.Assert.fail(Assert.java:111)
	at org.testng.Assert.failNotEquals(Assert.java:1578)
	at org.testng.Assert.assertTrue(Assert.java:57)
	at com.rivio.tests.TC03_CompanyStructureTest.tc_cs_001_getAllLocations(TC03_CompanyStructureTest.java:47)
	at java.base/jdk.internal.reflect.NativeMethodAccessorImpl.invoke0(Native Method)
	at java.base/jdk.internal.reflect.NativeMethodAccessorImpl.invoke(NativeMethodAccessorImpl.java:77)
	at java.base/jdk.internal.reflect.DelegatingMethodAccessorImpl.invoke(DelegatingMethodAccessorImpl.java:43)
	at java.base/java.lang.reflect.Method.invoke(Method.java:568)
	at org.testng.internal.invokers.MethodInvocationHelper.invokeMethod(MethodInvocationHelper.java:139)
	at org.testng.internal.invokers.TestInvoker.invokeMethod(TestInvoker.java:664)
	at org.testng.internal.invokers.TestInvoker.invokeTestMethod(TestInvoker.java:228)
	at org.testng.internal.invokers.MethodRunner.runInSequence(MethodRunner.java:63)
	at org.testng.internal.invokers.TestInvoker$MethodInvocationAgent.invoke(TestInvoker.java:961)
	at org.testng.internal.invokers.TestInvoker.invokeTestMethods(TestInvoker.java:201)
	at org.testng.internal.invokers.TestMethodWorker.invokeTestMethods(TestMethodWorker.java:148)
	at org.testng.internal.invokers.TestMethodWorker.run(TestMethodWorker.java:128)
	at java.base/java.util.ArrayList.forEach(ArrayList.java:1511)
	at org.testng.TestRunner.privateRun(TestRunner.java:819)
	at org.testng.TestRunner.run(TestRunner.java:619)
	at org.testng.SuiteRunner.runTest(SuiteRunner.java:443)
	at org.testng.SuiteRunner.runSequentially(SuiteRunner.java:437)
	at org.testng.SuiteRunner.privateRun(SuiteRunner.java:397)
	at org.testng.SuiteRunner.run(SuiteRunner.java:336)
	at org.testng.SuiteRunnerWorker.runSuite(SuiteRunnerWorker.java:52)
	at org.testng.SuiteRunnerWorker.run(SuiteRunnerWorker.java:95)
	at org.testng.TestNG.runSuitesSequentially(TestNG.java:1301)
	at org.testng.TestNG.runSuitesLocally(TestNG.java:1228)
	at org.testng.TestNG.runSuites(TestNG.java:1134)
	at org.testng.TestNG.run(TestNG.java:1101)
	at org.apache.maven.surefire.testng.TestNGExecutor.run(TestNGExecutor.java:308)
	at org.apache.maven.surefire.testng.TestNGXmlTestSuite.execute(TestNGXmlTestSuite.java:71)
	at org.apache.maven.surefire.testng.TestNGProvider.invoke(TestNGProvider.java:113)
	at org.apache.maven.surefire.booter.ForkedBooter.runSuitesInProcess(ForkedBooter.java:385)
	at org.apache.maven.surefire.booter.ForkedBooter.execute(ForkedBooter.java:162)
	at org.apache.maven.surefire.booter.ForkedBooter.run(ForkedBooter.java:507)
	at org.apache.maven.surefire.booter.ForkedBooter.main(ForkedBooter.java:495)
]]></failure>
    <system-out><![CDATA[Request method:	GET
Request URI:	https://riviobackendspringboot-production.up.railway.app/api/locations
Proxy:			<none>
Request params:	<none>
Query params:	<none>
Form params:	<none>
Path params:	<none>
Headers:		Accept=application/json, application/javascript, text/javascript, text/json
				Authorization=Bearer eyJhbGciOiJIUzI1NiJ9.eyJzdWIiOiJhZG1pbkByaXZpby5jb20iLCJ1c2VySWQiOjEsInJvbGUiOiJTdXBlciBBZG1pbiIsInBlcm1pc3Npb25zIjpbIk1BTkFHRV9TWVNURU1fU0VUVElOR1MiLCJBRERfRU1QTE9ZRUUiLCJFRElUX0VNUExPWUVFIiwiQVBQUk9WRV9MRUFWRV9BTEwiLCJBUFBST1ZFX0xFQVZFX1RFQU0iLCJSVU5fUEFZUk9MTCIsIlZJRVdfQUxMX1BBWVNMSVBTIiwiRURJVF9BVFRFTkRBTkNFX0FMTCIsIlZJRVdfT1dOX1BST0ZJTEUiXSwiaWF0IjoxNzc4MzM4OTEwLCJleHAiOjE3Nzg0MjUzMTB9.N9ACWxPCPXMINcotDZG_m6RG5OqI900zgWhLh0Taa5c
				Content-Type=application/json
Cookies:		<none>
Multiparts:		<none>
Body:			<none>
]]></system-out>
  </testcase>
  <testcase name="tc_cs_002_createLocation" classname="com.rivio.tests.TC03_CompanyStructureTest" time="2.343">
    <system-out><![CDATA[Request method:	POST
Request URI:	https://riviobackendspringboot-production.up.railway.app/api/locations
Proxy:			<none>
Request params:	<none>
Query params:	<none>
Form params:	<none>
Path params:	<none>
Headers:		Accept=application/json, application/javascript, text/javascript, text/json
				Authorization=Bearer eyJhbGciOiJIUzI1NiJ9.eyJzdWIiOiJhZG1pbkByaXZpby5jb20iLCJ1c2VySWQiOjEsInJvbGUiOiJTdXBlciBBZG1pbiIsInBlcm1pc3Npb25zIjpbIk1BTkFHRV9TWVNURU1fU0VUVElOR1MiLCJBRERfRU1QTE9ZRUUiLCJFRElUX0VNUExPWUVFIiwiQVBQUk9WRV9MRUFWRV9BTEwiLCJBUFBST1ZFX0xFQVZFX1RFQU0iLCJSVU5fUEFZUk9MTCIsIlZJRVdfQUxMX1BBWVNMSVBTIiwiRURJVF9BVFRFTkRBTkNFX0FMTCIsIlZJRVdfT1dOX1BST0ZJTEUiXSwiaWF0IjoxNzc4MzM4OTEwLCJleHAiOjE3Nzg0MjUzMTB9.N9ACWxPCPXMINcotDZG_m6RG5OqI900zgWhLh0Taa5c
				Content-Type=application/json
Cookies:		<none>
Multiparts:		<none>
Body:
{
    "timezone": "Asia/Kolkata",
    "name": "Chennai Office",
    "currencyCode": "INR"
}
✅ Location created, ID: 6
]]></system-out>
  </testcase>
  <testcase name="tc_cs_003_updateLocation" classname="com.rivio.tests.TC03_CompanyStructureTest" time="3.84">
    <system-out><![CDATA[Request method:	PUT
Request URI:	https://riviobackendspringboot-production.up.railway.app/api/locations/6
Proxy:			<none>
Request params:	<none>
Query params:	<none>
Form params:	<none>
Path params:	<none>
Headers:		Accept=application/json, application/javascript, text/javascript, text/json
				Authorization=Bearer eyJhbGciOiJIUzI1NiJ9.eyJzdWIiOiJhZG1pbkByaXZpby5jb20iLCJ1c2VySWQiOjEsInJvbGUiOiJTdXBlciBBZG1pbiIsInBlcm1pc3Npb25zIjpbIk1BTkFHRV9TWVNURU1fU0VUVElOR1MiLCJBRERfRU1QTE9ZRUUiLCJFRElUX0VNUExPWUVFIiwiQVBQUk9WRV9MRUFWRV9BTEwiLCJBUFBST1ZFX0xFQVZFX1RFQU0iLCJSVU5fUEFZUk9MTCIsIlZJRVdfQUxMX1BBWVNMSVBTIiwiRURJVF9BVFRFTkRBTkNFX0FMTCIsIlZJRVdfT1dOX1BST0ZJTEUiXSwiaWF0IjoxNzc4MzM4OTEwLCJleHAiOjE3Nzg0MjUzMTB9.N9ACWxPCPXMINcotDZG_m6RG5OqI900zgWhLh0Taa5c
				Content-Type=application/json
Cookies:		<none>
Multiparts:		<none>
Body:
{
    "timezone": "Asia/Kolkata",
    "name": "Pune Office",
    "currencyCode": "INR"
}
✅ Location updated: 6
]]></system-out>
  </testcase>
  <testcase name="tc_cs_004_getAllDepartments" classname="com.rivio.tests.TC03_CompanyStructureTest" time="4.364">
    <system-out><![CDATA[Request method:	GET
Request URI:	https://riviobackendspringboot-production.up.railway.app/api/departments
Proxy:			<none>
Request params:	<none>
Query params:	<none>
Form params:	<none>
Path params:	<none>
Headers:		Accept=application/json, application/javascript, text/javascript, text/json
				Authorization=Bearer eyJhbGciOiJIUzI1NiJ9.eyJzdWIiOiJhZG1pbkByaXZpby5jb20iLCJ1c2VySWQiOjEsInJvbGUiOiJTdXBlciBBZG1pbiIsInBlcm1pc3Npb25zIjpbIk1BTkFHRV9TWVNURU1fU0VUVElOR1MiLCJBRERfRU1QTE9ZRUUiLCJFRElUX0VNUExPWUVFIiwiQVBQUk9WRV9MRUFWRV9BTEwiLCJBUFBST1ZFX0xFQVZFX1RFQU0iLCJSVU5fUEFZUk9MTCIsIlZJRVdfQUxMX1BBWVNMSVBTIiwiRURJVF9BVFRFTkRBTkNFX0FMTCIsIlZJRVdfT1dOX1BST0ZJTEUiXSwiaWF0IjoxNzc4MzM4OTEwLCJleHAiOjE3Nzg0MjUzMTB9.N9ACWxPCPXMINcotDZG_m6RG5OqI900zgWhLh0Taa5c
				Content-Type=application/json
Cookies:		<none>
Multiparts:		<none>
Body:			<none>
✅ Departments: 5
]]></system-out>
  </testcase>
  <testcase name="tc_cs_005_createDepartment" classname="com.rivio.tests.TC03_CompanyStructureTest" time="3.983">
    <system-out><![CDATA[Request method:	POST
Request URI:	https://riviobackendspringboot-production.up.railway.app/api/departments
Proxy:			<none>
Request params:	<none>
Query params:	<none>
Form params:	<none>
Path params:	<none>
Headers:		Accept=application/json, application/javascript, text/javascript, text/json
				Authorization=Bearer eyJhbGciOiJIUzI1NiJ9.eyJzdWIiOiJhZG1pbkByaXZpby5jb20iLCJ1c2VySWQiOjEsInJvbGUiOiJTdXBlciBBZG1pbiIsInBlcm1pc3Npb25zIjpbIk1BTkFHRV9TWVNURU1fU0VUVElOR1MiLCJBRERfRU1QTE9ZRUUiLCJFRElUX0VNUExPWUVFIiwiQVBQUk9WRV9MRUFWRV9BTEwiLCJBUFBST1ZFX0xFQVZFX1RFQU0iLCJSVU5fUEFZUk9MTCIsIlZJRVdfQUxMX1BBWVNMSVBTIiwiRURJVF9BVFRFTkRBTkNFX0FMTCIsIlZJRVdfT1dOX1BST0ZJTEUiXSwiaWF0IjoxNzc4MzM4OTEwLCJleHAiOjE3Nzg0MjUzMTB9.N9ACWxPCPXMINcotDZG_m6RG5OqI900zgWhLh0Taa5c
				Content-Type=application/json
Cookies:		<none>
Multiparts:		<none>
Body:
{
    "managerUserId": 1,
    "name": "Quality Assurance"
}
✅ Department created, ID: 8
]]></system-out>
  </testcase>
  <testcase name="tc_cs_006_updateDepartment" classname="com.rivio.tests.TC03_CompanyStructureTest" time="2.935">
    <system-out><![CDATA[Request method:	PUT
Request URI:	https://riviobackendspringboot-production.up.railway.app/api/departments/8
Proxy:			<none>
Request params:	<none>
Query params:	<none>
Form params:	<none>
Path params:	<none>
Headers:		Accept=application/json, application/javascript, text/javascript, text/json
				Authorization=Bearer eyJhbGciOiJIUzI1NiJ9.eyJzdWIiOiJhZG1pbkByaXZpby5jb20iLCJ1c2VySWQiOjEsInJvbGUiOiJTdXBlciBBZG1pbiIsInBlcm1pc3Npb25zIjpbIk1BTkFHRV9TWVNURU1fU0VUVElOR1MiLCJBRERfRU1QTE9ZRUUiLCJFRElUX0VNUExPWUVFIiwiQVBQUk9WRV9MRUFWRV9BTEwiLCJBUFBST1ZFX0xFQVZFX1RFQU0iLCJSVU5fUEFZUk9MTCIsIlZJRVdfQUxMX1BBWVNMSVBTIiwiRURJVF9BVFRFTkRBTkNFX0FMTCIsIlZJRVdfT1dOX1BST0ZJTEUiXSwiaWF0IjoxNzc4MzM4OTEwLCJleHAiOjE3Nzg0MjUzMTB9.N9ACWxPCPXMINcotDZG_m6RG5OqI900zgWhLh0Taa5c
				Content-Type=application/json
Cookies:		<none>
Multiparts:		<none>
Body:
{
    "managerUserId": 1,
    "name": "QA & Testing"
}
✅ Department updated: 8
]]></system-out>
  </testcase>
  <testcase name="tc_cs_007_getAllDesignations" classname="com.rivio.tests.TC03_CompanyStructureTest" time="3.798">
    <system-out><![CDATA[Request method:	GET
Request URI:	https://riviobackendspringboot-production.up.railway.app/api/designations
Proxy:			<none>
Request params:	<none>
Query params:	<none>
Form params:	<none>
Path params:	<none>
Headers:		Accept=application/json, application/javascript, text/javascript, text/json
				Authorization=Bearer eyJhbGciOiJIUzI1NiJ9.eyJzdWIiOiJhZG1pbkByaXZpby5jb20iLCJ1c2VySWQiOjEsInJvbGUiOiJTdXBlciBBZG1pbiIsInBlcm1pc3Npb25zIjpbIk1BTkFHRV9TWVNURU1fU0VUVElOR1MiLCJBRERfRU1QTE9ZRUUiLCJFRElUX0VNUExPWUVFIiwiQVBQUk9WRV9MRUFWRV9BTEwiLCJBUFBST1ZFX0xFQVZFX1RFQU0iLCJSVU5fUEFZUk9MTCIsIlZJRVdfQUxMX1BBWVNMSVBTIiwiRURJVF9BVFRFTkRBTkNFX0FMTCIsIlZJRVdfT1dOX1BST0ZJTEUiXSwiaWF0IjoxNzc4MzM4OTEwLCJleHAiOjE3Nzg0MjUzMTB9.N9ACWxPCPXMINcotDZG_m6RG5OqI900zgWhLh0Taa5c
				Content-Type=application/json
Cookies:		<none>
Multiparts:		<none>
Body:			<none>
✅ Designations: 7
]]></system-out>
  </testcase>
  <testcase name="tc_cs_008_getDesignationsByDepartment" classname="com.rivio.tests.TC03_CompanyStructureTest" time="2.81">
    <failure message="Engineering should have at least 3 designations expected [true] but found [false]" type="java.lang.AssertionError"><![CDATA[java.lang.AssertionError: Engineering should have at least 3 designations expected [true] but found [false]
	at org.testng.Assert.fail(Assert.java:111)
	at org.testng.Assert.failNotEquals(Assert.java:1578)
	at org.testng.Assert.assertTrue(Assert.java:57)
	at com.rivio.tests.TC03_CompanyStructureTest.tc_cs_008_getDesignationsByDepartment(TC03_CompanyStructureTest.java:189)
	at java.base/jdk.internal.reflect.NativeMethodAccessorImpl.invoke0(Native Method)
	at java.base/jdk.internal.reflect.NativeMethodAccessorImpl.invoke(NativeMethodAccessorImpl.java:77)
	at java.base/jdk.internal.reflect.DelegatingMethodAccessorImpl.invoke(DelegatingMethodAccessorImpl.java:43)
	at java.base/java.lang.reflect.Method.invoke(Method.java:568)
	at org.testng.internal.invokers.MethodInvocationHelper.invokeMethod(MethodInvocationHelper.java:139)
	at org.testng.internal.invokers.TestInvoker.invokeMethod(TestInvoker.java:664)
	at org.testng.internal.invokers.TestInvoker.invokeTestMethod(TestInvoker.java:228)
	at org.testng.internal.invokers.MethodRunner.runInSequence(MethodRunner.java:63)
	at org.testng.internal.invokers.TestInvoker$MethodInvocationAgent.invoke(TestInvoker.java:961)
	at org.testng.internal.invokers.TestInvoker.invokeTestMethods(TestInvoker.java:201)
	at org.testng.internal.invokers.TestMethodWorker.invokeTestMethods(TestMethodWorker.java:148)
	at org.testng.internal.invokers.TestMethodWorker.run(TestMethodWorker.java:128)
	at java.base/java.util.ArrayList.forEach(ArrayList.java:1511)
	at org.testng.TestRunner.privateRun(TestRunner.java:819)
	at org.testng.TestRunner.run(TestRunner.java:619)
	at org.testng.SuiteRunner.runTest(SuiteRunner.java:443)
	at org.testng.SuiteRunner.runSequentially(SuiteRunner.java:437)
	at org.testng.SuiteRunner.privateRun(SuiteRunner.java:397)
	at org.testng.SuiteRunner.run(SuiteRunner.java:336)
	at org.testng.SuiteRunnerWorker.runSuite(SuiteRunnerWorker.java:52)
	at org.testng.SuiteRunnerWorker.run(SuiteRunnerWorker.java:95)
	at org.testng.TestNG.runSuitesSequentially(TestNG.java:1301)
	at org.testng.TestNG.runSuitesLocally(TestNG.java:1228)
	at org.testng.TestNG.runSuites(TestNG.java:1134)
	at org.testng.TestNG.run(TestNG.java:1101)
	at org.apache.maven.surefire.testng.TestNGExecutor.run(TestNGExecutor.java:308)
	at org.apache.maven.surefire.testng.TestNGXmlTestSuite.execute(TestNGXmlTestSuite.java:71)
	at org.apache.maven.surefire.testng.TestNGProvider.invoke(TestNGProvider.java:113)
	at org.apache.maven.surefire.booter.ForkedBooter.runSuitesInProcess(ForkedBooter.java:385)
	at org.apache.maven.surefire.booter.ForkedBooter.execute(ForkedBooter.java:162)
	at org.apache.maven.surefire.booter.ForkedBooter.run(ForkedBooter.java:507)
	at org.apache.maven.surefire.booter.ForkedBooter.main(ForkedBooter.java:495)
]]></failure>
    <system-out><![CDATA[Request method:	GET
Request URI:	https://riviobackendspringboot-production.up.railway.app/api/designations?departmentId=1
Proxy:			<none>
Request params:	<none>
Query params:	departmentId=1
Form params:	<none>
Path params:	<none>
Headers:		Accept=application/json, application/javascript, text/javascript, text/json
				Authorization=Bearer eyJhbGciOiJIUzI1NiJ9.eyJzdWIiOiJhZG1pbkByaXZpby5jb20iLCJ1c2VySWQiOjEsInJvbGUiOiJTdXBlciBBZG1pbiIsInBlcm1pc3Npb25zIjpbIk1BTkFHRV9TWVNURU1fU0VUVElOR1MiLCJBRERfRU1QTE9ZRUUiLCJFRElUX0VNUExPWUVFIiwiQVBQUk9WRV9MRUFWRV9BTEwiLCJBUFBST1ZFX0xFQVZFX1RFQU0iLCJSVU5fUEFZUk9MTCIsIlZJRVdfQUxMX1BBWVNMSVBTIiwiRURJVF9BVFRFTkRBTkNFX0FMTCIsIlZJRVdfT1dOX1BST0ZJTEUiXSwiaWF0IjoxNzc4MzM4OTEwLCJleHAiOjE3Nzg0MjUzMTB9.N9ACWxPCPXMINcotDZG_m6RG5OqI900zgWhLh0Taa5c
				Content-Type=application/json
Cookies:		<none>
Multiparts:		<none>
Body:			<none>
]]></system-out>
  </testcase>
  <testcase name="tc_cs_009_createDesignation" classname="com.rivio.tests.TC03_CompanyStructureTest" time="3.49">
    <system-out><![CDATA[Request method:	POST
Request URI:	https://riviobackendspringboot-production.up.railway.app/api/designations
Proxy:			<none>
Request params:	<none>
Query params:	<none>
Form params:	<none>
Path params:	<none>
Headers:		Accept=application/json, application/javascript, text/javascript, text/json
				Authorization=Bearer eyJhbGciOiJIUzI1NiJ9.eyJzdWIiOiJhZG1pbkByaXZpby5jb20iLCJ1c2VySWQiOjEsInJvbGUiOiJTdXBlciBBZG1pbiIsInBlcm1pc3Npb25zIjpbIk1BTkFHRV9TWVNURU1fU0VUVElOR1MiLCJBRERfRU1QTE9ZRUUiLCJFRElUX0VNUExPWUVFIiwiQVBQUk9WRV9MRUFWRV9BTEwiLCJBUFBST1ZFX0xFQVZFX1RFQU0iLCJSVU5fUEFZUk9MTCIsIlZJRVdfQUxMX1BBWVNMSVBTIiwiRURJVF9BVFRFTkRBTkNFX0FMTCIsIlZJRVdfT1dOX1BST0ZJTEUiXSwiaWF0IjoxNzc4MzM4OTEwLCJleHAiOjE3Nzg0MjUzMTB9.N9ACWxPCPXMINcotDZG_m6RG5OqI900zgWhLh0Taa5c
				Content-Type=application/json
Cookies:		<none>
Multiparts:		<none>
Body:
{
    "departmentId": 8,
    "title": "QA Automation Engineer"
}
✅ Designation created, ID: 10
]]></system-out>
  </testcase>
  <testcase name="tc_cs_010_updateDesignation" classname="com.rivio.tests.TC03_CompanyStructureTest" time="5.714">
    <system-out><![CDATA[Request method:	PUT
Request URI:	https://riviobackendspringboot-production.up.railway.app/api/designations/10
Proxy:			<none>
Request params:	<none>
Query params:	<none>
Form params:	<none>
Path params:	<none>
Headers:		Accept=application/json, application/javascript, text/javascript, text/json
				Authorization=Bearer eyJhbGciOiJIUzI1NiJ9.eyJzdWIiOiJhZG1pbkByaXZpby5jb20iLCJ1c2VySWQiOjEsInJvbGUiOiJTdXBlciBBZG1pbiIsInBlcm1pc3Npb25zIjpbIk1BTkFHRV9TWVNURU1fU0VUVElOR1MiLCJBRERfRU1QTE9ZRUUiLCJFRElUX0VNUExPWUVFIiwiQVBQUk9WRV9MRUFWRV9BTEwiLCJBUFBST1ZFX0xFQVZFX1RFQU0iLCJSVU5fUEFZUk9MTCIsIlZJRVdfQUxMX1BBWVNMSVBTIiwiRURJVF9BVFRFTkRBTkNFX0FMTCIsIlZJRVdfT1dOX1BST0ZJTEUiXSwiaWF0IjoxNzc4MzM4OTEwLCJleHAiOjE3Nzg0MjUzMTB9.N9ACWxPCPXMINcotDZG_m6RG5OqI900zgWhLh0Taa5c
				Content-Type=application/json
Cookies:		<none>
Multiparts:		<none>
Body:
{
    "departmentId": 8,
    "title": "Senior QA Automation Engineer"
}
✅ Designation updated: 10
]]></system-out>
  </testcase>
  <testcase name="tc_cs_011_deleteDesignation" classname="com.rivio.tests.TC03_CompanyStructureTest" time="2.737">
    <system-out><![CDATA[Request method:	DELETE
Request URI:	https://riviobackendspringboot-production.up.railway.app/api/designations/10
Proxy:			<none>
Request params:	<none>
Query params:	<none>
Form params:	<none>
Path params:	<none>
Headers:		Accept=application/json, application/javascript, text/javascript, text/json
				Authorization=Bearer eyJhbGciOiJIUzI1NiJ9.eyJzdWIiOiJhZG1pbkByaXZpby5jb20iLCJ1c2VySWQiOjEsInJvbGUiOiJTdXBlciBBZG1pbiIsInBlcm1pc3Npb25zIjpbIk1BTkFHRV9TWVNURU1fU0VUVElOR1MiLCJBRERfRU1QTE9ZRUUiLCJFRElUX0VNUExPWUVFIiwiQVBQUk9WRV9MRUFWRV9BTEwiLCJBUFBST1ZFX0xFQVZFX1RFQU0iLCJSVU5fUEFZUk9MTCIsIlZJRVdfQUxMX1BBWVNMSVBTIiwiRURJVF9BVFRFTkRBTkNFX0FMTCIsIlZJRVdfT1dOX1BST0ZJTEUiXSwiaWF0IjoxNzc4MzM4OTEwLCJleHAiOjE3Nzg0MjUzMTB9.N9ACWxPCPXMINcotDZG_m6RG5OqI900zgWhLh0Taa5c
				Content-Type=application/json
Cookies:		<none>
Multiparts:		<none>
Body:			<none>
✅ Designation deleted
]]></system-out>
  </testcase>
  <testcase name="tc_cs_012_deleteDepartment" classname="com.rivio.tests.TC03_CompanyStructureTest" time="3.18">
    <system-out><![CDATA[Request method:	DELETE
Request URI:	https://riviobackendspringboot-production.up.railway.app/api/departments/8
Proxy:			<none>
Request params:	<none>
Query params:	<none>
Form params:	<none>
Path params:	<none>
Headers:		Accept=application/json, application/javascript, text/javascript, text/json
				Authorization=Bearer eyJhbGciOiJIUzI1NiJ9.eyJzdWIiOiJhZG1pbkByaXZpby5jb20iLCJ1c2VySWQiOjEsInJvbGUiOiJTdXBlciBBZG1pbiIsInBlcm1pc3Npb25zIjpbIk1BTkFHRV9TWVNURU1fU0VUVElOR1MiLCJBRERfRU1QTE9ZRUUiLCJFRElUX0VNUExPWUVFIiwiQVBQUk9WRV9MRUFWRV9BTEwiLCJBUFBST1ZFX0xFQVZFX1RFQU0iLCJSVU5fUEFZUk9MTCIsIlZJRVdfQUxMX1BBWVNMSVBTIiwiRURJVF9BVFRFTkRBTkNFX0FMTCIsIlZJRVdfT1dOX1BST0ZJTEUiXSwiaWF0IjoxNzc4MzM4OTEwLCJleHAiOjE3Nzg0MjUzMTB9.N9ACWxPCPXMINcotDZG_m6RG5OqI900zgWhLh0Taa5c
				Content-Type=application/json
Cookies:		<none>
Multiparts:		<none>
Body:			<none>
✅ Department deleted
]]></system-out>
  </testcase>
  <testcase name="tc_cs_013_deleteLocation" classname="com.rivio.tests.TC03_CompanyStructureTest" time="4.385">
    <system-out><![CDATA[Request method:	DELETE
Request URI:	https://riviobackendspringboot-production.up.railway.app/api/locations/6
Proxy:			<none>
Request params:	<none>
Query params:	<none>
Form params:	<none>
Path params:	<none>
Headers:		Accept=application/json, application/javascript, text/javascript, text/json
				Authorization=Bearer eyJhbGciOiJIUzI1NiJ9.eyJzdWIiOiJhZG1pbkByaXZpby5jb20iLCJ1c2VySWQiOjEsInJvbGUiOiJTdXBlciBBZG1pbiIsInBlcm1pc3Npb25zIjpbIk1BTkFHRV9TWVNURU1fU0VUVElOR1MiLCJBRERfRU1QTE9ZRUUiLCJFRElUX0VNUExPWUVFIiwiQVBQUk9WRV9MRUFWRV9BTEwiLCJBUFBST1ZFX0xFQVZFX1RFQU0iLCJSVU5fUEFZUk9MTCIsIlZJRVdfQUxMX1BBWVNMSVBTIiwiRURJVF9BVFRFTkRBTkNFX0FMTCIsIlZJRVdfT1dOX1BST0ZJTEUiXSwiaWF0IjoxNzc4MzM4OTEwLCJleHAiOjE3Nzg0MjUzMTB9.N9ACWxPCPXMINcotDZG_m6RG5OqI900zgWhLh0Taa5c
				Content-Type=application/json
Cookies:		<none>
Multiparts:		<none>
Body:			<none>
✅ Location deleted
]]></system-out>
  </testcase>
  <testcase name="tc_emp_001_getSeededEmployeeProfile" classname="com.rivio.tests.TC04_EmployeeTest" time="3.866">
    <failure message="expected [John] but found [Arjun]" type="java.lang.AssertionError"><![CDATA[java.lang.AssertionError: expected [John] but found [Arjun]
	at org.testng.Assert.fail(Assert.java:111)
	at org.testng.Assert.failNotEquals(Assert.java:1578)
	at org.testng.Assert.assertEqualsImpl(Assert.java:150)
	at org.testng.Assert.assertEquals(Assert.java:132)
	at org.testng.Assert.assertEquals(Assert.java:656)
	at org.testng.Assert.assertEquals(Assert.java:666)
	at com.rivio.tests.TC04_EmployeeTest.tc_emp_001_getSeededEmployeeProfile(TC04_EmployeeTest.java:49)
	at java.base/jdk.internal.reflect.NativeMethodAccessorImpl.invoke0(Native Method)
	at java.base/jdk.internal.reflect.NativeMethodAccessorImpl.invoke(NativeMethodAccessorImpl.java:77)
	at java.base/jdk.internal.reflect.DelegatingMethodAccessorImpl.invoke(DelegatingMethodAccessorImpl.java:43)
	at java.base/java.lang.reflect.Method.invoke(Method.java:568)
	at org.testng.internal.invokers.MethodInvocationHelper.invokeMethod(MethodInvocationHelper.java:139)
	at org.testng.internal.invokers.TestInvoker.invokeMethod(TestInvoker.java:664)
	at org.testng.internal.invokers.TestInvoker.invokeTestMethod(TestInvoker.java:228)
	at org.testng.internal.invokers.MethodRunner.runInSequence(MethodRunner.java:63)
	at org.testng.internal.invokers.TestInvoker$MethodInvocationAgent.invoke(TestInvoker.java:961)
	at org.testng.internal.invokers.TestInvoker.invokeTestMethods(TestInvoker.java:201)
	at org.testng.internal.invokers.TestMethodWorker.invokeTestMethods(TestMethodWorker.java:148)
	at org.testng.internal.invokers.TestMethodWorker.run(TestMethodWorker.java:128)
	at java.base/java.util.ArrayList.forEach(ArrayList.java:1511)
	at org.testng.TestRunner.privateRun(TestRunner.java:819)
	at org.testng.TestRunner.run(TestRunner.java:619)
	at org.testng.SuiteRunner.runTest(SuiteRunner.java:443)
	at org.testng.SuiteRunner.runSequentially(SuiteRunner.java:437)
	at org.testng.SuiteRunner.privateRun(SuiteRunner.java:397)
	at org.testng.SuiteRunner.run(SuiteRunner.java:336)
	at org.testng.SuiteRunnerWorker.runSuite(SuiteRunnerWorker.java:52)
	at org.testng.SuiteRunnerWorker.run(SuiteRunnerWorker.java:95)
	at org.testng.TestNG.runSuitesSequentially(TestNG.java:1301)
	at org.testng.TestNG.runSuitesLocally(TestNG.java:1228)
	at org.testng.TestNG.runSuites(TestNG.java:1134)
	at org.testng.TestNG.run(TestNG.java:1101)
	at org.apache.maven.surefire.testng.TestNGExecutor.run(TestNGExecutor.java:308)
	at org.apache.maven.surefire.testng.TestNGXmlTestSuite.execute(TestNGXmlTestSuite.java:71)
	at org.apache.maven.surefire.testng.TestNGProvider.invoke(TestNGProvider.java:113)
	at org.apache.maven.surefire.booter.ForkedBooter.runSuitesInProcess(ForkedBooter.java:385)
	at org.apache.maven.surefire.booter.ForkedBooter.execute(ForkedBooter.java:162)
	at org.apache.maven.surefire.booter.ForkedBooter.run(ForkedBooter.java:507)
	at org.apache.maven.surefire.booter.ForkedBooter.main(ForkedBooter.java:495)
]]></failure>
    <system-out><![CDATA[Request method:	GET
Request URI:	https://riviobackendspringboot-production.up.railway.app/api/employees/1
Proxy:			<none>
Request params:	<none>
Query params:	<none>
Form params:	<none>
Path params:	<none>
Headers:		Accept=application/json, application/javascript, text/javascript, text/json
				Authorization=Bearer eyJhbGciOiJIUzI1NiJ9.eyJzdWIiOiJhZG1pbkByaXZpby5jb20iLCJ1c2VySWQiOjEsInJvbGUiOiJTdXBlciBBZG1pbiIsInBlcm1pc3Npb25zIjpbIk1BTkFHRV9TWVNURU1fU0VUVElOR1MiLCJBRERfRU1QTE9ZRUUiLCJFRElUX0VNUExPWUVFIiwiQVBQUk9WRV9MRUFWRV9BTEwiLCJBUFBST1ZFX0xFQVZFX1RFQU0iLCJSVU5fUEFZUk9MTCIsIlZJRVdfQUxMX1BBWVNMSVBTIiwiRURJVF9BVFRFTkRBTkNFX0FMTCIsIlZJRVdfT1dOX1BST0ZJTEUiXSwiaWF0IjoxNzc4MzM4OTEwLCJleHAiOjE3Nzg0MjUzMTB9.N9ACWxPCPXMINcotDZG_m6RG5OqI900zgWhLh0Taa5c
				Content-Type=application/json
Cookies:		<none>
Multiparts:		<none>
Body:			<none>
]]></system-out>
  </testcase>
  <testcase name="tc_emp_002_getSarahProfile" classname="com.rivio.tests.TC04_EmployeeTest" time="4.764">
    <failure message="expected [Sarah] but found [Priya]" type="java.lang.AssertionError"><![CDATA[java.lang.AssertionError: expected [Sarah] but found [Priya]
	at org.testng.Assert.fail(Assert.java:111)
	at org.testng.Assert.failNotEquals(Assert.java:1578)
	at org.testng.Assert.assertEqualsImpl(Assert.java:150)
	at org.testng.Assert.assertEquals(Assert.java:132)
	at org.testng.Assert.assertEquals(Assert.java:656)
	at org.testng.Assert.assertEquals(Assert.java:666)
	at com.rivio.tests.TC04_EmployeeTest.tc_emp_002_getSarahProfile(TC04_EmployeeTest.java:71)
	at java.base/jdk.internal.reflect.NativeMethodAccessorImpl.invoke0(Native Method)
	at java.base/jdk.internal.reflect.NativeMethodAccessorImpl.invoke(NativeMethodAccessorImpl.java:77)
	at java.base/jdk.internal.reflect.DelegatingMethodAccessorImpl.invoke(DelegatingMethodAccessorImpl.java:43)
	at java.base/java.lang.reflect.Method.invoke(Method.java:568)
	at org.testng.internal.invokers.MethodInvocationHelper.invokeMethod(MethodInvocationHelper.java:139)
	at org.testng.internal.invokers.TestInvoker.invokeMethod(TestInvoker.java:664)
	at org.testng.internal.invokers.TestInvoker.invokeTestMethod(TestInvoker.java:228)
	at org.testng.internal.invokers.MethodRunner.runInSequence(MethodRunner.java:63)
	at org.testng.internal.invokers.TestInvoker$MethodInvocationAgent.invoke(TestInvoker.java:961)
	at org.testng.internal.invokers.TestInvoker.invokeTestMethods(TestInvoker.java:201)
	at org.testng.internal.invokers.TestMethodWorker.invokeTestMethods(TestMethodWorker.java:148)
	at org.testng.internal.invokers.TestMethodWorker.run(TestMethodWorker.java:128)
	at java.base/java.util.ArrayList.forEach(ArrayList.java:1511)
	at org.testng.TestRunner.privateRun(TestRunner.java:819)
	at org.testng.TestRunner.run(TestRunner.java:619)
	at org.testng.SuiteRunner.runTest(SuiteRunner.java:443)
	at org.testng.SuiteRunner.runSequentially(SuiteRunner.java:437)
	at org.testng.SuiteRunner.privateRun(SuiteRunner.java:397)
	at org.testng.SuiteRunner.run(SuiteRunner.java:336)
	at org.testng.SuiteRunnerWorker.runSuite(SuiteRunnerWorker.java:52)
	at org.testng.SuiteRunnerWorker.run(SuiteRunnerWorker.java:95)
	at org.testng.TestNG.runSuitesSequentially(TestNG.java:1301)
	at org.testng.TestNG.runSuitesLocally(TestNG.java:1228)
	at org.testng.TestNG.runSuites(TestNG.java:1134)
	at org.testng.TestNG.run(TestNG.java:1101)
	at org.apache.maven.surefire.testng.TestNGExecutor.run(TestNGExecutor.java:308)
	at org.apache.maven.surefire.testng.TestNGXmlTestSuite.execute(TestNGXmlTestSuite.java:71)
	at org.apache.maven.surefire.testng.TestNGProvider.invoke(TestNGProvider.java:113)
	at org.apache.maven.surefire.booter.ForkedBooter.runSuitesInProcess(ForkedBooter.java:385)
	at org.apache.maven.surefire.booter.ForkedBooter.execute(ForkedBooter.java:162)
	at org.apache.maven.surefire.booter.ForkedBooter.run(ForkedBooter.java:507)
	at org.apache.maven.surefire.booter.ForkedBooter.main(ForkedBooter.java:495)
]]></failure>
    <system-out><![CDATA[Request method:	GET
Request URI:	https://riviobackendspringboot-production.up.railway.app/api/employees/2
Proxy:			<none>
Request params:	<none>
Query params:	<none>
Form params:	<none>
Path params:	<none>
Headers:		Accept=application/json, application/javascript, text/javascript, text/json
				Authorization=Bearer eyJhbGciOiJIUzI1NiJ9.eyJzdWIiOiJhZG1pbkByaXZpby5jb20iLCJ1c2VySWQiOjEsInJvbGUiOiJTdXBlciBBZG1pbiIsInBlcm1pc3Npb25zIjpbIk1BTkFHRV9TWVNURU1fU0VUVElOR1MiLCJBRERfRU1QTE9ZRUUiLCJFRElUX0VNUExPWUVFIiwiQVBQUk9WRV9MRUFWRV9BTEwiLCJBUFBST1ZFX0xFQVZFX1RFQU0iLCJSVU5fUEFZUk9MTCIsIlZJRVdfQUxMX1BBWVNMSVBTIiwiRURJVF9BVFRFTkRBTkNFX0FMTCIsIlZJRVdfT1dOX1BST0ZJTEUiXSwiaWF0IjoxNzc4MzM4OTEwLCJleHAiOjE3Nzg0MjUzMTB9.N9ACWxPCPXMINcotDZG_m6RG5OqI900zgWhLh0Taa5c
				Content-Type=application/json
Cookies:		<none>
Multiparts:		<none>
Body:			<none>
]]></system-out>
  </testcase>
  <testcase name="tc_emp_003_getEmployeeDirectory" classname="com.rivio.tests.TC04_EmployeeTest" time="6.842">
    <system-out><![CDATA[Request method:	GET
Request URI:	https://riviobackendspringboot-production.up.railway.app/api/employees?page=0&size=10
Proxy:			<none>
Request params:	<none>
Query params:	page=0
				size=10
Form params:	<none>
Path params:	<none>
Headers:		Accept=application/json, application/javascript, text/javascript, text/json
				Authorization=Bearer eyJhbGciOiJIUzI1NiJ9.eyJzdWIiOiJhZG1pbkByaXZpby5jb20iLCJ1c2VySWQiOjEsInJvbGUiOiJTdXBlciBBZG1pbiIsInBlcm1pc3Npb25zIjpbIk1BTkFHRV9TWVNURU1fU0VUVElOR1MiLCJBRERfRU1QTE9ZRUUiLCJFRElUX0VNUExPWUVFIiwiQVBQUk9WRV9MRUFWRV9BTEwiLCJBUFBST1ZFX0xFQVZFX1RFQU0iLCJSVU5fUEFZUk9MTCIsIlZJRVdfQUxMX1BBWVNMSVBTIiwiRURJVF9BVFRFTkRBTkNFX0FMTCIsIlZJRVdfT1dOX1BST0ZJTEUiXSwiaWF0IjoxNzc4MzM4OTEwLCJleHAiOjE3Nzg0MjUzMTB9.N9ACWxPCPXMINcotDZG_m6RG5OqI900zgWhLh0Taa5c
				Content-Type=application/json
Cookies:		<none>
Multiparts:		<none>
Body:			<none>
✅ Employee directory. Total: 11
]]></system-out>
  </testcase>
  <testcase name="tc_emp_004_searchEmployeeByName" classname="com.rivio.tests.TC04_EmployeeTest" time="1.552">
    <failure message="Search for &apos;John&apos; should return at least 1 result expected [true] but found [false]" type="java.lang.AssertionError"><![CDATA[java.lang.AssertionError: Search for 'John' should return at least 1 result expected [true] but found [false]
	at org.testng.Assert.fail(Assert.java:111)
	at org.testng.Assert.failNotEquals(Assert.java:1578)
	at org.testng.Assert.assertTrue(Assert.java:57)
	at com.rivio.tests.TC04_EmployeeTest.tc_emp_004_searchEmployeeByName(TC04_EmployeeTest.java:115)
	at java.base/jdk.internal.reflect.NativeMethodAccessorImpl.invoke0(Native Method)
	at java.base/jdk.internal.reflect.NativeMethodAccessorImpl.invoke(NativeMethodAccessorImpl.java:77)
	at java.base/jdk.internal.reflect.DelegatingMethodAccessorImpl.invoke(DelegatingMethodAccessorImpl.java:43)
	at java.base/java.lang.reflect.Method.invoke(Method.java:568)
	at org.testng.internal.invokers.MethodInvocationHelper.invokeMethod(MethodInvocationHelper.java:139)
	at org.testng.internal.invokers.TestInvoker.invokeMethod(TestInvoker.java:664)
	at org.testng.internal.invokers.TestInvoker.invokeTestMethod(TestInvoker.java:228)
	at org.testng.internal.invokers.MethodRunner.runInSequence(MethodRunner.java:63)
	at org.testng.internal.invokers.TestInvoker$MethodInvocationAgent.invoke(TestInvoker.java:961)
	at org.testng.internal.invokers.TestInvoker.invokeTestMethods(TestInvoker.java:201)
	at org.testng.internal.invokers.TestMethodWorker.invokeTestMethods(TestMethodWorker.java:148)
	at org.testng.internal.invokers.TestMethodWorker.run(TestMethodWorker.java:128)
	at java.base/java.util.ArrayList.forEach(ArrayList.java:1511)
	at org.testng.TestRunner.privateRun(TestRunner.java:819)
	at org.testng.TestRunner.run(TestRunner.java:619)
	at org.testng.SuiteRunner.runTest(SuiteRunner.java:443)
	at org.testng.SuiteRunner.runSequentially(SuiteRunner.java:437)
	at org.testng.SuiteRunner.privateRun(SuiteRunner.java:397)
	at org.testng.SuiteRunner.run(SuiteRunner.java:336)
	at org.testng.SuiteRunnerWorker.runSuite(SuiteRunnerWorker.java:52)
	at org.testng.SuiteRunnerWorker.run(SuiteRunnerWorker.java:95)
	at org.testng.TestNG.runSuitesSequentially(TestNG.java:1301)
	at org.testng.TestNG.runSuitesLocally(TestNG.java:1228)
	at org.testng.TestNG.runSuites(TestNG.java:1134)
	at org.testng.TestNG.run(TestNG.java:1101)
	at org.apache.maven.surefire.testng.TestNGExecutor.run(TestNGExecutor.java:308)
	at org.apache.maven.surefire.testng.TestNGXmlTestSuite.execute(TestNGXmlTestSuite.java:71)
	at org.apache.maven.surefire.testng.TestNGProvider.invoke(TestNGProvider.java:113)
	at org.apache.maven.surefire.booter.ForkedBooter.runSuitesInProcess(ForkedBooter.java:385)
	at org.apache.maven.surefire.booter.ForkedBooter.execute(ForkedBooter.java:162)
	at org.apache.maven.surefire.booter.ForkedBooter.run(ForkedBooter.java:507)
	at org.apache.maven.surefire.booter.ForkedBooter.main(ForkedBooter.java:495)
]]></failure>
    <system-out><![CDATA[Request method:	GET
Request URI:	https://riviobackendspringboot-production.up.railway.app/api/employees?search=John&page=0&size=10
Proxy:			<none>
Request params:	<none>
Query params:	search=John
				page=0
				size=10
Form params:	<none>
Path params:	<none>
Headers:		Accept=application/json, application/javascript, text/javascript, text/json
				Authorization=Bearer eyJhbGciOiJIUzI1NiJ9.eyJzdWIiOiJhZG1pbkByaXZpby5jb20iLCJ1c2VySWQiOjEsInJvbGUiOiJTdXBlciBBZG1pbiIsInBlcm1pc3Npb25zIjpbIk1BTkFHRV9TWVNURU1fU0VUVElOR1MiLCJBRERfRU1QTE9ZRUUiLCJFRElUX0VNUExPWUVFIiwiQVBQUk9WRV9MRUFWRV9BTEwiLCJBUFBST1ZFX0xFQVZFX1RFQU0iLCJSVU5fUEFZUk9MTCIsIlZJRVdfQUxMX1BBWVNMSVBTIiwiRURJVF9BVFRFTkRBTkNFX0FMTCIsIlZJRVdfT1dOX1BST0ZJTEUiXSwiaWF0IjoxNzc4MzM4OTEwLCJleHAiOjE3Nzg0MjUzMTB9.N9ACWxPCPXMINcotDZG_m6RG5OqI900zgWhLh0Taa5c
				Content-Type=application/json
Cookies:		<none>
Multiparts:		<none>
Body:			<none>
]]></system-out>
  </testcase>
  <testcase name="tc_emp_005_eligibleForAttendance" classname="com.rivio.tests.TC04_EmployeeTest" time="1.738">
    <system-out><![CDATA[Request method:	GET
Request URI:	https://riviobackendspringboot-production.up.railway.app/api/employees/eligible-for-attendance?date=2026-05-09
Proxy:			<none>
Request params:	<none>
Query params:	date=2026-05-09
Form params:	<none>
Path params:	<none>
Headers:		Accept=application/json, application/javascript, text/javascript, text/json
				Authorization=Bearer eyJhbGciOiJIUzI1NiJ9.eyJzdWIiOiJhZG1pbkByaXZpby5jb20iLCJ1c2VySWQiOjEsInJvbGUiOiJTdXBlciBBZG1pbiIsInBlcm1pc3Npb25zIjpbIk1BTkFHRV9TWVNURU1fU0VUVElOR1MiLCJBRERfRU1QTE9ZRUUiLCJFRElUX0VNUExPWUVFIiwiQVBQUk9WRV9MRUFWRV9BTEwiLCJBUFBST1ZFX0xFQVZFX1RFQU0iLCJSVU5fUEFZUk9MTCIsIlZJRVdfQUxMX1BBWVNMSVBTIiwiRURJVF9BVFRFTkRBTkNFX0FMTCIsIlZJRVdfT1dOX1BST0ZJTEUiXSwiaWF0IjoxNzc4MzM4OTEwLCJleHAiOjE3Nzg0MjUzMTB9.N9ACWxPCPXMINcotDZG_m6RG5OqI900zgWhLh0Taa5c
				Content-Type=application/json
Cookies:		<none>
Multiparts:		<none>
Body:			<none>
✅ Eligible employees for attendance retrieved
]]></system-out>
  </testcase>
  <testcase name="tc_emp_006_onboardNewEmployee" classname="com.rivio.tests.TC04_EmployeeTest" time="8.104">
    <system-out><![CDATA[Request method:	POST
Request URI:	https://riviobackendspringboot-production.up.railway.app/api/users
Proxy:			<none>
Request params:	<none>
Query params:	<none>
Form params:	<none>
Path params:	<none>
Headers:		Accept=application/json, application/javascript, text/javascript, text/json
				Authorization=Bearer eyJhbGciOiJIUzI1NiJ9.eyJzdWIiOiJhZG1pbkByaXZpby5jb20iLCJ1c2VySWQiOjEsInJvbGUiOiJTdXBlciBBZG1pbiIsInBlcm1pc3Npb25zIjpbIk1BTkFHRV9TWVNURU1fU0VUVElOR1MiLCJBRERfRU1QTE9ZRUUiLCJFRElUX0VNUExPWUVFIiwiQVBQUk9WRV9MRUFWRV9BTEwiLCJBUFBST1ZFX0xFQVZFX1RFQU0iLCJSVU5fUEFZUk9MTCIsIlZJRVdfQUxMX1BBWVNMSVBTIiwiRURJVF9BVFRFTkRBTkNFX0FMTCIsIlZJRVdfT1dOX1BST0ZJTEUiXSwiaWF0IjoxNzc4MzM4OTEwLCJleHAiOjE3Nzg0MjUzMTB9.N9ACWxPCPXMINcotDZG_m6RG5OqI900zgWhLh0Taa5c
				Content-Type=application/json
Cookies:		<none>
Multiparts:		<none>
Body:
{
    "password": "TestPass123!",
    "roleId": 4,
    "email": "emp_onboard_auto_1778339027653@rivio.com"
}
Request method:	POST
Request URI:	https://riviobackendspringboot-production.up.railway.app/api/employees
Proxy:			<none>
Request params:	<none>
Query params:	<none>
Form params:	<none>
Path params:	<none>
Headers:		Accept=application/json, application/javascript, text/javascript, text/json
				Authorization=Bearer eyJhbGciOiJIUzI1NiJ9.eyJzdWIiOiJhZG1pbkByaXZpby5jb20iLCJ1c2VySWQiOjEsInJvbGUiOiJTdXBlciBBZG1pbiIsInBlcm1pc3Npb25zIjpbIk1BTkFHRV9TWVNURU1fU0VUVElOR1MiLCJBRERfRU1QTE9ZRUUiLCJFRElUX0VNUExPWUVFIiwiQVBQUk9WRV9MRUFWRV9BTEwiLCJBUFBST1ZFX0xFQVZFX1RFQU0iLCJSVU5fUEFZUk9MTCIsIlZJRVdfQUxMX1BBWVNMSVBTIiwiRURJVF9BVFRFTkRBTkNFX0FMTCIsIlZJRVdfT1dOX1BST0ZJTEUiXSwiaWF0IjoxNzc4MzM4OTEwLCJleHAiOjE3Nzg0MjUzMTB9.N9ACWxPCPXMINcotDZG_m6RG5OqI900zgWhLh0Taa5c
				Content-Type=application/json
Cookies:		<none>
Multiparts:		<none>
Body:
{
    "firstName": "Auto",
    "lastName": "Employee",
    "employmentType": "FULL_TIME",
    "designationId": 2,
    "locationId": 1,
    "departmentId": 1,
    "joiningDate": "2026-05-09",
    "userId": 17,
    "reportsToProfileId": null,
    "employeeCode": "AUTO-1778339031750"
}
✅ Employee onboarded, ID: 12
]]></system-out>
  </testcase>
  <testcase name="tc_emp_007_updateJobDetails" classname="com.rivio.tests.TC04_EmployeeTest" time="3.745">
    <system-out><![CDATA[Request method:	PUT
Request URI:	https://riviobackendspringboot-production.up.railway.app/api/employees/12/job-details
Proxy:			<none>
Request params:	<none>
Query params:	<none>
Form params:	<none>
Path params:	<none>
Headers:		Accept=application/json, application/javascript, text/javascript, text/json
				Authorization=Bearer eyJhbGciOiJIUzI1NiJ9.eyJzdWIiOiJhZG1pbkByaXZpby5jb20iLCJ1c2VySWQiOjEsInJvbGUiOiJTdXBlciBBZG1pbiIsInBlcm1pc3Npb25zIjpbIk1BTkFHRV9TWVNURU1fU0VUVElOR1MiLCJBRERfRU1QTE9ZRUUiLCJFRElUX0VNUExPWUVFIiwiQVBQUk9WRV9MRUFWRV9BTEwiLCJBUFBST1ZFX0xFQVZFX1RFQU0iLCJSVU5fUEFZUk9MTCIsIlZJRVdfQUxMX1BBWVNMSVBTIiwiRURJVF9BVFRFTkRBTkNFX0FMTCIsIlZJRVdfT1dOX1BST0ZJTEUiXSwiaWF0IjoxNzc4MzM4OTEwLCJleHAiOjE3Nzg0MjUzMTB9.N9ACWxPCPXMINcotDZG_m6RG5OqI900zgWhLh0Taa5c
				X-User-Id=1
				Content-Type=application/json
Cookies:		<none>
Multiparts:		<none>
Body:
{
    "designationId": 5,
    "locationId": 2,
    "departmentId": 3
}
✅ Job details updated (transferred to Sales)
]]></system-out>
  </testcase>
  <testcase name="tc_emp_008_updateBasicInfo" classname="com.rivio.tests.TC04_EmployeeTest" time="3.838">
    <system-out><![CDATA[Request method:	PATCH
Request URI:	https://riviobackendspringboot-production.up.railway.app/api/employees/12/basic-info
Proxy:			<none>
Request params:	<none>
Query params:	<none>
Form params:	<none>
Path params:	<none>
Headers:		Accept=application/json, application/javascript, text/javascript, text/json
				Authorization=Bearer eyJhbGciOiJIUzI1NiJ9.eyJzdWIiOiJhZG1pbkByaXZpby5jb20iLCJ1c2VySWQiOjEsInJvbGUiOiJTdXBlciBBZG1pbiIsInBlcm1pc3Npb25zIjpbIk1BTkFHRV9TWVNURU1fU0VUVElOR1MiLCJBRERfRU1QTE9ZRUUiLCJFRElUX0VNUExPWUVFIiwiQVBQUk9WRV9MRUFWRV9BTEwiLCJBUFBST1ZFX0xFQVZFX1RFQU0iLCJSVU5fUEFZUk9MTCIsIlZJRVdfQUxMX1BBWVNMSVBTIiwiRURJVF9BVFRFTkRBTkNFX0FMTCIsIlZJRVdfT1dOX1BST0ZJTEUiXSwiaWF0IjoxNzc4MzM4OTEwLCJleHAiOjE3Nzg0MjUzMTB9.N9ACWxPCPXMINcotDZG_m6RG5OqI900zgWhLh0Taa5c
				Content-Type=application/json
Cookies:		<none>
Multiparts:		<none>
Body:
{
    "bankAccount": "HDFC00099999",
    "phoneNo": "9998887776"
}
✅ Basic info updated
]]></system-out>
  </testcase>
  <testcase name="tc_leave_001_getAllLeaveTypes" classname="com.rivio.tests.TC05_LeaveManagementTest" time="2.794">
    <system-out><![CDATA[Request method:	GET
Request URI:	https://riviobackendspringboot-production.up.railway.app/api/leave-types
Proxy:			<none>
Request params:	<none>
Query params:	<none>
Form params:	<none>
Path params:	<none>
Headers:		Accept=application/json, application/javascript, text/javascript, text/json
				Authorization=Bearer eyJhbGciOiJIUzI1NiJ9.eyJzdWIiOiJhZG1pbkByaXZpby5jb20iLCJ1c2VySWQiOjEsInJvbGUiOiJTdXBlciBBZG1pbiIsInBlcm1pc3Npb25zIjpbIk1BTkFHRV9TWVNURU1fU0VUVElOR1MiLCJBRERfRU1QTE9ZRUUiLCJFRElUX0VNUExPWUVFIiwiQVBQUk9WRV9MRUFWRV9BTEwiLCJBUFBST1ZFX0xFQVZFX1RFQU0iLCJSVU5fUEFZUk9MTCIsIlZJRVdfQUxMX1BBWVNMSVBTIiwiRURJVF9BVFRFTkRBTkNFX0FMTCIsIlZJRVdfT1dOX1BST0ZJTEUiXSwiaWF0IjoxNzc4MzM4OTEwLCJleHAiOjE3Nzg0MjUzMTB9.N9ACWxPCPXMINcotDZG_m6RG5OqI900zgWhLh0Taa5c
				Content-Type=application/json
Cookies:		<none>
Multiparts:		<none>
Body:			<none>
✅ Leave types: 5
]]></system-out>
  </testcase>
  <testcase name="tc_leave_002_createLeaveType" classname="com.rivio.tests.TC05_LeaveManagementTest" time="2.457">
    <system-out><![CDATA[Request method:	POST
Request URI:	https://riviobackendspringboot-production.up.railway.app/api/leave-types
Proxy:			<none>
Request params:	<none>
Query params:	<none>
Form params:	<none>
Path params:	<none>
Headers:		Accept=application/json, application/javascript, text/javascript, text/json
				Authorization=Bearer eyJhbGciOiJIUzI1NiJ9.eyJzdWIiOiJhZG1pbkByaXZpby5jb20iLCJ1c2VySWQiOjEsInJvbGUiOiJTdXBlciBBZG1pbiIsInBlcm1pc3Npb25zIjpbIk1BTkFHRV9TWVNURU1fU0VUVElOR1MiLCJBRERfRU1QTE9ZRUUiLCJFRElUX0VNUExPWUVFIiwiQVBQUk9WRV9MRUFWRV9BTEwiLCJBUFBST1ZFX0xFQVZFX1RFQU0iLCJSVU5fUEFZUk9MTCIsIlZJRVdfQUxMX1BBWVNMSVBTIiwiRURJVF9BVFRFTkRBTkNFX0FMTCIsIlZJRVdfT1dOX1BST0ZJTEUiXSwiaWF0IjoxNzc4MzM4OTEwLCJleHAiOjE3Nzg0MjUzMTB9.N9ACWxPCPXMINcotDZG_m6RG5OqI900zgWhLh0Taa5c
				Content-Type=application/json
Cookies:		<none>
Multiparts:		<none>
Body:
{
    "yearlyAllotment": 5.0,
    "name": "Paternity Leave",
    "carryForwardLimit": 0.0
}
✅ Leave type created, ID: 6
]]></system-out>
  </testcase>
  <testcase name="tc_leave_003_updateLeaveType" classname="com.rivio.tests.TC05_LeaveManagementTest" time="2.497">
    <system-out><![CDATA[Request method:	PUT
Request URI:	https://riviobackendspringboot-production.up.railway.app/api/leave-types/6
Proxy:			<none>
Request params:	<none>
Query params:	<none>
Form params:	<none>
Path params:	<none>
Headers:		Accept=application/json, application/javascript, text/javascript, text/json
				Authorization=Bearer eyJhbGciOiJIUzI1NiJ9.eyJzdWIiOiJhZG1pbkByaXZpby5jb20iLCJ1c2VySWQiOjEsInJvbGUiOiJTdXBlciBBZG1pbiIsInBlcm1pc3Npb25zIjpbIk1BTkFHRV9TWVNURU1fU0VUVElOR1MiLCJBRERfRU1QTE9ZRUUiLCJFRElUX0VNUExPWUVFIiwiQVBQUk9WRV9MRUFWRV9BTEwiLCJBUFBST1ZFX0xFQVZFX1RFQU0iLCJSVU5fUEFZUk9MTCIsIlZJRVdfQUxMX1BBWVNMSVBTIiwiRURJVF9BVFRFTkRBTkNFX0FMTCIsIlZJRVdfT1dOX1BST0ZJTEUiXSwiaWF0IjoxNzc4MzM4OTEwLCJleHAiOjE3Nzg0MjUzMTB9.N9ACWxPCPXMINcotDZG_m6RG5OqI900zgWhLh0Taa5c
				Content-Type=application/json
Cookies:		<none>
Multiparts:		<none>
Body:
{
    "yearlyAllotment": 7.0,
    "name": "Paternity Leave",
    "carryForwardLimit": 0.0
}
✅ Leave type updated to 7 days
]]></system-out>
  </testcase>
  <testcase name="tc_leave_004_allocateBalances" classname="com.rivio.tests.TC05_LeaveManagementTest" time="25.718">
    <system-out><![CDATA[Request method:	POST
Request URI:	https://riviobackendspringboot-production.up.railway.app/api/leave-balances/allocate
Proxy:			<none>
Request params:	<none>
Query params:	<none>
Form params:	<none>
Path params:	<none>
Headers:		Accept=application/json, application/javascript, text/javascript, text/json
				Authorization=Bearer eyJhbGciOiJIUzI1NiJ9.eyJzdWIiOiJhZG1pbkByaXZpby5jb20iLCJ1c2VySWQiOjEsInJvbGUiOiJTdXBlciBBZG1pbiIsInBlcm1pc3Npb25zIjpbIk1BTkFHRV9TWVNURU1fU0VUVElOR1MiLCJBRERfRU1QTE9ZRUUiLCJFRElUX0VNUExPWUVFIiwiQVBQUk9WRV9MRUFWRV9BTEwiLCJBUFBST1ZFX0xFQVZFX1RFQU0iLCJSVU5fUEFZUk9MTCIsIlZJRVdfQUxMX1BBWVNMSVBTIiwiRURJVF9BVFRFTkRBTkNFX0FMTCIsIlZJRVdfT1dOX1BST0ZJTEUiXSwiaWF0IjoxNzc4MzM4OTEwLCJleHAiOjE3Nzg0MjUzMTB9.N9ACWxPCPXMINcotDZG_m6RG5OqI900zgWhLh0Taa5c
				Content-Type=application/json
Cookies:		<none>
Multiparts:		<none>
Body:
{
    "year": 2026
}
✅ Balances allocated for 2026
]]></system-out>
  </testcase>
  <testcase name="tc_leave_005_getAliceLeaveBalances" classname="com.rivio.tests.TC05_LeaveManagementTest" time="2.742">
    <system-out><![CDATA[Request method:	GET
Request URI:	https://riviobackendspringboot-production.up.railway.app/api/employees/3/leave-balances?year=2026
Proxy:			<none>
Request params:	<none>
Query params:	year=2026
Form params:	<none>
Path params:	<none>
Headers:		Accept=application/json, application/javascript, text/javascript, text/json
				Authorization=Bearer eyJhbGciOiJIUzI1NiJ9.eyJzdWIiOiJhZG1pbkByaXZpby5jb20iLCJ1c2VySWQiOjEsInJvbGUiOiJTdXBlciBBZG1pbiIsInBlcm1pc3Npb25zIjpbIk1BTkFHRV9TWVNURU1fU0VUVElOR1MiLCJBRERfRU1QTE9ZRUUiLCJFRElUX0VNUExPWUVFIiwiQVBQUk9WRV9MRUFWRV9BTEwiLCJBUFBST1ZFX0xFQVZFX1RFQU0iLCJSVU5fUEFZUk9MTCIsIlZJRVdfQUxMX1BBWVNMSVBTIiwiRURJVF9BVFRFTkRBTkNFX0FMTCIsIlZJRVdfT1dOX1BST0ZJTEUiXSwiaWF0IjoxNzc4MzM4OTEwLCJleHAiOjE3Nzg0MjUzMTB9.N9ACWxPCPXMINcotDZG_m6RG5OqI900zgWhLh0Taa5c
				Content-Type=application/json
Cookies:		<none>
Multiparts:		<none>
Body:			<none>
✅ Alice leave balances: 6 types
]]></system-out>
  </testcase>
  <testcase name="tc_leave_006_getAliceLeaveHistory" classname="com.rivio.tests.TC05_LeaveManagementTest" time="1.418">
    <failure message="Alice should have at least 1 seeded leave request expected [false] but found [true]" type="java.lang.AssertionError"><![CDATA[java.lang.AssertionError: Alice should have at least 1 seeded leave request expected [false] but found [true]
	at org.testng.Assert.fail(Assert.java:111)
	at org.testng.Assert.failNotEquals(Assert.java:1578)
	at org.testng.Assert.assertFalse(Assert.java:79)
	at com.rivio.tests.TC05_LeaveManagementTest.tc_leave_006_getAliceLeaveHistory(TC05_LeaveManagementTest.java:154)
	at java.base/jdk.internal.reflect.NativeMethodAccessorImpl.invoke0(Native Method)
	at java.base/jdk.internal.reflect.NativeMethodAccessorImpl.invoke(NativeMethodAccessorImpl.java:77)
	at java.base/jdk.internal.reflect.DelegatingMethodAccessorImpl.invoke(DelegatingMethodAccessorImpl.java:43)
	at java.base/java.lang.reflect.Method.invoke(Method.java:568)
	at org.testng.internal.invokers.MethodInvocationHelper.invokeMethod(MethodInvocationHelper.java:139)
	at org.testng.internal.invokers.TestInvoker.invokeMethod(TestInvoker.java:664)
	at org.testng.internal.invokers.TestInvoker.invokeTestMethod(TestInvoker.java:228)
	at org.testng.internal.invokers.MethodRunner.runInSequence(MethodRunner.java:63)
	at org.testng.internal.invokers.TestInvoker$MethodInvocationAgent.invoke(TestInvoker.java:961)
	at org.testng.internal.invokers.TestInvoker.invokeTestMethods(TestInvoker.java:201)
	at org.testng.internal.invokers.TestMethodWorker.invokeTestMethods(TestMethodWorker.java:148)
	at org.testng.internal.invokers.TestMethodWorker.run(TestMethodWorker.java:128)
	at java.base/java.util.ArrayList.forEach(ArrayList.java:1511)
	at org.testng.TestRunner.privateRun(TestRunner.java:819)
	at org.testng.TestRunner.run(TestRunner.java:619)
	at org.testng.SuiteRunner.runTest(SuiteRunner.java:443)
	at org.testng.SuiteRunner.runSequentially(SuiteRunner.java:437)
	at org.testng.SuiteRunner.privateRun(SuiteRunner.java:397)
	at org.testng.SuiteRunner.run(SuiteRunner.java:336)
	at org.testng.SuiteRunnerWorker.runSuite(SuiteRunnerWorker.java:52)
	at org.testng.SuiteRunnerWorker.run(SuiteRunnerWorker.java:95)
	at org.testng.TestNG.runSuitesSequentially(TestNG.java:1301)
	at org.testng.TestNG.runSuitesLocally(TestNG.java:1228)
	at org.testng.TestNG.runSuites(TestNG.java:1134)
	at org.testng.TestNG.run(TestNG.java:1101)
	at org.apache.maven.surefire.testng.TestNGExecutor.run(TestNGExecutor.java:308)
	at org.apache.maven.surefire.testng.TestNGXmlTestSuite.execute(TestNGXmlTestSuite.java:71)
	at org.apache.maven.surefire.testng.TestNGProvider.invoke(TestNGProvider.java:113)
	at org.apache.maven.surefire.booter.ForkedBooter.runSuitesInProcess(ForkedBooter.java:385)
	at org.apache.maven.surefire.booter.ForkedBooter.execute(ForkedBooter.java:162)
	at org.apache.maven.surefire.booter.ForkedBooter.run(ForkedBooter.java:507)
	at org.apache.maven.surefire.booter.ForkedBooter.main(ForkedBooter.java:495)
]]></failure>
    <system-out><![CDATA[Request method:	GET
Request URI:	https://riviobackendspringboot-production.up.railway.app/api/employees/3/leave-requests
Proxy:			<none>
Request params:	<none>
Query params:	<none>
Form params:	<none>
Path params:	<none>
Headers:		Accept=application/json, application/javascript, text/javascript, text/json
				Authorization=Bearer eyJhbGciOiJIUzI1NiJ9.eyJzdWIiOiJhZG1pbkByaXZpby5jb20iLCJ1c2VySWQiOjEsInJvbGUiOiJTdXBlciBBZG1pbiIsInBlcm1pc3Npb25zIjpbIk1BTkFHRV9TWVNURU1fU0VUVElOR1MiLCJBRERfRU1QTE9ZRUUiLCJFRElUX0VNUExPWUVFIiwiQVBQUk9WRV9MRUFWRV9BTEwiLCJBUFBST1ZFX0xFQVZFX1RFQU0iLCJSVU5fUEFZUk9MTCIsIlZJRVdfQUxMX1BBWVNMSVBTIiwiRURJVF9BVFRFTkRBTkNFX0FMTCIsIlZJRVdfT1dOX1BST0ZJTEUiXSwiaWF0IjoxNzc4MzM4OTEwLCJleHAiOjE3Nzg0MjUzMTB9.N9ACWxPCPXMINcotDZG_m6RG5OqI900zgWhLh0Taa5c
				Content-Type=application/json
Cookies:		<none>
Multiparts:		<none>
Body:			<none>
]]></system-out>
  </testcase>
  <testcase name="tc_leave_007_applyForLeave" classname="com.rivio.tests.TC05_LeaveManagementTest" time="2.568">
    <system-out><![CDATA[Request method:	POST
Request URI:	https://riviobackendspringboot-production.up.railway.app/api/leave-requests
Proxy:			<none>
Request params:	<none>
Query params:	<none>
Form params:	<none>
Path params:	<none>
Headers:		Accept=application/json, application/javascript, text/javascript, text/json
				Authorization=Bearer eyJhbGciOiJIUzI1NiJ9.eyJzdWIiOiJhZG1pbkByaXZpby5jb20iLCJ1c2VySWQiOjEsInJvbGUiOiJTdXBlciBBZG1pbiIsInBlcm1pc3Npb25zIjpbIk1BTkFHRV9TWVNURU1fU0VUVElOR1MiLCJBRERfRU1QTE9ZRUUiLCJFRElUX0VNUExPWUVFIiwiQVBQUk9WRV9MRUFWRV9BTEwiLCJBUFBST1ZFX0xFQVZFX1RFQU0iLCJSVU5fUEFZUk9MTCIsIlZJRVdfQUxMX1BBWVNMSVBTIiwiRURJVF9BVFRFTkRBTkNFX0FMTCIsIlZJRVdfT1dOX1BST0ZJTEUiXSwiaWF0IjoxNzc4MzM4OTEwLCJleHAiOjE3Nzg0MjUzMTB9.N9ACWxPCPXMINcotDZG_m6RG5OqI900zgWhLh0Taa5c
				Content-Type=application/json
Cookies:		<none>
Multiparts:		<none>
Body:
{
    "daysRequested": 2.0,
    "endDate": "2026-05-24",
    "employeeProfileId": 1,
    "leaveTypeId": 1,
    "startDate": "2026-05-23"
}
✅ Leave request created, ID: 7
]]></system-out>
  </testcase>
  <testcase name="tc_leave_008_approveLeave" classname="com.rivio.tests.TC05_LeaveManagementTest" time="3.477">
    <system-out><![CDATA[Request method:	PUT
Request URI:	https://riviobackendspringboot-production.up.railway.app/api/leave-status-updates/7
Proxy:			<none>
Request params:	<none>
Query params:	<none>
Form params:	<none>
Path params:	<none>
Headers:		Accept=application/json, application/javascript, text/javascript, text/json
				Authorization=Bearer eyJhbGciOiJIUzI1NiJ9.eyJzdWIiOiJhZG1pbkByaXZpby5jb20iLCJ1c2VySWQiOjEsInJvbGUiOiJTdXBlciBBZG1pbiIsInBlcm1pc3Npb25zIjpbIk1BTkFHRV9TWVNURU1fU0VUVElOR1MiLCJBRERfRU1QTE9ZRUUiLCJFRElUX0VNUExPWUVFIiwiQVBQUk9WRV9MRUFWRV9BTEwiLCJBUFBST1ZFX0xFQVZFX1RFQU0iLCJSVU5fUEFZUk9MTCIsIlZJRVdfQUxMX1BBWVNMSVBTIiwiRURJVF9BVFRFTkRBTkNFX0FMTCIsIlZJRVdfT1dOX1BST0ZJTEUiXSwiaWF0IjoxNzc4MzM4OTEwLCJleHAiOjE3Nzg0MjUzMTB9.N9ACWxPCPXMINcotDZG_m6RG5OqI900zgWhLh0Taa5c
				X-Manager-Id=1
				Content-Type=application/json
Cookies:		<none>
Multiparts:		<none>
Body:
{
    "status": "APPROVED"
}
✅ Leave approved, ID: 7
]]></system-out>
  </testcase>
  <testcase name="tc_leave_009_withdrawLeave" classname="com.rivio.tests.TC05_LeaveManagementTest" time="5.154">
    <system-out><![CDATA[Request method:	POST
Request URI:	https://riviobackendspringboot-production.up.railway.app/api/leave-requests
Proxy:			<none>
Request params:	<none>
Query params:	<none>
Form params:	<none>
Path params:	<none>
Headers:		Accept=application/json, application/javascript, text/javascript, text/json
				Authorization=Bearer eyJhbGciOiJIUzI1NiJ9.eyJzdWIiOiJhZG1pbkByaXZpby5jb20iLCJ1c2VySWQiOjEsInJvbGUiOiJTdXBlciBBZG1pbiIsInBlcm1pc3Npb25zIjpbIk1BTkFHRV9TWVNURU1fU0VUVElOR1MiLCJBRERfRU1QTE9ZRUUiLCJFRElUX0VNUExPWUVFIiwiQVBQUk9WRV9MRUFWRV9BTEwiLCJBUFBST1ZFX0xFQVZFX1RFQU0iLCJSVU5fUEFZUk9MTCIsIlZJRVdfQUxMX1BBWVNMSVBTIiwiRURJVF9BVFRFTkRBTkNFX0FMTCIsIlZJRVdfT1dOX1BST0ZJTEUiXSwiaWF0IjoxNzc4MzM4OTEwLCJleHAiOjE3Nzg0MjUzMTB9.N9ACWxPCPXMINcotDZG_m6RG5OqI900zgWhLh0Taa5c
				Content-Type=application/json
Cookies:		<none>
Multiparts:		<none>
Body:
{
    "daysRequested": 1.0,
    "endDate": "2026-06-08",
    "employeeProfileId": 1,
    "leaveTypeId": 2,
    "startDate": "2026-06-08"
}
Request method:	DELETE
Request URI:	https://riviobackendspringboot-production.up.railway.app/api/leave-requests/8
Proxy:			<none>
Request params:	<none>
Query params:	<none>
Form params:	<none>
Path params:	<none>
Headers:		Accept=application/json, application/javascript, text/javascript, text/json
				Authorization=Bearer eyJhbGciOiJIUzI1NiJ9.eyJzdWIiOiJhZG1pbkByaXZpby5jb20iLCJ1c2VySWQiOjEsInJvbGUiOiJTdXBlciBBZG1pbiIsInBlcm1pc3Npb25zIjpbIk1BTkFHRV9TWVNURU1fU0VUVElOR1MiLCJBRERfRU1QTE9ZRUUiLCJFRElUX0VNUExPWUVFIiwiQVBQUk9WRV9MRUFWRV9BTEwiLCJBUFBST1ZFX0xFQVZFX1RFQU0iLCJSVU5fUEFZUk9MTCIsIlZJRVdfQUxMX1BBWVNMSVBTIiwiRURJVF9BVFRFTkRBTkNFX0FMTCIsIlZJRVdfT1dOX1BST0ZJTEUiXSwiaWF0IjoxNzc4MzM4OTEwLCJleHAiOjE3Nzg0MjUzMTB9.N9ACWxPCPXMINcotDZG_m6RG5OqI900zgWhLh0Taa5c
				Content-Type=application/json
Cookies:		<none>
Multiparts:		<none>
Body:			<none>
✅ Leave withdrawn, ID: 8
]]></system-out>
  </testcase>
  <testcase name="tc_leave_010_deleteLeaveType" classname="com.rivio.tests.TC05_LeaveManagementTest" time="2.801">
    <system-out><![CDATA[Request method:	DELETE
Request URI:	https://riviobackendspringboot-production.up.railway.app/api/leave-types/6
Proxy:			<none>
Request params:	<none>
Query params:	<none>
Form params:	<none>
Path params:	<none>
Headers:		Accept=application/json, application/javascript, text/javascript, text/json
				Authorization=Bearer eyJhbGciOiJIUzI1NiJ9.eyJzdWIiOiJhZG1pbkByaXZpby5jb20iLCJ1c2VySWQiOjEsInJvbGUiOiJTdXBlciBBZG1pbiIsInBlcm1pc3Npb25zIjpbIk1BTkFHRV9TWVNURU1fU0VUVElOR1MiLCJBRERfRU1QTE9ZRUUiLCJFRElUX0VNUExPWUVFIiwiQVBQUk9WRV9MRUFWRV9BTEwiLCJBUFBST1ZFX0xFQVZFX1RFQU0iLCJSVU5fUEFZUk9MTCIsIlZJRVdfQUxMX1BBWVNMSVBTIiwiRURJVF9BVFRFTkRBTkNFX0FMTCIsIlZJRVdfT1dOX1BST0ZJTEUiXSwiaWF0IjoxNzc4MzM4OTEwLCJleHAiOjE3Nzg0MjUzMTB9.N9ACWxPCPXMINcotDZG_m6RG5OqI900zgWhLh0Taa5c
				Content-Type=application/json
Cookies:		<none>
Multiparts:		<none>
Body:			<none>
ℹ️ Delete blocked by referential integrity (expected): {"success":false,"message":"An unexpected error occurred: Cannot delete Leave Type: Employees currently have active balances or historical requests under this type.","timestamp":"2026-05-09T15:04:54.899903324"}
]]></system-out>
  </testcase>
  <testcase name="tc_att_001_getOrgAttendanceSeededDate" classname="com.rivio.tests.TC06_AttendanceSchedulingTest" time="2.748">
    <system-out><![CDATA[Request method:	GET
Request URI:	https://riviobackendspringboot-production.up.railway.app/api/attendance?date=2026-01-02
Proxy:			<none>
Request params:	<none>
Query params:	date=2026-01-02
Form params:	<none>
Path params:	<none>
Headers:		Accept=application/json, application/javascript, text/javascript, text/json
				Authorization=Bearer eyJhbGciOiJIUzI1NiJ9.eyJzdWIiOiJhZG1pbkByaXZpby5jb20iLCJ1c2VySWQiOjEsInJvbGUiOiJTdXBlciBBZG1pbiIsInBlcm1pc3Npb25zIjpbIk1BTkFHRV9TWVNURU1fU0VUVElOR1MiLCJBRERfRU1QTE9ZRUUiLCJFRElUX0VNUExPWUVFIiwiQVBQUk9WRV9MRUFWRV9BTEwiLCJBUFBST1ZFX0xFQVZFX1RFQU0iLCJSVU5fUEFZUk9MTCIsIlZJRVdfQUxMX1BBWVNMSVBTIiwiRURJVF9BVFRFTkRBTkNFX0FMTCIsIlZJRVdfT1dOX1BST0ZJTEUiXSwiaWF0IjoxNzc4MzM4OTEwLCJleHAiOjE3Nzg0MjUzMTB9.N9ACWxPCPXMINcotDZG_m6RG5OqI900zgWhLh0Taa5c
				Content-Type=application/json
Cookies:		<none>
Multiparts:		<none>
Body:			<none>
✅ Attendance for 2026-01-02: 5 records
]]></system-out>
  </testcase>
  <testcase name="tc_att_002_getOrgAttendanceToday" classname="com.rivio.tests.TC06_AttendanceSchedulingTest" time="1.685">
    <system-out><![CDATA[Request method:	GET
Request URI:	https://riviobackendspringboot-production.up.railway.app/api/attendance?date=2026-05-09
Proxy:			<none>
Request params:	<none>
Query params:	date=2026-05-09
Form params:	<none>
Path params:	<none>
Headers:		Accept=application/json, application/javascript, text/javascript, text/json
				Authorization=Bearer eyJhbGciOiJIUzI1NiJ9.eyJzdWIiOiJhZG1pbkByaXZpby5jb20iLCJ1c2VySWQiOjEsInJvbGUiOiJTdXBlciBBZG1pbiIsInBlcm1pc3Npb25zIjpbIk1BTkFHRV9TWVNURU1fU0VUVElOR1MiLCJBRERfRU1QTE9ZRUUiLCJFRElUX0VNUExPWUVFIiwiQVBQUk9WRV9MRUFWRV9BTEwiLCJBUFBST1ZFX0xFQVZFX1RFQU0iLCJSVU5fUEFZUk9MTCIsIlZJRVdfQUxMX1BBWVNMSVBTIiwiRURJVF9BVFRFTkRBTkNFX0FMTCIsIlZJRVdfT1dOX1BST0ZJTEUiXSwiaWF0IjoxNzc4MzM4OTEwLCJleHAiOjE3Nzg0MjUzMTB9.N9ACWxPCPXMINcotDZG_m6RG5OqI900zgWhLh0Taa5c
				Content-Type=application/json
Cookies:		<none>
Multiparts:		<none>
Body:			<none>
✅ Today's attendance fetched. Records: 1
]]></system-out>
  </testcase>
  <testcase name="tc_att_003_getEmployeeAttendanceHistory" classname="com.rivio.tests.TC06_AttendanceSchedulingTest" time="1.861">
    <system-out><![CDATA[Request method:	GET
Request URI:	https://riviobackendspringboot-production.up.railway.app/api/attendance/employee/1/history?startDate=2026-01-01&endDate=2026-01-31
Proxy:			<none>
Request params:	<none>
Query params:	startDate=2026-01-01
				endDate=2026-01-31
Form params:	<none>
Path params:	<none>
Headers:		Accept=application/json, application/javascript, text/javascript, text/json
				Authorization=Bearer eyJhbGciOiJIUzI1NiJ9.eyJzdWIiOiJhZG1pbkByaXZpby5jb20iLCJ1c2VySWQiOjEsInJvbGUiOiJTdXBlciBBZG1pbiIsInBlcm1pc3Npb25zIjpbIk1BTkFHRV9TWVNURU1fU0VUVElOR1MiLCJBRERfRU1QTE9ZRUUiLCJFRElUX0VNUExPWUVFIiwiQVBQUk9WRV9MRUFWRV9BTEwiLCJBUFBST1ZFX0xFQVZFX1RFQU0iLCJSVU5fUEFZUk9MTCIsIlZJRVdfQUxMX1BBWVNMSVBTIiwiRURJVF9BVFRFTkRBTkNFX0FMTCIsIlZJRVdfT1dOX1BST0ZJTEUiXSwiaWF0IjoxNzc4MzM4OTEwLCJleHAiOjE3Nzg0MjUzMTB9.N9ACWxPCPXMINcotDZG_m6RG5OqI900zgWhLh0Taa5c
				Content-Type=application/json
Cookies:		<none>
Multiparts:		<none>
Body:			<none>
✅ John Doe Jan 2026 history: 22 records
]]></system-out>
  </testcase>
  <testcase name="tc_att_004_manualPunchIn" classname="com.rivio.tests.TC06_AttendanceSchedulingTest" time="2.111">
    <system-out><![CDATA[Request method:	POST
Request URI:	https://riviobackendspringboot-production.up.railway.app/api/attendance
Proxy:			<none>
Request params:	<none>
Query params:	<none>
Form params:	<none>
Path params:	<none>
Headers:		Accept=application/json, application/javascript, text/javascript, text/json
				Authorization=Bearer eyJhbGciOiJIUzI1NiJ9.eyJzdWIiOiJhZG1pbkByaXZpby5jb20iLCJ1c2VySWQiOjEsInJvbGUiOiJTdXBlciBBZG1pbiIsInBlcm1pc3Npb25zIjpbIk1BTkFHRV9TWVNURU1fU0VUVElOR1MiLCJBRERfRU1QTE9ZRUUiLCJFRElUX0VNUExPWUVFIiwiQVBQUk9WRV9MRUFWRV9BTEwiLCJBUFBST1ZFX0xFQVZFX1RFQU0iLCJSVU5fUEFZUk9MTCIsIlZJRVdfQUxMX1BBWVNMSVBTIiwiRURJVF9BVFRFTkRBTkNFX0FMTCIsIlZJRVdfT1dOX1BST0ZJTEUiXSwiaWF0IjoxNzc4MzM4OTEwLCJleHAiOjE3Nzg0MjUzMTB9.N9ACWxPCPXMINcotDZG_m6RG5OqI900zgWhLh0Taa5c
				X-User-Id=1
				Content-Type=application/json
Cookies:		<none>
Multiparts:		<none>
Body:
{
    "date": "2026-05-09",
    "punchOut": null,
    "employeeProfileId": 1,
    "punchIn": "2026-05-09T09:00:00"
}
⚠️ Already punched in today — skipping punch-out (HTTP 400)
]]></system-out>
  </testcase>
  <testcase name="tc_att_005_manualPunchOut" classname="com.rivio.tests.TC06_AttendanceSchedulingTest" time="0.007">
    <system-out><![CDATA[⚠️ No new attendance ID — skipping punch-out
]]></system-out>
  </testcase>
  <testcase name="tc_att_006_downloadCsvTemplate" classname="com.rivio.tests.TC06_AttendanceSchedulingTest" time="1.013">
    <system-out><![CDATA[Request method:	GET
Request URI:	https://riviobackendspringboot-production.up.railway.app/api/attendance/upload/template
Proxy:			<none>
Request params:	<none>
Query params:	<none>
Form params:	<none>
Path params:	<none>
Headers:		Accept=application/json, application/javascript, text/javascript, text/json
				Authorization=Bearer eyJhbGciOiJIUzI1NiJ9.eyJzdWIiOiJhZG1pbkByaXZpby5jb20iLCJ1c2VySWQiOjEsInJvbGUiOiJTdXBlciBBZG1pbiIsInBlcm1pc3Npb25zIjpbIk1BTkFHRV9TWVNURU1fU0VUVElOR1MiLCJBRERfRU1QTE9ZRUUiLCJFRElUX0VNUExPWUVFIiwiQVBQUk9WRV9MRUFWRV9BTEwiLCJBUFBST1ZFX0xFQVZFX1RFQU0iLCJSVU5fUEFZUk9MTCIsIlZJRVdfQUxMX1BBWVNMSVBTIiwiRURJVF9BVFRFTkRBTkNFX0FMTCIsIlZJRVdfT1dOX1BST0ZJTEUiXSwiaWF0IjoxNzc4MzM4OTEwLCJleHAiOjE3Nzg0MjUzMTB9.N9ACWxPCPXMINcotDZG_m6RG5OqI900zgWhLh0Taa5c
				Content-Type=application/json
Cookies:		<none>
Multiparts:		<none>
Body:			<none>
✅ CSV template endpoint responded: 200
]]></system-out>
  </testcase>
  <testcase name="tc_att_007_getAllWorkDays" classname="com.rivio.tests.TC06_AttendanceSchedulingTest" time="2.673">
    <system-out><![CDATA[Request method:	GET
Request URI:	https://riviobackendspringboot-production.up.railway.app/api/work-days
Proxy:			<none>
Request params:	<none>
Query params:	<none>
Form params:	<none>
Path params:	<none>
Headers:		Accept=application/json, application/javascript, text/javascript, text/json
				Authorization=Bearer eyJhbGciOiJIUzI1NiJ9.eyJzdWIiOiJhZG1pbkByaXZpby5jb20iLCJ1c2VySWQiOjEsInJvbGUiOiJTdXBlciBBZG1pbiIsInBlcm1pc3Npb25zIjpbIk1BTkFHRV9TWVNURU1fU0VUVElOR1MiLCJBRERfRU1QTE9ZRUUiLCJFRElUX0VNUExPWUVFIiwiQVBQUk9WRV9MRUFWRV9BTEwiLCJBUFBST1ZFX0xFQVZFX1RFQU0iLCJSVU5fUEFZUk9MTCIsIlZJRVdfQUxMX1BBWVNMSVBTIiwiRURJVF9BVFRFTkRBTkNFX0FMTCIsIlZJRVdfT1dOX1BST0ZJTEUiXSwiaWF0IjoxNzc4MzM4OTEwLCJleHAiOjE3Nzg0MjUzMTB9.N9ACWxPCPXMINcotDZG_m6RG5OqI900zgWhLh0Taa5c
				Content-Type=application/json
Cookies:		<none>
Multiparts:		<none>
Body:			<none>
✅ Work days verified: 5 working, 2 off
]]></system-out>
  </testcase>
  <testcase name="tc_att_008_updateWorkDay" classname="com.rivio.tests.TC06_AttendanceSchedulingTest" time="8.38">
    <system-out><![CDATA[Request method:	PUT
Request URI:	https://riviobackendspringboot-production.up.railway.app/api/work-days/6
Proxy:			<none>
Request params:	<none>
Query params:	<none>
Form params:	<none>
Path params:	<none>
Headers:		Accept=application/json, application/javascript, text/javascript, text/json
				Authorization=Bearer eyJhbGciOiJIUzI1NiJ9.eyJzdWIiOiJhZG1pbkByaXZpby5jb20iLCJ1c2VySWQiOjEsInJvbGUiOiJTdXBlciBBZG1pbiIsInBlcm1pc3Npb25zIjpbIk1BTkFHRV9TWVNURU1fU0VUVElOR1MiLCJBRERfRU1QTE9ZRUUiLCJFRElUX0VNUExPWUVFIiwiQVBQUk9WRV9MRUFWRV9BTEwiLCJBUFBST1ZFX0xFQVZFX1RFQU0iLCJSVU5fUEFZUk9MTCIsIlZJRVdfQUxMX1BBWVNMSVBTIiwiRURJVF9BVFRFTkRBTkNFX0FMTCIsIlZJRVdfT1dOX1BST0ZJTEUiXSwiaWF0IjoxNzc4MzM4OTEwLCJleHAiOjE3Nzg0MjUzMTB9.N9ACWxPCPXMINcotDZG_m6RG5OqI900zgWhLh0Taa5c
				Content-Type=application/json
Cookies:		<none>
Multiparts:		<none>
Body:
{
    "isWorkingDay": true
}
Request method:	PUT
Request URI:	https://riviobackendspringboot-production.up.railway.app/api/work-days/6
Proxy:			<none>
Request params:	<none>
Query params:	<none>
Form params:	<none>
Path params:	<none>
Headers:		Accept=application/json, application/javascript, text/javascript, text/json
				Authorization=Bearer eyJhbGciOiJIUzI1NiJ9.eyJzdWIiOiJhZG1pbkByaXZpby5jb20iLCJ1c2VySWQiOjEsInJvbGUiOiJTdXBlciBBZG1pbiIsInBlcm1pc3Npb25zIjpbIk1BTkFHRV9TWVNURU1fU0VUVElOR1MiLCJBRERfRU1QTE9ZRUUiLCJFRElUX0VNUExPWUVFIiwiQVBQUk9WRV9MRUFWRV9BTEwiLCJBUFBST1ZFX0xFQVZFX1RFQU0iLCJSVU5fUEFZUk9MTCIsIlZJRVdfQUxMX1BBWVNMSVBTIiwiRURJVF9BVFRFTkRBTkNFX0FMTCIsIlZJRVdfT1dOX1BST0ZJTEUiXSwiaWF0IjoxNzc4MzM4OTEwLCJleHAiOjE3Nzg0MjUzMTB9.N9ACWxPCPXMINcotDZG_m6RG5OqI900zgWhLh0Taa5c
				Content-Type=application/json
Cookies:		<none>
Multiparts:		<none>
Body:
{
    "isWorkingDay": false
}
✅ Saturday toggled working → reverted back to off
]]></system-out>
  </testcase>
[...]
	at org.testng.SuiteRunnerWorker.runSuite(SuiteRunnerWorker.java:52)
	at org.testng.SuiteRunnerWorker.run(SuiteRunnerWorker.java:95)
	at org.testng.TestNG.runSuitesSequentially(TestNG.java:1301)
	at org.testng.TestNG.runSuitesLocally(TestNG.java:1228)
	at org.testng.TestNG.runSuites(TestNG.java:1134)
	at org.testng.TestNG.run(TestNG.java:1101)
	at org.apache.maven.surefire.testng.TestNGExecutor.run(TestNGExecutor.java:308)
	at org.apache.maven.surefire.testng.TestNGXmlTestSuite.execute(TestNGXmlTestSuite.java:71)
	at org.apache.maven.surefire.testng.TestNGProvider.invoke(TestNGProvider.java:113)
	at org.apache.maven.surefire.booter.ForkedBooter.runSuitesInProcess(ForkedBooter.java:385)
	at org.apache.maven.surefire.booter.ForkedBooter.execute(ForkedBooter.java:162)
	at org.apache.maven.surefire.booter.ForkedBooter.run(ForkedBooter.java:507)
	at org.apache.maven.surefire.booter.ForkedBooter.main(ForkedBooter.java:495)
]]></failure>
    <system-out><![CDATA[Request method:	GET
Request URI:	https://riviobackendspringboot-production.up.railway.app/api/salary-components/employee/1
Proxy:			<none>
Request params:	<none>
Query params:	<none>
Form params:	<none>
Path params:	<none>
Headers:		Accept=application/json, application/javascript, text/javascript, text/json
				Authorization=Bearer eyJhbGciOiJIUzI1NiJ9.eyJzdWIiOiJhZG1pbkByaXZpby5jb20iLCJ1c2VySWQiOjEsInJvbGUiOiJTdXBlciBBZG1pbiIsInBlcm1pc3Npb25zIjpbIk1BTkFHRV9TWVNURU1fU0VUVElOR1MiLCJBRERfRU1QTE9ZRUUiLCJFRElUX0VNUExPWUVFIiwiQVBQUk9WRV9MRUFWRV9BTEwiLCJBUFBST1ZFX0xFQVZFX1RFQU0iLCJSVU5fUEFZUk9MTCIsIlZJRVdfQUxMX1BBWVNMSVBTIiwiRURJVF9BVFRFTkRBTkNFX0FMTCIsIlZJRVdfT1dOX1BST0ZJTEUiXSwiaWF0IjoxNzc4MzM4OTEwLCJleHAiOjE3Nzg0MjUzMTB9.N9ACWxPCPXMINcotDZG_m6RG5OqI900zgWhLh0Taa5c
				Content-Type=application/json
Cookies:		<none>
Multiparts:		<none>
Body:			<none>
]]></system-out>
  </testcase>
  <testcase name="tc_pay_002_getSalaryComponentsBob" classname="com.rivio.tests.TC08_PayrollTest" time="1.811">
    <failure message="expected [true] but found [false]" type="java.lang.AssertionError"><![CDATA[java.lang.AssertionError: expected [true] but found [false]
	at org.testng.Assert.fail(Assert.java:111)
	at org.testng.Assert.failNotEquals(Assert.java:1578)
	at org.testng.Assert.assertTrue(Assert.java:57)
	at org.testng.Assert.assertTrue(Assert.java:67)
	at com.rivio.tests.TC08_PayrollTest.tc_pay_002_getSalaryComponentsBob(TC08_PayrollTest.java:69)
	at java.base/jdk.internal.reflect.NativeMethodAccessorImpl.invoke0(Native Method)
	at java.base/jdk.internal.reflect.NativeMethodAccessorImpl.invoke(NativeMethodAccessorImpl.java:77)
	at java.base/jdk.internal.reflect.DelegatingMethodAccessorImpl.invoke(DelegatingMethodAccessorImpl.java:43)
	at java.base/java.lang.reflect.Method.invoke(Method.java:568)
	at org.testng.internal.invokers.MethodInvocationHelper.invokeMethod(MethodInvocationHelper.java:139)
	at org.testng.internal.invokers.TestInvoker.invokeMethod(TestInvoker.java:664)
	at org.testng.internal.invokers.TestInvoker.invokeTestMethod(TestInvoker.java:228)
	at org.testng.internal.invokers.MethodRunner.runInSequence(MethodRunner.java:63)
	at org.testng.internal.invokers.TestInvoker$MethodInvocationAgent.invoke(TestInvoker.java:961)
	at org.testng.internal.invokers.TestInvoker.invokeTestMethods(TestInvoker.java:201)
	at org.testng.internal.invokers.TestMethodWorker.invokeTestMethods(TestMethodWorker.java:148)
	at org.testng.internal.invokers.TestMethodWorker.run(TestMethodWorker.java:128)
	at java.base/java.util.ArrayList.forEach(ArrayList.java:1511)
	at org.testng.TestRunner.privateRun(TestRunner.java:819)
	at org.testng.TestRunner.run(TestRunner.java:619)
	at org.testng.SuiteRunner.runTest(SuiteRunner.java:443)
	at org.testng.SuiteRunner.runSequentially(SuiteRunner.java:437)
	at org.testng.SuiteRunner.privateRun(SuiteRunner.java:397)
	at org.testng.SuiteRunner.run(SuiteRunner.java:336)
	at org.testng.SuiteRunnerWorker.runSuite(SuiteRunnerWorker.java:52)
	at org.testng.SuiteRunnerWorker.run(SuiteRunnerWorker.java:95)
	at org.testng.TestNG.runSuitesSequentially(TestNG.java:1301)
	at org.testng.TestNG.runSuitesLocally(TestNG.java:1228)
	at org.testng.TestNG.runSuites(TestNG.java:1134)
	at org.testng.TestNG.run(TestNG.java:1101)
	at org.apache.maven.surefire.testng.TestNGExecutor.run(TestNGExecutor.java:308)
	at org.apache.maven.surefire.testng.TestNGXmlTestSuite.execute(TestNGXmlTestSuite.java:71)
	at org.apache.maven.surefire.testng.TestNGProvider.invoke(TestNGProvider.java:113)
	at org.apache.maven.surefire.booter.ForkedBooter.runSuitesInProcess(ForkedBooter.java:385)
	at org.apache.maven.surefire.booter.ForkedBooter.execute(ForkedBooter.java:162)
	at org.apache.maven.surefire.booter.ForkedBooter.run(ForkedBooter.java:507)
	at org.apache.maven.surefire.booter.ForkedBooter.main(ForkedBooter.java:495)
]]></failure>
    <system-out><![CDATA[Request method:	GET
Request URI:	https://riviobackendspringboot-production.up.railway.app/api/salary-components/employee/4
Proxy:			<none>
Request params:	<none>
Query params:	<none>
Form params:	<none>
Path params:	<none>
Headers:		Accept=application/json, application/javascript, text/javascript, text/json
				Authorization=Bearer eyJhbGciOiJIUzI1NiJ9.eyJzdWIiOiJhZG1pbkByaXZpby5jb20iLCJ1c2VySWQiOjEsInJvbGUiOiJTdXBlciBBZG1pbiIsInBlcm1pc3Npb25zIjpbIk1BTkFHRV9TWVNURU1fU0VUVElOR1MiLCJBRERfRU1QTE9ZRUUiLCJFRElUX0VNUExPWUVFIiwiQVBQUk9WRV9MRUFWRV9BTEwiLCJBUFBST1ZFX0xFQVZFX1RFQU0iLCJSVU5fUEFZUk9MTCIsIlZJRVdfQUxMX1BBWVNMSVBTIiwiRURJVF9BVFRFTkRBTkNFX0FMTCIsIlZJRVdfT1dOX1BST0ZJTEUiXSwiaWF0IjoxNzc4MzM4OTEwLCJleHAiOjE3Nzg0MjUzMTB9.N9ACWxPCPXMINcotDZG_m6RG5OqI900zgWhLh0Taa5c
				Content-Type=application/json
Cookies:		<none>
Multiparts:		<none>
Body:			<none>
]]></system-out>
  </testcase>
  <testcase name="tc_pay_003_createSalaryComponent" classname="com.rivio.tests.TC08_PayrollTest" time="2.778">
    <system-out><![CDATA[Request method:	POST
Request URI:	https://riviobackendspringboot-production.up.railway.app/api/salary-components/employee/3
Proxy:			<none>
Request params:	<none>
Query params:	<none>
Form params:	<none>
Path params:	<none>
Headers:		Accept=application/json, application/javascript, text/javascript, text/json
				Authorization=Bearer eyJhbGciOiJIUzI1NiJ9.eyJzdWIiOiJhZG1pbkByaXZpby5jb20iLCJ1c2VySWQiOjEsInJvbGUiOiJTdXBlciBBZG1pbiIsInBlcm1pc3Npb25zIjpbIk1BTkFHRV9TWVNURU1fU0VUVElOR1MiLCJBRERfRU1QTE9ZRUUiLCJFRElUX0VNUExPWUVFIiwiQVBQUk9WRV9MRUFWRV9BTEwiLCJBUFBST1ZFX0xFQVZFX1RFQU0iLCJSVU5fUEFZUk9MTCIsIlZJRVdfQUxMX1BBWVNMSVBTIiwiRURJVF9BVFRFTkRBTkNFX0FMTCIsIlZJRVdfT1dOX1BST0ZJTEUiXSwiaWF0IjoxNzc4MzM4OTEwLCJleHAiOjE3Nzg0MjUzMTB9.N9ACWxPCPXMINcotDZG_m6RG5OqI900zgWhLh0Taa5c
				Content-Type=application/json
Cookies:		<none>
Multiparts:		<none>
Body:
{
    "name": "Transport Allowance",
    "type": "EARNING",
    "value": 5000.0
}
✅ Salary component created, ID: 25
]]></system-out>
  </testcase>
  <testcase name="tc_pay_004_updateSalaryComponent" classname="com.rivio.tests.TC08_PayrollTest" time="3.007">
    <system-out><![CDATA[Request method:	PUT
Request URI:	https://riviobackendspringboot-production.up.railway.app/api/salary-components/25
Proxy:			<none>
Request params:	<none>
Query params:	<none>
Form params:	<none>
Path params:	<none>
Headers:		Accept=application/json, application/javascript, text/javascript, text/json
				Authorization=Bearer eyJhbGciOiJIUzI1NiJ9.eyJzdWIiOiJhZG1pbkByaXZpby5jb20iLCJ1c2VySWQiOjEsInJvbGUiOiJTdXBlciBBZG1pbiIsInBlcm1pc3Npb25zIjpbIk1BTkFHRV9TWVNURU1fU0VUVElOR1MiLCJBRERfRU1QTE9ZRUUiLCJFRElUX0VNUExPWUVFIiwiQVBQUk9WRV9MRUFWRV9BTEwiLCJBUFBST1ZFX0xFQVZFX1RFQU0iLCJSVU5fUEFZUk9MTCIsIlZJRVdfQUxMX1BBWVNMSVBTIiwiRURJVF9BVFRFTkRBTkNFX0FMTCIsIlZJRVdfT1dOX1BST0ZJTEUiXSwiaWF0IjoxNzc4MzM4OTEwLCJleHAiOjE3Nzg0MjUzMTB9.N9ACWxPCPXMINcotDZG_m6RG5OqI900zgWhLh0Taa5c
				Content-Type=application/json
Cookies:		<none>
Multiparts:		<none>
Body:
{
    "name": "Transport Allowance",
    "type": "EARNING",
    "value": 6000.0
}
✅ Transport Allowance updated to 6000
]]></system-out>
  </testcase>
  <testcase name="tc_pay_005_deleteSalaryComponent" classname="com.rivio.tests.TC08_PayrollTest" time="2.384">
    <system-out><![CDATA[Request method:	DELETE
Request URI:	https://riviobackendspringboot-production.up.railway.app/api/salary-components/25
Proxy:			<none>
Request params:	<none>
Query params:	<none>
Form params:	<none>
Path params:	<none>
Headers:		Accept=application/json, application/javascript, text/javascript, text/json
				Authorization=Bearer eyJhbGciOiJIUzI1NiJ9.eyJzdWIiOiJhZG1pbkByaXZpby5jb20iLCJ1c2VySWQiOjEsInJvbGUiOiJTdXBlciBBZG1pbiIsInBlcm1pc3Npb25zIjpbIk1BTkFHRV9TWVNURU1fU0VUVElOR1MiLCJBRERfRU1QTE9ZRUUiLCJFRElUX0VNUExPWUVFIiwiQVBQUk9WRV9MRUFWRV9BTEwiLCJBUFBST1ZFX0xFQVZFX1RFQU0iLCJSVU5fUEFZUk9MTCIsIlZJRVdfQUxMX1BBWVNMSVBTIiwiRURJVF9BVFRFTkRBTkNFX0FMTCIsIlZJRVdfT1dOX1BST0ZJTEUiXSwiaWF0IjoxNzc4MzM4OTEwLCJleHAiOjE3Nzg0MjUzMTB9.N9ACWxPCPXMINcotDZG_m6RG5OqI900zgWhLh0Taa5c
				Content-Type=application/json
Cookies:		<none>
Multiparts:		<none>
Body:			<none>
✅ Transport Allowance deleted
]]></system-out>
  </testcase>
  <testcase name="tc_pay_006_listPayCycles" classname="com.rivio.tests.TC08_PayrollTest" time="2.645">
    <system-out><![CDATA[Request method:	GET
Request URI:	https://riviobackendspringboot-production.up.railway.app/api/pay-cycles
Proxy:			<none>
Request params:	<none>
Query params:	<none>
Form params:	<none>
Path params:	<none>
Headers:		Accept=application/json, application/javascript, text/javascript, text/json
				Authorization=Bearer eyJhbGciOiJIUzI1NiJ9.eyJzdWIiOiJhZG1pbkByaXZpby5jb20iLCJ1c2VySWQiOjEsInJvbGUiOiJTdXBlciBBZG1pbiIsInBlcm1pc3Npb25zIjpbIk1BTkFHRV9TWVNURU1fU0VUVElOR1MiLCJBRERfRU1QTE9ZRUUiLCJFRElUX0VNUExPWUVFIiwiQVBQUk9WRV9MRUFWRV9BTEwiLCJBUFBST1ZFX0xFQVZFX1RFQU0iLCJSVU5fUEFZUk9MTCIsIlZJRVdfQUxMX1BBWVNMSVBTIiwiRURJVF9BVFRFTkRBTkNFX0FMTCIsIlZJRVdfT1dOX1BST0ZJTEUiXSwiaWF0IjoxNzc4MzM4OTEwLCJleHAiOjE3Nzg0MjUzMTB9.N9ACWxPCPXMINcotDZG_m6RG5OqI900zgWhLh0Taa5c
				Content-Type=application/json
Cookies:		<none>
Multiparts:		<none>
Body:			<none>
✅ Pay cycles: 6
]]></system-out>
  </testcase>
  <testcase name="tc_pay_007_searchPayCycles" classname="com.rivio.tests.TC08_PayrollTest" time="1.502">
    <system-out><![CDATA[Request method:	GET
Request URI:	https://riviobackendspringboot-production.up.railway.app/api/pay-cycles?name=February
Proxy:			<none>
Request params:	<none>
Query params:	name=February
Form params:	<none>
Path params:	<none>
Headers:		Accept=application/json, application/javascript, text/javascript, text/json
				Authorization=Bearer eyJhbGciOiJIUzI1NiJ9.eyJzdWIiOiJhZG1pbkByaXZpby5jb20iLCJ1c2VySWQiOjEsInJvbGUiOiJTdXBlciBBZG1pbiIsInBlcm1pc3Npb25zIjpbIk1BTkFHRV9TWVNURU1fU0VUVElOR1MiLCJBRERfRU1QTE9ZRUUiLCJFRElUX0VNUExPWUVFIiwiQVBQUk9WRV9MRUFWRV9BTEwiLCJBUFBST1ZFX0xFQVZFX1RFQU0iLCJSVU5fUEFZUk9MTCIsIlZJRVdfQUxMX1BBWVNMSVBTIiwiRURJVF9BVFRFTkRBTkNFX0FMTCIsIlZJRVdfT1dOX1BST0ZJTEUiXSwiaWF0IjoxNzc4MzM4OTEwLCJleHAiOjE3Nzg0MjUzMTB9.N9ACWxPCPXMINcotDZG_m6RG5OqI900zgWhLh0Taa5c
				Content-Type=application/json
Cookies:		<none>
Multiparts:		<none>
Body:			<none>
✅ Search 'February' complete
]]></system-out>
  </testcase>
  <testcase name="tc_pay_008_createPayCycle" classname="com.rivio.tests.TC08_PayrollTest" time="3.232">
    <system-out><![CDATA[Request method:	POST
Request URI:	https://riviobackendspringboot-production.up.railway.app/api/pay-cycles
Proxy:			<none>
Request params:	<none>
Query params:	<none>
Form params:	<none>
Path params:	<none>
Headers:		Accept=application/json, application/javascript, text/javascript, text/json
				Authorization=Bearer eyJhbGciOiJIUzI1NiJ9.eyJzdWIiOiJhZG1pbkByaXZpby5jb20iLCJ1c2VySWQiOjEsInJvbGUiOiJTdXBlciBBZG1pbiIsInBlcm1pc3Npb25zIjpbIk1BTkFHRV9TWVNURU1fU0VUVElOR1MiLCJBRERfRU1QTE9ZRUUiLCJFRElUX0VNUExPWUVFIiwiQVBQUk9WRV9MRUFWRV9BTEwiLCJBUFBST1ZFX0xFQVZFX1RFQU0iLCJSVU5fUEFZUk9MTCIsIlZJRVdfQUxMX1BBWVNMSVBTIiwiRURJVF9BVFRFTkRBTkNFX0FMTCIsIlZJRVdfT1dOX1BST0ZJTEUiXSwiaWF0IjoxNzc4MzM4OTEwLCJleHAiOjE3Nzg0MjUzMTB9.N9ACWxPCPXMINcotDZG_m6RG5OqI900zgWhLh0Taa5c
				Content-Type=application/json
Cookies:		<none>
Multiparts:		<none>
Body:
{
    "fromDate": "2029-09-01",
    "toDate": "2029-09-30",
    "cycleName": "SEPTEMBER 2029 #1778339168824"
}
✅ Pay cycle created, ID: 7 name: SEPTEMBER 2029 #1778339168824
]]></system-out>
  </testcase>
  <testcase name="tc_pay_009_getPayslipsForSeededCycle" classname="com.rivio.tests.TC08_PayrollTest" time="3.011">
    <failure message="Feb 2026 cycle should have 2 seeded payslips expected [true] but found [false]" type="java.lang.AssertionError"><![CDATA[java.lang.AssertionError: Feb 2026 cycle should have 2 seeded payslips expected [true] but found [false]
	at org.testng.Assert.fail(Assert.java:111)
	at org.testng.Assert.failNotEquals(Assert.java:1578)
	at org.testng.Assert.assertTrue(Assert.java:57)
	at com.rivio.tests.TC08_PayrollTest.tc_pay_009_getPayslipsForSeededCycle(TC08_PayrollTest.java:222)
	at java.base/jdk.internal.reflect.NativeMethodAccessorImpl.invoke0(Native Method)
	at java.base/jdk.internal.reflect.NativeMethodAccessorImpl.invoke(NativeMethodAccessorImpl.java:77)
	at java.base/jdk.internal.reflect.DelegatingMethodAccessorImpl.invoke(DelegatingMethodAccessorImpl.java:43)
	at java.base/java.lang.reflect.Method.invoke(Method.java:568)
	at org.testng.internal.invokers.MethodInvocationHelper.invokeMethod(MethodInvocationHelper.java:139)
	at org.testng.internal.invokers.TestInvoker.invokeMethod(TestInvoker.java:664)
	at org.testng.internal.invokers.TestInvoker.invokeTestMethod(TestInvoker.java:228)
	at org.testng.internal.invokers.MethodRunner.runInSequence(MethodRunner.java:63)
	at org.testng.internal.invokers.TestInvoker$MethodInvocationAgent.invoke(TestInvoker.java:961)
	at org.testng.internal.invokers.TestInvoker.invokeTestMethods(TestInvoker.java:201)
	at org.testng.internal.invokers.TestMethodWorker.invokeTestMethods(TestMethodWorker.java:148)
	at org.testng.internal.invokers.TestMethodWorker.run(TestMethodWorker.java:128)
	at java.base/java.util.ArrayList.forEach(ArrayList.java:1511)
	at org.testng.TestRunner.privateRun(TestRunner.java:819)
	at org.testng.TestRunner.run(TestRunner.java:619)
	at org.testng.SuiteRunner.runTest(SuiteRunner.java:443)
	at org.testng.SuiteRunner.runSequentially(SuiteRunner.java:437)
	at org.testng.SuiteRunner.privateRun(SuiteRunner.java:397)
	at org.testng.SuiteRunner.run(SuiteRunner.java:336)
	at org.testng.SuiteRunnerWorker.runSuite(SuiteRunnerWorker.java:52)
	at org.testng.SuiteRunnerWorker.run(SuiteRunnerWorker.java:95)
	at org.testng.TestNG.runSuitesSequentially(TestNG.java:1301)
	at org.testng.TestNG.runSuitesLocally(TestNG.java:1228)
	at org.testng.TestNG.runSuites(TestNG.java:1134)
	at org.testng.TestNG.run(TestNG.java:1101)
	at org.apache.maven.surefire.testng.TestNGExecutor.run(TestNGExecutor.java:308)
	at org.apache.maven.surefire.testng.TestNGXmlTestSuite.execute(TestNGXmlTestSuite.java:71)
	at org.apache.maven.surefire.testng.TestNGProvider.invoke(TestNGProvider.java:113)
	at org.apache.maven.surefire.booter.ForkedBooter.runSuitesInProcess(ForkedBooter.java:385)
	at org.apache.maven.surefire.booter.ForkedBooter.execute(ForkedBooter.java:162)
	at org.apache.maven.surefire.booter.ForkedBooter.run(ForkedBooter.java:507)
	at org.apache.maven.surefire.booter.ForkedBooter.main(ForkedBooter.java:495)
]]></failure>
    <system-out><![CDATA[Request method:	GET
Request URI:	https://riviobackendspringboot-production.up.railway.app/api/pay-cycles/1/payslips
Proxy:			<none>
Request params:	<none>
Query params:	<none>
Form params:	<none>
Path params:	<none>
Headers:		Accept=application/json, application/javascript, text/javascript, text/json
				Authorization=Bearer eyJhbGciOiJIUzI1NiJ9.eyJzdWIiOiJhZG1pbkByaXZpby5jb20iLCJ1c2VySWQiOjEsInJvbGUiOiJTdXBlciBBZG1pbiIsInBlcm1pc3Npb25zIjpbIk1BTkFHRV9TWVNURU1fU0VUVElOR1MiLCJBRERfRU1QTE9ZRUUiLCJFRElUX0VNUExPWUVFIiwiQVBQUk9WRV9MRUFWRV9BTEwiLCJBUFBST1ZFX0xFQVZFX1RFQU0iLCJSVU5fUEFZUk9MTCIsIlZJRVdfQUxMX1BBWVNMSVBTIiwiRURJVF9BVFRFTkRBTkNFX0FMTCIsIlZJRVdfT1dOX1BST0ZJTEUiXSwiaWF0IjoxNzc4MzM4OTEwLCJleHAiOjE3Nzg0MjUzMTB9.N9ACWxPCPXMINcotDZG_m6RG5OqI900zgWhLh0Taa5c
				Content-Type=application/json
Cookies:		<none>
Multiparts:		<none>
Body:			<none>
]]></system-out>
  </testcase>
  <testcase name="tc_pay_010_generateAndFinalizePayCycle" classname="com.rivio.tests.TC08_PayrollTest" time="14.816">
    <system-out><![CDATA[Request method:	POST
Request URI:	https://riviobackendspringboot-production.up.railway.app/api/pay-cycles/7/generate-payslips
Proxy:			<none>
Request params:	<none>
Query params:	<none>
Form params:	<none>
Path params:	<none>
Headers:		Accept=application/json, application/javascript, text/javascript, text/json
				Authorization=Bearer eyJhbGciOiJIUzI1NiJ9.eyJzdWIiOiJhZG1pbkByaXZpby5jb20iLCJ1c2VySWQiOjEsInJvbGUiOiJTdXBlciBBZG1pbiIsInBlcm1pc3Npb25zIjpbIk1BTkFHRV9TWVNURU1fU0VUVElOR1MiLCJBRERfRU1QTE9ZRUUiLCJFRElUX0VNUExPWUVFIiwiQVBQUk9WRV9MRUFWRV9BTEwiLCJBUFBST1ZFX0xFQVZFX1RFQU0iLCJSVU5fUEFZUk9MTCIsIlZJRVdfQUxMX1BBWVNMSVBTIiwiRURJVF9BVFRFTkRBTkNFX0FMTCIsIlZJRVdfT1dOX1BST0ZJTEUiXSwiaWF0IjoxNzc4MzM4OTEwLCJleHAiOjE3Nzg0MjUzMTB9.N9ACWxPCPXMINcotDZG_m6RG5OqI900zgWhLh0Taa5c
				Content-Type=application/json
Cookies:		<none>
Multiparts:		<none>
Body:			<none>
✅ Payslips generated for April 2026
Request method:	PUT
Request URI:	https://riviobackendspringboot-production.up.railway.app/api/pay-cycles/7/status
Proxy:			<none>
Request params:	<none>
Query params:	<none>
Form params:	<none>
Path params:	<none>
Headers:		Accept=application/json, application/javascript, text/javascript, text/json
				Authorization=Bearer eyJhbGciOiJIUzI1NiJ9.eyJzdWIiOiJhZG1pbkByaXZpby5jb20iLCJ1c2VySWQiOjEsInJvbGUiOiJTdXBlciBBZG1pbiIsInBlcm1pc3Npb25zIjpbIk1BTkFHRV9TWVNURU1fU0VUVElOR1MiLCJBRERfRU1QTE9ZRUUiLCJFRElUX0VNUExPWUVFIiwiQVBQUk9WRV9MRUFWRV9BTEwiLCJBUFBST1ZFX0xFQVZFX1RFQU0iLCJSVU5fUEFZUk9MTCIsIlZJRVdfQUxMX1BBWVNMSVBTIiwiRURJVF9BVFRFTkRBTkNFX0FMTCIsIlZJRVdfT1dOX1BST0ZJTEUiXSwiaWF0IjoxNzc4MzM4OTEwLCJleHAiOjE3Nzg0MjUzMTB9.N9ACWxPCPXMINcotDZG_m6RG5OqI900zgWhLh0Taa5c
				Content-Type=application/json
Cookies:		<none>
Multiparts:		<none>
Body:
{
    "status": "FINALIZED"
}
✅ April 2026 pay cycle finalized
]]></system-out>
  </testcase>
  <testcase name="tc_dash_001_adminSummary" classname="com.rivio.tests.TC09_DashboardTest" time="6.014">
    <system-out><![CDATA[Request method:	GET
Request URI:	https://riviobackendspringboot-production.up.railway.app/api/dashboard/admin-summary
Proxy:			<none>
Request params:	<none>
Query params:	<none>
Form params:	<none>
Path params:	<none>
Headers:		Accept=application/json, application/javascript, text/javascript, text/json
				Authorization=Bearer eyJhbGciOiJIUzI1NiJ9.eyJzdWIiOiJhZG1pbkByaXZpby5jb20iLCJ1c2VySWQiOjEsInJvbGUiOiJTdXBlciBBZG1pbiIsInBlcm1pc3Npb25zIjpbIk1BTkFHRV9TWVNURU1fU0VUVElOR1MiLCJBRERfRU1QTE9ZRUUiLCJFRElUX0VNUExPWUVFIiwiQVBQUk9WRV9MRUFWRV9BTEwiLCJBUFBST1ZFX0xFQVZFX1RFQU0iLCJSVU5fUEFZUk9MTCIsIlZJRVdfQUxMX1BBWVNMSVBTIiwiRURJVF9BVFRFTkRBTkNFX0FMTCIsIlZJRVdfT1dOX1BST0ZJTEUiXSwiaWF0IjoxNzc4MzM4OTEwLCJleHAiOjE3Nzg0MjUzMTB9.N9ACWxPCPXMINcotDZG_m6RG5OqI900zgWhLh0Taa5c
				Content-Type=application/json
Cookies:		<none>
Multiparts:		<none>
Body:			<none>
✅ Admin Summary KPIs:
   Total Employees  : 12
   Pending Leaves   : 1
   Present Today    : 1
   On Leave Today   : 0
   Active PayCycles : 7
]]></system-out>
  </testcase>
  <testcase name="tc_dash_002_healthCheck" classname="com.rivio.tests.TC09_DashboardTest" time="1.019">
    <system-out><![CDATA[Request method:	GET
Request URI:	https://riviobackendspringboot-production.up.railway.app/api/health
Proxy:			<none>
Request params:	<none>
Query params:	<none>
Form params:	<none>
Path params:	<none>
Headers:		Accept=application/json, application/javascript, text/javascript, text/json
				Content-Type=application/json
Cookies:		<none>
Multiparts:		<none>
Body:			<none>
✅ Health check passed. Message: All Systems are healthy
]]></system-out>
  </testcase>
</testsuite>