<?xml version="1.0" encoding="UTF-8"?>
<testsuite xmlns:xsi="http://www.w3.org/2001/XMLSchema-instance" xsi:noNamespaceSchemaLocation="https://maven.apache.org/surefire/maven-surefire-plugin/xsd/surefire-test-report-3.0.xsd" version="3.0" name="TestSuite" time="319.078" tests="78" errors="0" skipped="1" failures="0">
  <properties>
[...]
</properties>
  <testcase name="tc_auth_001_loginTokenPresent" classname="com.rivio.tests.TC01_AuthTest" time="12.515">
    <system-out><![CDATA[[ApiConfig] Loaded config.properties
[ApiConfig] Trying: admin@rivio.com / p***d
[ApiConfig] ✅ Login OK  userId=1  empProfileId=1
✅ Token present. userId=1  empProfileId=1
]]></system-out>
    <system-err><![CDATA[SLF4J: Failed to load class "org.slf4j.impl.StaticLoggerBinder".
SLF4J: Defaulting to no-operation (NOP) logger implementation
SLF4J: See http://www.slf4j.org/codes.html#StaticLoggerBinder for further details.
]]></system-err>
  </testcase>
  <testcase name="tc_auth_002_loginLiveCall" classname="com.rivio.tests.TC01_AuthTest" time="6.872">
    <system-out><![CDATA[Request method:	POST
Request URI:	https://riviobackendspringboot-production.up.railway.app/api/auth/login
Proxy:			<none>
Request params:	<none>
Query params:	<none>
Form params:	<none>
Path params:	<none>
Headers:		Accept=application/json, application/javascript, text/javascript, text/json
				Content-Type=application/json
Cookies:		<none>
Multiparts:		<none>
Body:
{
    "password": "password",
    "email": "admin@rivio.com"
}
✅ Live login success. Role: Super Admin
]]></system-out>
  </testcase>
  <testcase name="tc_auth_003_loginAsHrManager" classname="com.rivio.tests.TC01_AuthTest" time="0.0">
    <skipped message="sarah.hr@rivio.com not seeded on backend — skipping non-admin login check"/>
    <system-out><![CDATA[Request method:	POST
Request URI:	https://riviobackendspringboot-production.up.railway.app/api/auth/login
Proxy:			<none>
Request params:	<none>
Query params:	<none>
Form params:	<none>
Path params:	<none>
Headers:		Accept=application/json, application/javascript, text/javascript, text/json
				Content-Type=application/json
Cookies:		<none>
Multiparts:		<none>
Body:
{
    "password": "password",
    "email": "sarah.hr@rivio.com"
}
]]></system-out>
  </testcase>
  <testcase name="tc_auth_004_loginInvalidCredentials" classname="com.rivio.tests.TC01_AuthTest" time="2.223">
    <system-out><![CDATA[Request method:	POST
Request URI:	https://riviobackendspringboot-production.up.railway.app/api/auth/login
Proxy:			<none>
Request params:	<none>
Query params:	<none>
Form params:	<none>
Path params:	<none>
Headers:		Accept=application/json, application/javascript, text/javascript, text/json
				Content-Type=application/json
Cookies:		<none>
Multiparts:		<none>
Body:
{
    "password": "WrongPassword999",
    "email": "admin@rivio.com"
}
✅ Invalid login rejected with HTTP 401
]]></system-out>
  </testcase>
  <testcase name="tc_auth_005_createUser" classname="com.rivio.tests.TC01_AuthTest" time="4.207">
    <system-out><![CDATA[Request method:	POST
Request URI:	https://riviobackendspringboot-production.up.railway.app/api/users
Proxy:			<none>
Request params:	<none>
Query params:	<none>
Form params:	<none>
Path params:	<none>
Headers:		Accept=application/json, application/javascript, text/javascript, text/json
				Authorization=Bearer eyJhbGciOiJIUzI1NiJ9.eyJzdWIiOiJhZG1pbkByaXZpby5jb20iLCJ1c2VySWQiOjEsInJvbGUiOiJTdXBlciBBZG1pbiIsInBlcm1pc3Npb25zIjpbIk1BTkFHRV9TWVNURU1fU0VUVElOR1MiLCJBRERfRU1QTE9ZRUUiLCJFRElUX0VNUExPWUVFIiwiQVBQUk9WRV9MRUFWRV9BTEwiLCJBUFBST1ZFX0xFQVZFX1RFQU0iLCJSVU5fUEFZUk9MTCIsIlZJRVdfQUxMX1BBWVNMSVBTIiwiRURJVF9BVFRFTkRBTkNFX0FMTCIsIlZJRVdfT1dOX1BST0ZJTEUiXSwiaWF0IjoxNzc4MzQxOTgwLCJleHAiOjE3Nzg0MjgzODB9.6PBFX7Iph2302UMc7TnKkJuzzzenWIg6EIZ31xxX5Ts
				Content-Type=application/json
Cookies:		<none>
Multiparts:		<none>
Body:
{
    "password": "TestPass123!",
    "roleId": 4,
    "email": "newuser_auto@rivio.com"
}
✅ User created, ID: 20
]]></system-out>
  </testcase>
  <testcase name="tc_auth_006_getAllUsers" classname="com.rivio.tests.TC01_AuthTest" time="4.139">
    <system-out><![CDATA[Request method:	GET
Request URI:	https://riviobackendspringboot-production.up.railway.app/api/users?page=0&size=10
Proxy:			<none>
Request params:	<none>
Query params:	page=0
				size=10
Form params:	<none>
Path params:	<none>
Headers:		Accept=application/json, application/javascript, text/javascript, text/json
				Authorization=Bearer eyJhbGciOiJIUzI1NiJ9.eyJzdWIiOiJhZG1pbkByaXZpby5jb20iLCJ1c2VySWQiOjEsInJvbGUiOiJTdXBlciBBZG1pbiIsInBlcm1pc3Npb25zIjpbIk1BTkFHRV9TWVNURU1fU0VUVElOR1MiLCJBRERfRU1QTE9ZRUUiLCJFRElUX0VNUExPWUVFIiwiQVBQUk9WRV9MRUFWRV9BTEwiLCJBUFBST1ZFX0xFQVZFX1RFQU0iLCJSVU5fUEFZUk9MTCIsIlZJRVdfQUxMX1BBWVNMSVBTIiwiRURJVF9BVFRFTkRBTkNFX0FMTCIsIlZJRVdfT1dOX1BST0ZJTEUiXSwiaWF0IjoxNzc4MzQxOTgwLCJleHAiOjE3Nzg0MjgzODB9.6PBFX7Iph2302UMc7TnKkJuzzzenWIg6EIZ31xxX5Ts
				Content-Type=application/json
Cookies:		<none>
Multiparts:		<none>
Body:			<none>
✅ Users listed. Total: 16
]]></system-out>
  </testcase>
  <testcase name="tc_auth_007_resetPassword" classname="com.rivio.tests.TC01_AuthTest" time="3.93">
    <system-out><![CDATA[Request method:	POST
Request URI:	https://riviobackendspringboot-production.up.railway.app/api/users/20/reset-password
Proxy:			<none>
Request params:	<none>
Query params:	<none>
Form params:	<none>
Path params:	<none>
Headers:		Accept=application/json, application/javascript, text/javascript, text/json
				Authorization=Bearer eyJhbGciOiJIUzI1NiJ9.eyJzdWIiOiJhZG1pbkByaXZpby5jb20iLCJ1c2VySWQiOjEsInJvbGUiOiJTdXBlciBBZG1pbiIsInBlcm1pc3Npb25zIjpbIk1BTkFHRV9TWVNURU1fU0VUVElOR1MiLCJBRERfRU1QTE9ZRUUiLCJFRElUX0VNUExPWUVFIiwiQVBQUk9WRV9MRUFWRV9BTEwiLCJBUFBST1ZFX0xFQVZFX1RFQU0iLCJSVU5fUEFZUk9MTCIsIlZJRVdfQUxMX1BBWVNMSVBTIiwiRURJVF9BVFRFTkRBTkNFX0FMTCIsIlZJRVdfT1dOX1BST0ZJTEUiXSwiaWF0IjoxNzc4MzQxOTgwLCJleHAiOjE3Nzg0MjgzODB9.6PBFX7Iph2302UMc7TnKkJuzzzenWIg6EIZ31xxX5Ts
				Content-Type=application/json
Cookies:		<none>
Multiparts:		<none>
Body:
{
    "newPassword": "NewSecurePass123!"
}
✅ Password reset for userId: 20
]]></system-out>
  </testcase>
  <testcase name="tc_auth_008_deleteUser" classname="com.rivio.tests.TC01_AuthTest" time="2.974">
    <system-out><![CDATA[Request method:	DELETE
Request URI:	https://riviobackendspringboot-production.up.railway.app/api/users/20
Proxy:			<none>
Request params:	<none>
Query params:	<none>
Form params:	<none>
Path params:	<none>
Headers:		Accept=application/json, application/javascript, text/javascript, text/json
				Authorization=Bearer eyJhbGciOiJIUzI1NiJ9.eyJzdWIiOiJhZG1pbkByaXZpby5jb20iLCJ1c2VySWQiOjEsInJvbGUiOiJTdXBlciBBZG1pbiIsInBlcm1pc3Npb25zIjpbIk1BTkFHRV9TWVNURU1fU0VUVElOR1MiLCJBRERfRU1QTE9ZRUUiLCJFRElUX0VNUExPWUVFIiwiQVBQUk9WRV9MRUFWRV9BTEwiLCJBUFBST1ZFX0xFQVZFX1RFQU0iLCJSVU5fUEFZUk9MTCIsIlZJRVdfQUxMX1BBWVNMSVBTIiwiRURJVF9BVFRFTkRBTkNFX0FMTCIsIlZJRVdfT1dOX1BST0ZJTEUiXSwiaWF0IjoxNzc4MzQxOTgwLCJleHAiOjE3Nzg0MjgzODB9.6PBFX7Iph2302UMc7TnKkJuzzzenWIg6EIZ31xxX5Ts
				Content-Type=application/json
Cookies:		<none>
Multiparts:		<none>
Body:			<none>
✅ User deleted, ID: 20
]]></system-out>
  </testcase>
  <testcase name="tc_role_001_getAllPermissions" classname="com.rivio.tests.TC02_RolesPermissionsTest" time="2.969">
    <system-out><![CDATA[Request method:	GET
Request URI:	https://riviobackendspringboot-production.up.railway.app/api/permissions
Proxy:			<none>
Request params:	<none>
Query params:	<none>
Form params:	<none>
Path params:	<none>
Headers:		Accept=application/json, application/javascript, text/javascript, text/json
				Authorization=Bearer eyJhbGciOiJIUzI1NiJ9.eyJzdWIiOiJhZG1pbkByaXZpby5jb20iLCJ1c2VySWQiOjEsInJvbGUiOiJTdXBlciBBZG1pbiIsInBlcm1pc3Npb25zIjpbIk1BTkFHRV9TWVNURU1fU0VUVElOR1MiLCJBRERfRU1QTE9ZRUUiLCJFRElUX0VNUExPWUVFIiwiQVBQUk9WRV9MRUFWRV9BTEwiLCJBUFBST1ZFX0xFQVZFX1RFQU0iLCJSVU5fUEFZUk9MTCIsIlZJRVdfQUxMX1BBWVNMSVBTIiwiRURJVF9BVFRFTkRBTkNFX0FMTCIsIlZJRVdfT1dOX1BST0ZJTEUiXSwiaWF0IjoxNzc4MzQxOTgwLCJleHAiOjE3Nzg0MjgzODB9.6PBFX7Iph2302UMc7TnKkJuzzzenWIg6EIZ31xxX5Ts
				Content-Type=application/json
Cookies:		<none>
Multiparts:		<none>
Body:			<none>
✅ Permissions fetched. Count: 9
]]></system-out>
  </testcase>
  <testcase name="tc_role_002_getAllRoles" classname="com.rivio.tests.TC02_RolesPermissionsTest" time="3.043">
    <system-out><![CDATA[Request method:	GET
Request URI:	https://riviobackendspringboot-production.up.railway.app/api/roles
Proxy:			<none>
Request params:	<none>
Query params:	<none>
Form params:	<none>
Path params:	<none>
Headers:		Accept=application/json, application/javascript, text/javascript, text/json
				Authorization=Bearer eyJhbGciOiJIUzI1NiJ9.eyJzdWIiOiJhZG1pbkByaXZpby5jb20iLCJ1c2VySWQiOjEsInJvbGUiOiJTdXBlciBBZG1pbiIsInBlcm1pc3Npb25zIjpbIk1BTkFHRV9TWVNURU1fU0VUVElOR1MiLCJBRERfRU1QTE9ZRUUiLCJFRElUX0VNUExPWUVFIiwiQVBQUk9WRV9MRUFWRV9BTEwiLCJBUFBST1ZFX0xFQVZFX1RFQU0iLCJSVU5fUEFZUk9MTCIsIlZJRVdfQUxMX1BBWVNMSVBTIiwiRURJVF9BVFRFTkRBTkNFX0FMTCIsIlZJRVdfT1dOX1BST0ZJTEUiXSwiaWF0IjoxNzc4MzQxOTgwLCJleHAiOjE3Nzg0MjgzODB9.6PBFX7Iph2302UMc7TnKkJuzzzenWIg6EIZ31xxX5Ts
				Content-Type=application/json
Cookies:		<none>
Multiparts:		<none>
Body:			<none>
✅ Roles fetched. Count: 11
]]></system-out>
  </testcase>
  <testcase name="tc_role_003_getRoleById" classname="com.rivio.tests.TC02_RolesPermissionsTest" time="2.718">
    <system-out><![CDATA[Request method:	GET
Request URI:	https://riviobackendspringboot-production.up.railway.app/api/roles/1
Proxy:			<none>
Request params:	<none>
Query params:	<none>
Form params:	<none>
Path params:	<none>
Headers:		Accept=application/json, application/javascript, text/javascript, text/json
				Authorization=Bearer eyJhbGciOiJIUzI1NiJ9.eyJzdWIiOiJhZG1pbkByaXZpby5jb20iLCJ1c2VySWQiOjEsInJvbGUiOiJTdXBlciBBZG1pbiIsInBlcm1pc3Npb25zIjpbIk1BTkFHRV9TWVNURU1fU0VUVElOR1MiLCJBRERfRU1QTE9ZRUUiLCJFRElUX0VNUExPWUVFIiwiQVBQUk9WRV9MRUFWRV9BTEwiLCJBUFBST1ZFX0xFQVZFX1RFQU0iLCJSVU5fUEFZUk9MTCIsIlZJRVdfQUxMX1BBWVNMSVBTIiwiRURJVF9BVFRFTkRBTkNFX0FMTCIsIlZJRVdfT1dOX1BST0ZJTEUiXSwiaWF0IjoxNzc4MzQxOTgwLCJleHAiOjE3Nzg0MjgzODB9.6PBFX7Iph2302UMc7TnKkJuzzzenWIg6EIZ31xxX5Ts
				Content-Type=application/json
Cookies:		<none>
Multiparts:		<none>
Body:			<none>
✅ Role by ID retrieved: Super Admin
]]></system-out>
  </testcase>
  <testcase name="tc_role_004_createRole" classname="com.rivio.tests.TC02_RolesPermissionsTest" time="2.698">
    <system-out><![CDATA[Request method:	POST
Request URI:	https://riviobackendspringboot-production.up.railway.app/api/roles
Proxy:			<none>
Request params:	<none>
Query params:	<none>
Form params:	<none>
Path params:	<none>
Headers:		Accept=application/json, application/javascript, text/javascript, text/json
				Authorization=Bearer eyJhbGciOiJIUzI1NiJ9.eyJzdWIiOiJhZG1pbkByaXZpby5jb20iLCJ1c2VySWQiOjEsInJvbGUiOiJTdXBlciBBZG1pbiIsInBlcm1pc3Npb25zIjpbIk1BTkFHRV9TWVNURU1fU0VUVElOR1MiLCJBRERfRU1QTE9ZRUUiLCJFRElUX0VNUExPWUVFIiwiQVBQUk9WRV9MRUFWRV9BTEwiLCJBUFBST1ZFX0xFQVZFX1RFQU0iLCJSVU5fUEFZUk9MTCIsIlZJRVdfQUxMX1BBWVNMSVBTIiwiRURJVF9BVFRFTkRBTkNFX0FMTCIsIlZJRVdfT1dOX1BST0ZJTEUiXSwiaWF0IjoxNzc4MzQxOTgwLCJleHAiOjE3Nzg0MjgzODB9.6PBFX7Iph2302UMc7TnKkJuzzzenWIg6EIZ31xxX5Ts
				Content-Type=application/json
Cookies:		<none>
Multiparts:		<none>
Body:
{
    "name": "Automation QA Lead 1778342019189"
}
✅ Role created, ID: 12
]]></system-out>
  </testcase>
  <testcase name="tc_role_005_updateRole" classname="com.rivio.tests.TC02_RolesPermissionsTest" time="3.849">
    <system-out><![CDATA[Request method:	PUT
Request URI:	https://riviobackendspringboot-production.up.railway.app/api/roles/12
Proxy:			<none>
Request params:	<none>
Query params:	<none>
Form params:	<none>
Path params:	<none>
Headers:		Accept=application/json, application/javascript, text/javascript, text/json
				Authorization=Bearer eyJhbGciOiJIUzI1NiJ9.eyJzdWIiOiJhZG1pbkByaXZpby5jb20iLCJ1c2VySWQiOjEsInJvbGUiOiJTdXBlciBBZG1pbiIsInBlcm1pc3Npb25zIjpbIk1BTkFHRV9TWVNURU1fU0VUVElOR1MiLCJBRERfRU1QTE9ZRUUiLCJFRElUX0VNUExPWUVFIiwiQVBQUk9WRV9MRUFWRV9BTEwiLCJBUFBST1ZFX0xFQVZFX1RFQU0iLCJSVU5fUEFZUk9MTCIsIlZJRVdfQUxMX1BBWVNMSVBTIiwiRURJVF9BVFRFTkRBTkNFX0FMTCIsIlZJRVdfT1dOX1BST0ZJTEUiXSwiaWF0IjoxNzc4MzQxOTgwLCJleHAiOjE3Nzg0MjgzODB9.6PBFX7Iph2302UMc7TnKkJuzzzenWIg6EIZ31xxX5Ts
				Content-Type=application/json
Cookies:		<none>
Multiparts:		<none>
Body:
{
    "name": "Automation QA Lead Updated 1778342019189"
}
✅ Role updated: 12
]]></system-out>
  </testcase>
  <testcase name="tc_role_006_getPermissionsForRole" classname="com.rivio.tests.TC02_RolesPermissionsTest" time="4.185">
    <system-out><![CDATA[Request method:	GET
Request URI:	https://riviobackendspringboot-production.up.railway.app/api/roles/2/permissions
Proxy:			<none>
Request params:	<none>
Query params:	<none>
Form params:	<none>
Path params:	<none>
Headers:		Accept=application/json, application/javascript, text/javascript, text/json
				Authorization=Bearer eyJhbGciOiJIUzI1NiJ9.eyJzdWIiOiJhZG1pbkByaXZpby5jb20iLCJ1c2VySWQiOjEsInJvbGUiOiJTdXBlciBBZG1pbiIsInBlcm1pc3Npb25zIjpbIk1BTkFHRV9TWVNURU1fU0VUVElOR1MiLCJBRERfRU1QTE9ZRUUiLCJFRElUX0VNUExPWUVFIiwiQVBQUk9WRV9MRUFWRV9BTEwiLCJBUFBST1ZFX0xFQVZFX1RFQU0iLCJSVU5fUEFZUk9MTCIsIlZJRVdfQUxMX1BBWVNMSVBTIiwiRURJVF9BVFRFTkRBTkNFX0FMTCIsIlZJRVdfT1dOX1BST0ZJTEUiXSwiaWF0IjoxNzc4MzQxOTgwLCJleHAiOjE3Nzg0MjgzODB9.6PBFX7Iph2302UMc7TnKkJuzzzenWIg6EIZ31xxX5Ts
				Content-Type=application/json
Cookies:		<none>
Multiparts:		<none>
Body:			<none>
✅ HR Manager permissions count: 5
]]></system-out>
  </testcase>
  <testcase name="tc_role_007_bindPermissionsToRole" classname="com.rivio.tests.TC02_RolesPermissionsTest" time="3.712">
    <system-out><![CDATA[Request method:	POST
Request URI:	https://riviobackendspringboot-production.up.railway.app/api/roles/12/permissions
Proxy:			<none>
Request params:	<none>
Query params:	<none>
Form params:	<none>
Path params:	<none>
Headers:		Accept=application/json, application/javascript, text/javascript, text/json
				Authorization=Bearer eyJhbGciOiJIUzI1NiJ9.eyJzdWIiOiJhZG1pbkByaXZpby5jb20iLCJ1c2VySWQiOjEsInJvbGUiOiJTdXBlciBBZG1pbiIsInBlcm1pc3Npb25zIjpbIk1BTkFHRV9TWVNURU1fU0VUVElOR1MiLCJBRERfRU1QTE9ZRUUiLCJFRElUX0VNUExPWUVFIiwiQVBQUk9WRV9MRUFWRV9BTEwiLCJBUFBST1ZFX0xFQVZFX1RFQU0iLCJSVU5fUEFZUk9MTCIsIlZJRVdfQUxMX1BBWVNMSVBTIiwiRURJVF9BVFRFTkRBTkNFX0FMTCIsIlZJRVdfT1dOX1BST0ZJTEUiXSwiaWF0IjoxNzc4MzQxOTgwLCJleHAiOjE3Nzg0MjgzODB9.6PBFX7Iph2302UMc7TnKkJuzzzenWIg6EIZ31xxX5Ts
				Content-Type=application/json
Cookies:		<none>
Multiparts:		<none>
Body:
[
    2,
    5
]
✅ Permissions [2,5] bound to role: 12
]]></system-out>
  </testcase>
  <testcase name="tc_cs_001_getAllLocations" classname="com.rivio.tests.TC03_CompanyStructureTest" time="2.929">
    <system-out><![CDATA[Request method:	GET
Request URI:	https://riviobackendspringboot-production.up.railway.app/api/locations
Proxy:			<none>
Request params:	<none>
Query params:	<none>
Form params:	<none>
Path params:	<none>
Headers:		Accept=application/json, application/javascript, text/javascript, text/json
				Authorization=Bearer eyJhbGciOiJIUzI1NiJ9.eyJzdWIiOiJhZG1pbkByaXZpby5jb20iLCJ1c2VySWQiOjEsInJvbGUiOiJTdXBlciBBZG1pbiIsInBlcm1pc3Npb25zIjpbIk1BTkFHRV9TWVNURU1fU0VUVElOR1MiLCJBRERfRU1QTE9ZRUUiLCJFRElUX0VNUExPWUVFIiwiQVBQUk9WRV9MRUFWRV9BTEwiLCJBUFBST1ZFX0xFQVZFX1RFQU0iLCJSVU5fUEFZUk9MTCIsIlZJRVdfQUxMX1BBWVNMSVBTIiwiRURJVF9BVFRFTkRBTkNFX0FMTCIsIlZJRVdfT1dOX1BST0ZJTEUiXSwiaWF0IjoxNzc4MzQxOTgwLCJleHAiOjE3Nzg0MjgzODB9.6PBFX7Iph2302UMc7TnKkJuzzzenWIg6EIZ31xxX5Ts
				Content-Type=application/json
Cookies:		<none>
Multiparts:		<none>
Body:			<none>
✅ Locations: 3
]]></system-out>
  </testcase>
  <testcase name="tc_cs_002_createLocation" classname="com.rivio.tests.TC03_CompanyStructureTest" time="2.774">
    <system-out><![CDATA[Request method:	POST
Request URI:	https://riviobackendspringboot-production.up.railway.app/api/locations
Proxy:			<none>
Request params:	<none>
Query params:	<none>
Form params:	<none>
Path params:	<none>
Headers:		Accept=application/json, application/javascript, text/javascript, text/json
				Authorization=Bearer eyJhbGciOiJIUzI1NiJ9.eyJzdWIiOiJhZG1pbkByaXZpby5jb20iLCJ1c2VySWQiOjEsInJvbGUiOiJTdXBlciBBZG1pbiIsInBlcm1pc3Npb25zIjpbIk1BTkFHRV9TWVNURU1fU0VUVElOR1MiLCJBRERfRU1QTE9ZRUUiLCJFRElUX0VNUExPWUVFIiwiQVBQUk9WRV9MRUFWRV9BTEwiLCJBUFBST1ZFX0xFQVZFX1RFQU0iLCJSVU5fUEFZUk9MTCIsIlZJRVdfQUxMX1BBWVNMSVBTIiwiRURJVF9BVFRFTkRBTkNFX0FMTCIsIlZJRVdfT1dOX1BST0ZJTEUiXSwiaWF0IjoxNzc4MzQxOTgwLCJleHAiOjE3Nzg0MjgzODB9.6PBFX7Iph2302UMc7TnKkJuzzzenWIg6EIZ31xxX5Ts
				Content-Type=application/json
Cookies:		<none>
Multiparts:		<none>
Body:
{
    "timezone": "Asia/Kolkata",
    "name": "Chennai Office",
    "currencyCode": "INR"
}
✅ Location created, ID: 8
]]></system-out>
  </testcase>
  <testcase name="tc_cs_003_updateLocation" classname="com.rivio.tests.TC03_CompanyStructureTest" time="3.684">
    <system-out><![CDATA[Request method:	PUT
Request URI:	https://riviobackendspringboot-production.up.railway.app/api/locations/8
Proxy:			<none>
Request params:	<none>
Query params:	<none>
Form params:	<none>
Path params:	<none>
Headers:		Accept=application/json, application/javascript, text/javascript, text/json
				Authorization=Bearer eyJhbGciOiJIUzI1NiJ9.eyJzdWIiOiJhZG1pbkByaXZpby5jb20iLCJ1c2VySWQiOjEsInJvbGUiOiJTdXBlciBBZG1pbiIsInBlcm1pc3Npb25zIjpbIk1BTkFHRV9TWVNURU1fU0VUVElOR1MiLCJBRERfRU1QTE9ZRUUiLCJFRElUX0VNUExPWUVFIiwiQVBQUk9WRV9MRUFWRV9BTEwiLCJBUFBST1ZFX0xFQVZFX1RFQU0iLCJSVU5fUEFZUk9MTCIsIlZJRVdfQUxMX1BBWVNMSVBTIiwiRURJVF9BVFRFTkRBTkNFX0FMTCIsIlZJRVdfT1dOX1BST0ZJTEUiXSwiaWF0IjoxNzc4MzQxOTgwLCJleHAiOjE3Nzg0MjgzODB9.6PBFX7Iph2302UMc7TnKkJuzzzenWIg6EIZ31xxX5Ts
				Content-Type=application/json
Cookies:		<none>
Multiparts:		<none>
Body:
{
    "timezone": "Asia/Kolkata",
    "name": "Pune Office",
    "currencyCode": "INR"
}
✅ Location updated: 8
]]></system-out>
  </testcase>
  <testcase name="tc_cs_004_getAllDepartments" classname="com.rivio.tests.TC03_CompanyStructureTest" time="3.718">
    <system-out><![CDATA[Request method:	GET
Request URI:	https://riviobackendspringboot-production.up.railway.app/api/departments
Proxy:			<none>
Request params:	<none>
Query params:	<none>
Form params:	<none>
Path params:	<none>
Headers:		Accept=application/json, application/javascript, text/javascript, text/json
				Authorization=Bearer eyJhbGciOiJIUzI1NiJ9.eyJzdWIiOiJhZG1pbkByaXZpby5jb20iLCJ1c2VySWQiOjEsInJvbGUiOiJTdXBlciBBZG1pbiIsInBlcm1pc3Npb25zIjpbIk1BTkFHRV9TWVNURU1fU0VUVElOR1MiLCJBRERfRU1QTE9ZRUUiLCJFRElUX0VNUExPWUVFIiwiQVBQUk9WRV9MRUFWRV9BTEwiLCJBUFBST1ZFX0xFQVZFX1RFQU0iLCJSVU5fUEFZUk9MTCIsIlZJRVdfQUxMX1BBWVNMSVBTIiwiRURJVF9BVFRFTkRBTkNFX0FMTCIsIlZJRVdfT1dOX1BST0ZJTEUiXSwiaWF0IjoxNzc4MzQxOTgwLCJleHAiOjE3Nzg0MjgzODB9.6PBFX7Iph2302UMc7TnKkJuzzzenWIg6EIZ31xxX5Ts
				Content-Type=application/json
Cookies:		<none>
Multiparts:		<none>
Body:			<none>
✅ Departments: 5
]]></system-out>
  </testcase>
  <testcase name="tc_cs_005_createDepartment" classname="com.rivio.tests.TC03_CompanyStructureTest" time="4.118">
    <system-out><![CDATA[Request method:	POST
Request URI:	https://riviobackendspringboot-production.up.railway.app/api/departments
Proxy:			<none>
Request params:	<none>
Query params:	<none>
Form params:	<none>
Path params:	<none>
Headers:		Accept=application/json, application/javascript, text/javascript, text/json
				Authorization=Bearer eyJhbGciOiJIUzI1NiJ9.eyJzdWIiOiJhZG1pbkByaXZpby5jb20iLCJ1c2VySWQiOjEsInJvbGUiOiJTdXBlciBBZG1pbiIsInBlcm1pc3Npb25zIjpbIk1BTkFHRV9TWVNURU1fU0VUVElOR1MiLCJBRERfRU1QTE9ZRUUiLCJFRElUX0VNUExPWUVFIiwiQVBQUk9WRV9MRUFWRV9BTEwiLCJBUFBST1ZFX0xFQVZFX1RFQU0iLCJSVU5fUEFZUk9MTCIsIlZJRVdfQUxMX1BBWVNMSVBTIiwiRURJVF9BVFRFTkRBTkNFX0FMTCIsIlZJRVdfT1dOX1BST0ZJTEUiXSwiaWF0IjoxNzc4MzQxOTgwLCJleHAiOjE3Nzg0MjgzODB9.6PBFX7Iph2302UMc7TnKkJuzzzenWIg6EIZ31xxX5Ts
				Content-Type=application/json
Cookies:		<none>
Multiparts:		<none>
Body:
{
    "managerUserId": 1,
    "name": "Quality Assurance"
}
✅ Department created, ID: 10
]]></system-out>
  </testcase>
  <testcase name="tc_cs_006_updateDepartment" classname="com.rivio.tests.TC03_CompanyStructureTest" time="3.305">
    <system-out><![CDATA[Request method:	PUT
Request URI:	https://riviobackendspringboot-production.up.railway.app/api/departments/10
Proxy:			<none>
Request params:	<none>
Query params:	<none>
Form params:	<none>
Path params:	<none>
Headers:		Accept=application/json, application/javascript, text/javascript, text/json
				Authorization=Bearer eyJhbGciOiJIUzI1NiJ9.eyJzdWIiOiJhZG1pbkByaXZpby5jb20iLCJ1c2VySWQiOjEsInJvbGUiOiJTdXBlciBBZG1pbiIsInBlcm1pc3Npb25zIjpbIk1BTkFHRV9TWVNURU1fU0VUVElOR1MiLCJBRERfRU1QTE9ZRUUiLCJFRElUX0VNUExPWUVFIiwiQVBQUk9WRV9MRUFWRV9BTEwiLCJBUFBST1ZFX0xFQVZFX1RFQU0iLCJSVU5fUEFZUk9MTCIsIlZJRVdfQUxMX1BBWVNMSVBTIiwiRURJVF9BVFRFTkRBTkNFX0FMTCIsIlZJRVdfT1dOX1BST0ZJTEUiXSwiaWF0IjoxNzc4MzQxOTgwLCJleHAiOjE3Nzg0MjgzODB9.6PBFX7Iph2302UMc7TnKkJuzzzenWIg6EIZ31xxX5Ts
				Content-Type=application/json
Cookies:		<none>
Multiparts:		<none>
Body:
{
    "managerUserId": 1,
    "name": "QA & Testing"
}
✅ Department updated: 10
]]></system-out>
  </testcase>
  <testcase name="tc_cs_007_getAllDesignations" classname="com.rivio.tests.TC03_CompanyStructureTest" time="4.025">
    <system-out><![CDATA[Request method:	GET
Request URI:	https://riviobackendspringboot-production.up.railway.app/api/designations
Proxy:			<none>
Request params:	<none>
Query params:	<none>
Form params:	<none>
Path params:	<none>
Headers:		Accept=application/json, application/javascript, text/javascript, text/json
				Authorization=Bearer eyJhbGciOiJIUzI1NiJ9.eyJzdWIiOiJhZG1pbkByaXZpby5jb20iLCJ1c2VySWQiOjEsInJvbGUiOiJTdXBlciBBZG1pbiIsInBlcm1pc3Npb25zIjpbIk1BTkFHRV9TWVNURU1fU0VUVElOR1MiLCJBRERfRU1QTE9ZRUUiLCJFRElUX0VNUExPWUVFIiwiQVBQUk9WRV9MRUFWRV9BTEwiLCJBUFBST1ZFX0xFQVZFX1RFQU0iLCJSVU5fUEFZUk9MTCIsIlZJRVdfQUxMX1BBWVNMSVBTIiwiRURJVF9BVFRFTkRBTkNFX0FMTCIsIlZJRVdfT1dOX1BST0ZJTEUiXSwiaWF0IjoxNzc4MzQxOTgwLCJleHAiOjE3Nzg0MjgzODB9.6PBFX7Iph2302UMc7TnKkJuzzzenWIg6EIZ31xxX5Ts
				Content-Type=application/json
Cookies:		<none>
Multiparts:		<none>
Body:			<none>
✅ Designations: 7
]]></system-out>
  </testcase>
  <testcase name="tc_cs_008_getDesignationsByDepartment" classname="com.rivio.tests.TC03_CompanyStructureTest" time="3.299">
    <system-out><![CDATA[Request method:	GET
Request URI:	https://riviobackendspringboot-production.up.railway.app/api/designations?departmentId=1
Proxy:			<none>
Request params:	<none>
Query params:	departmentId=1
Form params:	<none>
Path params:	<none>
Headers:		Accept=application/json, application/javascript, text/javascript, text/json
				Authorization=Bearer eyJhbGciOiJIUzI1NiJ9.eyJzdWIiOiJhZG1pbkByaXZpby5jb20iLCJ1c2VySWQiOjEsInJvbGUiOiJTdXBlciBBZG1pbiIsInBlcm1pc3Npb25zIjpbIk1BTkFHRV9TWVNURU1fU0VUVElOR1MiLCJBRERfRU1QTE9ZRUUiLCJFRElUX0VNUExPWUVFIiwiQVBQUk9WRV9MRUFWRV9BTEwiLCJBUFBST1ZFX0xFQVZFX1RFQU0iLCJSVU5fUEFZUk9MTCIsIlZJRVdfQUxMX1BBWVNMSVBTIiwiRURJVF9BVFRFTkRBTkNFX0FMTCIsIlZJRVdfT1dOX1BST0ZJTEUiXSwiaWF0IjoxNzc4MzQxOTgwLCJleHAiOjE3Nzg0MjgzODB9.6PBFX7Iph2302UMc7TnKkJuzzzenWIg6EIZ31xxX5Ts
				Content-Type=application/json
Cookies:		<none>
Multiparts:		<none>
Body:			<none>
✅ Engineering designations: 1
]]></system-out>
  </testcase>
  <testcase name="tc_cs_009_createDesignation" classname="com.rivio.tests.TC03_CompanyStructureTest" time="3.576">
    <system-out><![CDATA[Request method:	POST
Request URI:	https://riviobackendspringboot-production.up.railway.app/api/designations
Proxy:			<none>
Request params:	<none>
Query params:	<none>
Form params:	<none>
Path params:	<none>
Headers:		Accept=application/json, application/javascript, text/javascript, text/json
				Authorization=Bearer eyJhbGciOiJIUzI1NiJ9.eyJzdWIiOiJhZG1pbkByaXZpby5jb20iLCJ1c2VySWQiOjEsInJvbGUiOiJTdXBlciBBZG1pbiIsInBlcm1pc3Npb25zIjpbIk1BTkFHRV9TWVNURU1fU0VUVElOR1MiLCJBRERfRU1QTE9ZRUUiLCJFRElUX0VNUExPWUVFIiwiQVBQUk9WRV9MRUFWRV9BTEwiLCJBUFBST1ZFX0xFQVZFX1RFQU0iLCJSVU5fUEFZUk9MTCIsIlZJRVdfQUxMX1BBWVNMSVBTIiwiRURJVF9BVFRFTkRBTkNFX0FMTCIsIlZJRVdfT1dOX1BST0ZJTEUiXSwiaWF0IjoxNzc4MzQxOTgwLCJleHAiOjE3Nzg0MjgzODB9.6PBFX7Iph2302UMc7TnKkJuzzzenWIg6EIZ31xxX5Ts
				Content-Type=application/json
Cookies:		<none>
Multiparts:		<none>
Body:
{
    "departmentId": 10,
    "title": "QA Automation Engineer"
}
✅ Designation created, ID: 12
]]></system-out>
  </testcase>
  <testcase name="tc_cs_010_updateDesignation" classname="com.rivio.tests.TC03_CompanyStructureTest" time="5.123">
    <system-out><![CDATA[Request method:	PUT
Request URI:	https://riviobackendspringboot-production.up.railway.app/api/designations/12
Proxy:			<none>
Request params:	<none>
Query params:	<none>
Form params:	<none>
Path params:	<none>
Headers:		Accept=application/json, application/javascript, text/javascript, text/json
				Authorization=Bearer eyJhbGciOiJIUzI1NiJ9.eyJzdWIiOiJhZG1pbkByaXZpby5jb20iLCJ1c2VySWQiOjEsInJvbGUiOiJTdXBlciBBZG1pbiIsInBlcm1pc3Npb25zIjpbIk1BTkFHRV9TWVNURU1fU0VUVElOR1MiLCJBRERfRU1QTE9ZRUUiLCJFRElUX0VNUExPWUVFIiwiQVBQUk9WRV9MRUFWRV9BTEwiLCJBUFBST1ZFX0xFQVZFX1RFQU0iLCJSVU5fUEFZUk9MTCIsIlZJRVdfQUxMX1BBWVNMSVBTIiwiRURJVF9BVFRFTkRBTkNFX0FMTCIsIlZJRVdfT1dOX1BST0ZJTEUiXSwiaWF0IjoxNzc4MzQxOTgwLCJleHAiOjE3Nzg0MjgzODB9.6PBFX7Iph2302UMc7TnKkJuzzzenWIg6EIZ31xxX5Ts
				Content-Type=application/json
Cookies:		<none>
Multiparts:		<none>
Body:
{
    "departmentId": 10,
    "title": "Senior QA Automation Engineer"
}
✅ Designation updated: 12
]]></system-out>
  </testcase>
  <testcase name="tc_cs_011_deleteDesignation" classname="com.rivio.tests.TC03_CompanyStructureTest" time="2.687">
    <system-out><![CDATA[Request method:	DELETE
Request URI:	https://riviobackendspringboot-production.up.railway.app/api/designations/12
Proxy:			<none>
Request params:	<none>
Query params:	<none>
Form params:	<none>
Path params:	<none>
Headers:		Accept=application/json, application/javascript, text/javascript, text/json
				Authorization=Bearer eyJhbGciOiJIUzI1NiJ9.eyJzdWIiOiJhZG1pbkByaXZpby5jb20iLCJ1c2VySWQiOjEsInJvbGUiOiJTdXBlciBBZG1pbiIsInBlcm1pc3Npb25zIjpbIk1BTkFHRV9TWVNURU1fU0VUVElOR1MiLCJBRERfRU1QTE9ZRUUiLCJFRElUX0VNUExPWUVFIiwiQVBQUk9WRV9MRUFWRV9BTEwiLCJBUFBST1ZFX0xFQVZFX1RFQU0iLCJSVU5fUEFZUk9MTCIsIlZJRVdfQUxMX1BBWVNMSVBTIiwiRURJVF9BVFRFTkRBTkNFX0FMTCIsIlZJRVdfT1dOX1BST0ZJTEUiXSwiaWF0IjoxNzc4MzQxOTgwLCJleHAiOjE3Nzg0MjgzODB9.6PBFX7Iph2302UMc7TnKkJuzzzenWIg6EIZ31xxX5Ts
				Content-Type=application/json
Cookies:		<none>
Multiparts:		<none>
Body:			<none>
✅ Designation deleted
]]></system-out>
  </testcase>
  <testcase name="tc_cs_012_deleteDepartment" classname="com.rivio.tests.TC03_CompanyStructureTest" time="3.145">
    <system-out><![CDATA[Request method:	DELETE
Request URI:	https://riviobackendspringboot-production.up.railway.app/api/departments/10
Proxy:			<none>
Request params:	<none>
Query params:	<none>
Form params:	<none>
Path params:	<none>
Headers:		Accept=application/json, application/javascript, text/javascript, text/json
				Authorization=Bearer eyJhbGciOiJIUzI1NiJ9.eyJzdWIiOiJhZG1pbkByaXZpby5jb20iLCJ1c2VySWQiOjEsInJvbGUiOiJTdXBlciBBZG1pbiIsInBlcm1pc3Npb25zIjpbIk1BTkFHRV9TWVNURU1fU0VUVElOR1MiLCJBRERfRU1QTE9ZRUUiLCJFRElUX0VNUExPWUVFIiwiQVBQUk9WRV9MRUFWRV9BTEwiLCJBUFBST1ZFX0xFQVZFX1RFQU0iLCJSVU5fUEFZUk9MTCIsIlZJRVdfQUxMX1BBWVNMSVBTIiwiRURJVF9BVFRFTkRBTkNFX0FMTCIsIlZJRVdfT1dOX1BST0ZJTEUiXSwiaWF0IjoxNzc4MzQxOTgwLCJleHAiOjE3Nzg0MjgzODB9.6PBFX7Iph2302UMc7TnKkJuzzzenWIg6EIZ31xxX5Ts
				Content-Type=application/json
Cookies:		<none>
Multiparts:		<none>
Body:			<none>
✅ Department deleted
]]></system-out>
  </testcase>
  <testcase name="tc_cs_013_deleteLocation" classname="com.rivio.tests.TC03_CompanyStructureTest" time="3.877">
    <system-out><![CDATA[Request method:	DELETE
Request URI:	https://riviobackendspringboot-production.up.railway.app/api/locations/8
Proxy:			<none>
Request params:	<none>
Query params:	<none>
Form params:	<none>
Path params:	<none>
Headers:		Accept=application/json, application/javascript, text/javascript, text/json
				Authorization=Bearer eyJhbGciOiJIUzI1NiJ9.eyJzdWIiOiJhZG1pbkByaXZpby5jb20iLCJ1c2VySWQiOjEsInJvbGUiOiJTdXBlciBBZG1pbiIsInBlcm1pc3Npb25zIjpbIk1BTkFHRV9TWVNURU1fU0VUVElOR1MiLCJBRERfRU1QTE9ZRUUiLCJFRElUX0VNUExPWUVFIiwiQVBQUk9WRV9MRUFWRV9BTEwiLCJBUFBST1ZFX0xFQVZFX1RFQU0iLCJSVU5fUEFZUk9MTCIsIlZJRVdfQUxMX1BBWVNMSVBTIiwiRURJVF9BVFRFTkRBTkNFX0FMTCIsIlZJRVdfT1dOX1BST0ZJTEUiXSwiaWF0IjoxNzc4MzQxOTgwLCJleHAiOjE3Nzg0MjgzODB9.6PBFX7Iph2302UMc7TnKkJuzzzenWIg6EIZ31xxX5Ts
				Content-Type=application/json
Cookies:		<none>
Multiparts:		<none>
Body:			<none>
✅ Location deleted
]]></system-out>
  </testcase>
  <testcase name="tc_emp_001_getSeededEmployeeProfile" classname="com.rivio.tests.TC04_EmployeeTest" time="3.979">
    <system-out><![CDATA[Request method:	GET
Request URI:	https://riviobackendspringboot-production.up.railway.app/api/employees/1
Proxy:			<none>
Request params:	<none>
Query params:	<none>
Form params:	<none>
Path params:	<none>
Headers:		Accept=application/json, application/javascript, text/javascript, text/json
				Authorization=Bearer eyJhbGciOiJIUzI1NiJ9.eyJzdWIiOiJhZG1pbkByaXZpby5jb20iLCJ1c2VySWQiOjEsInJvbGUiOiJTdXBlciBBZG1pbiIsInBlcm1pc3Npb25zIjpbIk1BTkFHRV9TWVNURU1fU0VUVElOR1MiLCJBRERfRU1QTE9ZRUUiLCJFRElUX0VNUExPWUVFIiwiQVBQUk9WRV9MRUFWRV9BTEwiLCJBUFBST1ZFX0xFQVZFX1RFQU0iLCJSVU5fUEFZUk9MTCIsIlZJRVdfQUxMX1BBWVNMSVBTIiwiRURJVF9BVFRFTkRBTkNFX0FMTCIsIlZJRVdfT1dOX1BST0ZJTEUiXSwiaWF0IjoxNzc4MzQxOTgwLCJleHAiOjE3Nzg0MjgzODB9.6PBFX7Iph2302UMc7TnKkJuzzzenWIg6EIZ31xxX5Ts
				Content-Type=application/json
Cookies:		<none>
Multiparts:		<none>
Body:			<none>
✅ Employee #1 profile verified: Arjun Kumar
]]></system-out>
  </testcase>
  <testcase name="tc_emp_002_getSarahProfile" classname="com.rivio.tests.TC04_EmployeeTest" time="4.312">
    <system-out><![CDATA[Request method:	GET
Request URI:	https://riviobackendspringboot-production.up.railway.app/api/employees/2
Proxy:			<none>
Request params:	<none>
Query params:	<none>
Form params:	<none>
Path params:	<none>
Headers:		Accept=application/json, application/javascript, text/javascript, text/json
				Authorization=Bearer eyJhbGciOiJIUzI1NiJ9.eyJzdWIiOiJhZG1pbkByaXZpby5jb20iLCJ1c2VySWQiOjEsInJvbGUiOiJTdXBlciBBZG1pbiIsInBlcm1pc3Npb25zIjpbIk1BTkFHRV9TWVNURU1fU0VUVElOR1MiLCJBRERfRU1QTE9ZRUUiLCJFRElUX0VNUExPWUVFIiwiQVBQUk9WRV9MRUFWRV9BTEwiLCJBUFBST1ZFX0xFQVZFX1RFQU0iLCJSVU5fUEFZUk9MTCIsIlZJRVdfQUxMX1BBWVNMSVBTIiwiRURJVF9BVFRFTkRBTkNFX0FMTCIsIlZJRVdfT1dOX1BST0ZJTEUiXSwiaWF0IjoxNzc4MzQxOTgwLCJleHAiOjE3Nzg0MjgzODB9.6PBFX7Iph2302UMc7TnKkJuzzzenWIg6EIZ31xxX5Ts
				Content-Type=application/json
Cookies:		<none>
Multiparts:		<none>
Body:			<none>
✅ Employee #2 profile verified: Priya
]]></system-out>
  </testcase>
  <testcase name="tc_emp_003_getEmployeeDirectory" classname="com.rivio.tests.TC04_EmployeeTest" time="6.161">
    <system-out><![CDATA[Request method:	GET
Request URI:	https://riviobackendspringboot-production.up.railway.app/api/employees?page=0&size=10
Proxy:			<none>
Request params:	<none>
Query params:	page=0
				size=10
Form params:	<none>
Path params:	<none>
Headers:		Accept=application/json, application/javascript, text/javascript, text/json
				Authorization=Bearer eyJhbGciOiJIUzI1NiJ9.eyJzdWIiOiJhZG1pbkByaXZpby5jb20iLCJ1c2VySWQiOjEsInJvbGUiOiJTdXBlciBBZG1pbiIsInBlcm1pc3Npb25zIjpbIk1BTkFHRV9TWVNURU1fU0VUVElOR1MiLCJBRERfRU1QTE9ZRUUiLCJFRElUX0VNUExPWUVFIiwiQVBQUk9WRV9MRUFWRV9BTEwiLCJBUFBST1ZFX0xFQVZFX1RFQU0iLCJSVU5fUEFZUk9MTCIsIlZJRVdfQUxMX1BBWVNMSVBTIiwiRURJVF9BVFRFTkRBTkNFX0FMTCIsIlZJRVdfT1dOX1BST0ZJTEUiXSwiaWF0IjoxNzc4MzQxOTgwLCJleHAiOjE3Nzg0MjgzODB9.6PBFX7Iph2302UMc7TnKkJuzzzenWIg6EIZ31xxX5Ts
				Content-Type=application/json
Cookies:		<none>
Multiparts:		<none>
Body:			<none>
✅ Employee directory. Total: 13
]]></system-out>
  </testcase>
  <testcase name="tc_emp_004_searchEmployeeByName" classname="com.rivio.tests.TC04_EmployeeTest" time="6.363">
    <system-out><![CDATA[Request method:	GET
Request URI:	https://riviobackendspringboot-production.up.railway.app/api/employees/1
Proxy:			<none>
Request params:	<none>
Query params:	<none>
Form params:	<none>
Path params:	<none>
Headers:		Accept=application/json, application/javascript, text/javascript, text/json
				Authorization=Bearer eyJhbGciOiJIUzI1NiJ9.eyJzdWIiOiJhZG1pbkByaXZpby5jb20iLCJ1c2VySWQiOjEsInJvbGUiOiJTdXBlciBBZG1pbiIsInBlcm1pc3Npb25zIjpbIk1BTkFHRV9TWVNURU1fU0VUVElOR1MiLCJBRERfRU1QTE9ZRUUiLCJFRElUX0VNUExPWUVFIiwiQVBQUk9WRV9MRUFWRV9BTEwiLCJBUFBST1ZFX0xFQVZFX1RFQU0iLCJSVU5fUEFZUk9MTCIsIlZJRVdfQUxMX1BBWVNMSVBTIiwiRURJVF9BVFRFTkRBTkNFX0FMTCIsIlZJRVdfT1dOX1BST0ZJTEUiXSwiaWF0IjoxNzc4MzQxOTgwLCJleHAiOjE3Nzg0MjgzODB9.6PBFX7Iph2302UMc7TnKkJuzzzenWIg6EIZ31xxX5Ts
				Content-Type=application/json
Cookies:		<none>
Multiparts:		<none>
Body:			<none>
Request method:	GET
Request URI:	https://riviobackendspringboot-production.up.railway.app/api/employees?search=Arjun&page=0&size=10
Proxy:			<none>
Request params:	<none>
Query params:	search=Arjun
				page=0
				size=10
Form params:	<none>
Path params:	<none>
Headers:		Accept=application/json, application/javascript, text/javascript, text/json
				Authorization=Bearer eyJhbGciOiJIUzI1NiJ9.eyJzdWIiOiJhZG1pbkByaXZpby5jb20iLCJ1c2VySWQiOjEsInJvbGUiOiJTdXBlciBBZG1pbiIsInBlcm1pc3Npb25zIjpbIk1BTkFHRV9TWVNURU1fU0VUVElOR1MiLCJBRERfRU1QTE9ZRUUiLCJFRElUX0VNUExPWUVFIiwiQVBQUk9WRV9MRUFWRV9BTEwiLCJBUFBST1ZFX0xFQVZFX1RFQU0iLCJSVU5fUEFZUk9MTCIsIlZJRVdfQUxMX1BBWVNMSVBTIiwiRURJVF9BVFRFTkRBTkNFX0FMTCIsIlZJRVdfT1dOX1BST0ZJTEUiXSwiaWF0IjoxNzc4MzQxOTgwLCJleHAiOjE3Nzg0MjgzODB9.6PBFX7Iph2302UMc7TnKkJuzzzenWIg6EIZ31xxX5Ts
				Content-Type=application/json
Cookies:		<none>
Multiparts:		<none>
Body:			<none>
✅ Search 'Arjun' found: 1
]]></system-out>
  </testcase>
  <testcase name="tc_emp_005_eligibleForAttendance" classname="com.rivio.tests.TC04_EmployeeTest" time="1.658">
    <system-out><![CDATA[Request method:	GET
Request URI:	https://riviobackendspringboot-production.up.railway.app/api/employees/eligible-for-attendance?date=2026-05-09
Proxy:			<none>
Request params:	<none>
Query params:	date=2026-05-09
Form params:	<none>
Path params:	<none>
Headers:		Accept=application/json, application/javascript, text/javascript, text/json
				Authorization=Bearer eyJhbGciOiJIUzI1NiJ9.eyJzdWIiOiJhZG1pbkByaXZpby5jb20iLCJ1c2VySWQiOjEsInJvbGUiOiJTdXBlciBBZG1pbiIsInBlcm1pc3Npb25zIjpbIk1BTkFHRV9TWVNURU1fU0VUVElOR1MiLCJBRERfRU1QTE9ZRUUiLCJFRElUX0VNUExPWUVFIiwiQVBQUk9WRV9MRUFWRV9BTEwiLCJBUFBST1ZFX0xFQVZFX1RFQU0iLCJSVU5fUEFZUk9MTCIsIlZJRVdfQUxMX1BBWVNMSVBTIiwiRURJVF9BVFRFTkRBTkNFX0FMTCIsIlZJRVdfT1dOX1BST0ZJTEUiXSwiaWF0IjoxNzc4MzQxOTgwLCJleHAiOjE3Nzg0MjgzODB9.6PBFX7Iph2302UMc7TnKkJuzzzenWIg6EIZ31xxX5Ts
				Content-Type=application/json
Cookies:		<none>
Multiparts:		<none>
Body:			<none>
✅ Eligible employees for attendance retrieved
]]></system-out>
  </testcase>
  <testcase name="tc_emp_006_onboardNewEmployee" classname="com.rivio.tests.TC04_EmployeeTest" time="7.354">
    <system-out><![CDATA[Request method:	POST
Request URI:	https://riviobackendspringboot-production.up.railway.app/api/users
Proxy:			<none>
Request params:	<none>
Query params:	<none>
Form params:	<none>
Path params:	<none>
Headers:		Accept=application/json, application/javascript, text/javascript, text/json
				Authorization=Bearer eyJhbGciOiJIUzI1NiJ9.eyJzdWIiOiJhZG1pbkByaXZpby5jb20iLCJ1c2VySWQiOjEsInJvbGUiOiJTdXBlciBBZG1pbiIsInBlcm1pc3Npb25zIjpbIk1BTkFHRV9TWVNURU1fU0VUVElOR1MiLCJBRERfRU1QTE9ZRUUiLCJFRElUX0VNUExPWUVFIiwiQVBQUk9WRV9MRUFWRV9BTEwiLCJBUFBST1ZFX0xFQVZFX1RFQU0iLCJSVU5fUEFZUk9MTCIsIlZJRVdfQUxMX1BBWVNMSVBTIiwiRURJVF9BVFRFTkRBTkNFX0FMTCIsIlZJRVdfT1dOX1BST0ZJTEUiXSwiaWF0IjoxNzc4MzQxOTgwLCJleHAiOjE3Nzg0MjgzODB9.6PBFX7Iph2302UMc7TnKkJuzzzenWIg6EIZ31xxX5Ts
				Content-Type=application/json
Cookies:		<none>
Multiparts:		<none>
Body:
{
    "password": "TestPass123!",
    "roleId": 4,
    "email": "emp_onboard_auto_1778342102432@rivio.com"
}
Request method:	POST
Request URI:	https://riviobackendspringboot-production.up.railway.app/api/employees
Proxy:			<none>
Request params:	<none>
Query params:	<none>
Form params:	<none>
Path params:	<none>
Headers:		Accept=application/json, application/javascript, text/javascript, text/json
				Authorization=Bearer eyJhbGciOiJIUzI1NiJ9.eyJzdWIiOiJhZG1pbkByaXZpby5jb20iLCJ1c2VySWQiOjEsInJvbGUiOiJTdXBlciBBZG1pbiIsInBlcm1pc3Npb25zIjpbIk1BTkFHRV9TWVNURU1fU0VUVElOR1MiLCJBRERfRU1QTE9ZRUUiLCJFRElUX0VNUExPWUVFIiwiQVBQUk9WRV9MRUFWRV9BTEwiLCJBUFBST1ZFX0xFQVZFX1RFQU0iLCJSVU5fUEFZUk9MTCIsIlZJRVdfQUxMX1BBWVNMSVBTIiwiRURJVF9BVFRFTkRBTkNFX0FMTCIsIlZJRVdfT1dOX1BST0ZJTEUiXSwiaWF0IjoxNzc4MzQxOTgwLCJleHAiOjE3Nzg0MjgzODB9.6PBFX7Iph2302UMc7TnKkJuzzzenWIg6EIZ31xxX5Ts
				Content-Type=application/json
Cookies:		<none>
Multiparts:		<none>
Body:
{
    "firstName": "Auto",
    "lastName": "Employee",
    "employmentType": "FULL_TIME",
    "designationId": 2,
    "locationId": 1,
    "departmentId": 1,
    "joiningDate": "2026-05-09",
    "userId": 21,
    "reportsToProfileId": null,
    "employeeCode": "AUTO-1778342106321"
}
✅ Employee onboarded, ID: 14
]]></system-out>
  </testcase>
  <testcase name="tc_emp_007_updateJobDetails" classname="com.rivio.tests.TC04_EmployeeTest" time="3.752">
    <system-out><![CDATA[Request method:	PUT
Request URI:	https://riviobackendspringboot-production.up.railway.app/api/employees/14/job-details
Proxy:			<none>
Request params:	<none>
Query params:	<none>
Form params:	<none>
Path params:	<none>
Headers:		Accept=application/json, application/javascript, text/javascript, text/json
				Authorization=Bearer eyJhbGciOiJIUzI1NiJ9.eyJzdWIiOiJhZG1pbkByaXZpby5jb20iLCJ1c2VySWQiOjEsInJvbGUiOiJTdXBlciBBZG1pbiIsInBlcm1pc3Npb25zIjpbIk1BTkFHRV9TWVNURU1fU0VUVElOR1MiLCJBRERfRU1QTE9ZRUUiLCJFRElUX0VNUExPWUVFIiwiQVBQUk9WRV9MRUFWRV9BTEwiLCJBUFBST1ZFX0xFQVZFX1RFQU0iLCJSVU5fUEFZUk9MTCIsIlZJRVdfQUxMX1BBWVNMSVBTIiwiRURJVF9BVFRFTkRBTkNFX0FMTCIsIlZJRVdfT1dOX1BST0ZJTEUiXSwiaWF0IjoxNzc4MzQxOTgwLCJleHAiOjE3Nzg0MjgzODB9.6PBFX7Iph2302UMc7TnKkJuzzzenWIg6EIZ31xxX5Ts
				X-User-Id=1
				Content-Type=application/json
Cookies:		<none>
Multiparts:		<none>
Body:
{
    "designationId": 5,
    "locationId": 2,
    "departmentId": 3
}
✅ Job details updated (transferred to Sales)
]]></system-out>
  </testcase>
  <testcase name="tc_emp_008_updateBasicInfo" classname="com.rivio.tests.TC04_EmployeeTest" time="3.943">
    <system-out><![CDATA[Request method:	PATCH
Request URI:	https://riviobackendspringboot-production.up.railway.app/api/employees/14/basic-info
Proxy:			<none>
Request params:	<none>
Query params:	<none>
Form params:	<none>
Path params:	<none>
Headers:		Accept=application/json, application/javascript, text/javascript, text/json
				Authorization=Bearer eyJhbGciOiJIUzI1NiJ9.eyJzdWIiOiJhZG1pbkByaXZpby5jb20iLCJ1c2VySWQiOjEsInJvbGUiOiJTdXBlciBBZG1pbiIsInBlcm1pc3Npb25zIjpbIk1BTkFHRV9TWVNURU1fU0VUVElOR1MiLCJBRERfRU1QTE9ZRUUiLCJFRElUX0VNUExPWUVFIiwiQVBQUk9WRV9MRUFWRV9BTEwiLCJBUFBST1ZFX0xFQVZFX1RFQU0iLCJSVU5fUEFZUk9MTCIsIlZJRVdfQUxMX1BBWVNMSVBTIiwiRURJVF9BVFRFTkRBTkNFX0FMTCIsIlZJRVdfT1dOX1BST0ZJTEUiXSwiaWF0IjoxNzc4MzQxOTgwLCJleHAiOjE3Nzg0MjgzODB9.6PBFX7Iph2302UMc7TnKkJuzzzenWIg6EIZ31xxX5Ts
				Content-Type=application/json
Cookies:		<none>
Multiparts:		<none>
Body:
{
    "bankAccount": "HDFC00099999",
    "phoneNo": "9998887776"
}
✅ Basic info updated
]]></system-out>
  </testcase>
  <testcase name="tc_leave_001_getAllLeaveTypes" classname="com.rivio.tests.TC05_LeaveManagementTest" time="3.389">
    <system-out><![CDATA[Request method:	GET
Request URI:	https://riviobackendspringboot-production.up.railway.app/api/leave-types
Proxy:			<none>
Request params:	<none>
Query params:	<none>
Form params:	<none>
Path params:	<none>
Headers:		Accept=application/json, application/javascript, text/javascript, text/json
				Authorization=Bearer eyJhbGciOiJIUzI1NiJ9.eyJzdWIiOiJhZG1pbkByaXZpby5jb20iLCJ1c2VySWQiOjEsInJvbGUiOiJTdXBlciBBZG1pbiIsInBlcm1pc3Npb25zIjpbIk1BTkFHRV9TWVNURU1fU0VUVElOR1MiLCJBRERfRU1QTE9ZRUUiLCJFRElUX0VNUExPWUVFIiwiQVBQUk9WRV9MRUFWRV9BTEwiLCJBUFBST1ZFX0xFQVZFX1RFQU0iLCJSVU5fUEFZUk9MTCIsIlZJRVdfQUxMX1BBWVNMSVBTIiwiRURJVF9BVFRFTkRBTkNFX0FMTCIsIlZJRVdfT1dOX1BST0ZJTEUiXSwiaWF0IjoxNzc4MzQxOTgwLCJleHAiOjE3Nzg0MjgzODB9.6PBFX7Iph2302UMc7TnKkJuzzzenWIg6EIZ31xxX5Ts
				Content-Type=application/json
Cookies:		<none>
Multiparts:		<none>
Body:			<none>
✅ Leave types: 7
]]></system-out>
  </testcase>
  <testcase name="tc_leave_002_createLeaveType" classname="com.rivio.tests.TC05_LeaveManagementTest" time="2.224">
    <system-out><![CDATA[Request method:	POST
Request URI:	https://riviobackendspringboot-production.up.railway.app/api/leave-types
Proxy:			<none>
Request params:	<none>
Query params:	<none>
Form params:	<none>
Path params:	<none>
Headers:		Accept=application/json, application/javascript, text/javascript, text/json
				Authorization=Bearer eyJhbGciOiJIUzI1NiJ9.eyJzdWIiOiJhZG1pbkByaXZpby5jb20iLCJ1c2VySWQiOjEsInJvbGUiOiJTdXBlciBBZG1pbiIsInBlcm1pc3Npb25zIjpbIk1BTkFHRV9TWVNURU1fU0VUVElOR1MiLCJBRERfRU1QTE9ZRUUiLCJFRElUX0VNUExPWUVFIiwiQVBQUk9WRV9MRUFWRV9BTEwiLCJBUFBST1ZFX0xFQVZFX1RFQU0iLCJSVU5fUEFZUk9MTCIsIlZJRVdfQUxMX1BBWVNMSVBTIiwiRURJVF9BVFRFTkRBTkNFX0FMTCIsIlZJRVdfT1dOX1BST0ZJTEUiXSwiaWF0IjoxNzc4MzQxOTgwLCJleHAiOjE3Nzg0MjgzODB9.6PBFX7Iph2302UMc7TnKkJuzzzenWIg6EIZ31xxX5Ts
				Content-Type=application/json
Cookies:		<none>
Multiparts:		<none>
Body:
{
    "yearlyAllotment": 5.0,
    "name": "Paternity Leave",
    "carryForwardLimit": 0.0
}
✅ Leave type created, ID: 8
]]></system-out>
  </testcase>
  <testcase name="tc_leave_003_updateLeaveType" classname="com.rivio.tests.TC05_LeaveManagementTest" time="2.941">
    <system-out><![CDATA[Request method:	PUT
Request URI:	https://riviobackendspringboot-production.up.railway.app/api/leave-types/8
Proxy:			<none>
Request params:	<none>
Query params:	<none>
Form params:	<none>
Path params:	<none>
Headers:		Accept=application/json, application/javascript, text/javascript, text/json
				Authorization=Bearer eyJhbGciOiJIUzI1NiJ9.eyJzdWIiOiJhZG1pbkByaXZpby5jb20iLCJ1c2VySWQiOjEsInJvbGUiOiJTdXBlciBBZG1pbiIsInBlcm1pc3Npb25zIjpbIk1BTkFHRV9TWVNURU1fU0VUVElOR1MiLCJBRERfRU1QTE9ZRUUiLCJFRElUX0VNUExPWUVFIiwiQVBQUk9WRV9MRUFWRV9BTEwiLCJBUFBST1ZFX0xFQVZFX1RFQU0iLCJSVU5fUEFZUk9MTCIsIlZJRVdfQUxMX1BBWVNMSVBTIiwiRURJVF9BVFRFTkRBTkNFX0FMTCIsIlZJRVdfT1dOX1BST0ZJTEUiXSwiaWF0IjoxNzc4MzQxOTgwLCJleHAiOjE3Nzg0MjgzODB9.6PBFX7Iph2302UMc7TnKkJuzzzenWIg6EIZ31xxX5Ts
				Content-Type=application/json
Cookies:		<none>
Multiparts:		<none>
Body:
{
    "yearlyAllotment": 7.0,
    "name": "Paternity Leave",
    "carryForwardLimit": 0.0
}
✅ Leave type updated to 7 days
]]></system-out>
  </testcase>
  <testcase name="tc_leave_004_allocateBalances" classname="com.rivio.tests.TC05_LeaveManagementTest" time="35.765">
    <system-out><![CDATA[Request method:	POST
Request URI:	https://riviobackendspringboot-production.up.railway.app/api/leave-balances/allocate
Proxy:			<none>
Request params:	<none>
Query params:	<none>
Form params:	<none>
Path params:	<none>
Headers:		Accept=application/json, application/javascript, text/javascript, text/json
				Authorization=Bearer eyJhbGciOiJIUzI1NiJ9.eyJzdWIiOiJhZG1pbkByaXZpby5jb20iLCJ1c2VySWQiOjEsInJvbGUiOiJTdXBlciBBZG1pbiIsInBlcm1pc3Npb25zIjpbIk1BTkFHRV9TWVNURU1fU0VUVElOR1MiLCJBRERfRU1QTE9ZRUUiLCJFRElUX0VNUExPWUVFIiwiQVBQUk9WRV9MRUFWRV9BTEwiLCJBUFBST1ZFX0xFQVZFX1RFQU0iLCJSVU5fUEFZUk9MTCIsIlZJRVdfQUxMX1BBWVNMSVBTIiwiRURJVF9BVFRFTkRBTkNFX0FMTCIsIlZJRVdfT1dOX1BST0ZJTEUiXSwiaWF0IjoxNzc4MzQxOTgwLCJleHAiOjE3Nzg0MjgzODB9.6PBFX7Iph2302UMc7TnKkJuzzzenWIg6EIZ31xxX5Ts
				Content-Type=application/json
Cookies:		<none>
Multiparts:		<none>
Body:
{
    "year": 2026
}
✅ Balances allocated for 2026
]]></system-out>
  </testcase>
  <testcase name="tc_leave_005_getAliceLeaveBalances" classname="com.rivio.tests.TC05_LeaveManagementTest" time="3.478">
    <system-out><![CDATA[Request method:	GET
Request URI:	https://riviobackendspringboot-production.up.railway.app/api/employees/3/leave-balances?year=2026
Proxy:			<none>
Request params:	<none>
Query params:	year=2026
Form params:	<none>
Path params:	<none>
Headers:		Accept=application/json, application/javascript, text/javascript, text/json
				Authorization=Bearer eyJhbGciOiJIUzI1NiJ9.eyJzdWIiOiJhZG1pbkByaXZpby5jb20iLCJ1c2VySWQiOjEsInJvbGUiOiJTdXBlciBBZG1pbiIsInBlcm1pc3Npb25zIjpbIk1BTkFHRV9TWVNURU1fU0VUVElOR1MiLCJBRERfRU1QTE9ZRUUiLCJFRElUX0VNUExPWUVFIiwiQVBQUk9WRV9MRUFWRV9BTEwiLCJBUFBST1ZFX0xFQVZFX1RFQU0iLCJSVU5fUEFZUk9MTCIsIlZJRVdfQUxMX1BBWVNMSVBTIiwiRURJVF9BVFRFTkRBTkNFX0FMTCIsIlZJRVdfT1dOX1BST0ZJTEUiXSwiaWF0IjoxNzc4MzQxOTgwLCJleHAiOjE3Nzg0MjgzODB9.6PBFX7Iph2302UMc7TnKkJuzzzenWIg6EIZ31xxX5Ts
				Content-Type=application/json
Cookies:		<none>
Multiparts:		<none>
Body:			<none>
✅ Alice leave balances: 8 types
]]></system-out>
  </testcase>
  <testcase name="tc_leave_006_getAliceLeaveHistory" classname="com.rivio.tests.TC05_LeaveManagementTest" time="1.725">
    <system-out><![CDATA[Request method:	GET
Request URI:	https://riviobackendspringboot-production.up.railway.app/api/employees/3/leave-requests
Proxy:			<none>
Request params:	<none>
Query params:	<none>
Form params:	<none>
Path params:	<none>
Headers:		Accept=application/json, application/javascript, text/javascript, text/json
				Authorization=Bearer eyJhbGciOiJIUzI1NiJ9.eyJzdWIiOiJhZG1pbkByaXZpby5jb20iLCJ1c2VySWQiOjEsInJvbGUiOiJTdXBlciBBZG1pbiIsInBlcm1pc3Npb25zIjpbIk1BTkFHRV9TWVNURU1fU0VUVElOR1MiLCJBRERfRU1QTE9ZRUUiLCJFRElUX0VNUExPWUVFIiwiQVBQUk9WRV9MRUFWRV9BTEwiLCJBUFBST1ZFX0xFQVZFX1RFQU0iLCJSVU5fUEFZUk9MTCIsIlZJRVdfQUxMX1BBWVNMSVBTIiwiRURJVF9BVFRFTkRBTkNFX0FMTCIsIlZJRVdfT1dOX1BST0ZJTEUiXSwiaWF0IjoxNzc4MzQxOTgwLCJleHAiOjE3Nzg0MjgzODB9.6PBFX7Iph2302UMc7TnKkJuzzzenWIg6EIZ31xxX5Ts
				Content-Type=application/json
Cookies:		<none>
Multiparts:		<none>
Body:			<none>
✅ Alice leave history: 0 requests
]]></system-out>
  </testcase>
  <testcase name="tc_leave_007_applyForLeave" classname="com.rivio.tests.TC05_LeaveManagementTest" time="2.785">
    <system-out><![CDATA[Request method:	POST
Request URI:	https://riviobackendspringboot-production.up.railway.app/api/leave-requests
Proxy:			<none>
Request params:	<none>
Query params:	<none>
Form params:	<none>
Path params:	<none>
Headers:		Accept=application/json, application/javascript, text/javascript, text/json
				Authorization=Bearer eyJhbGciOiJIUzI1NiJ9.eyJzdWIiOiJhZG1pbkByaXZpby5jb20iLCJ1c2VySWQiOjEsInJvbGUiOiJTdXBlciBBZG1pbiIsInBlcm1pc3Npb25zIjpbIk1BTkFHRV9TWVNURU1fU0VUVElOR1MiLCJBRERfRU1QTE9ZRUUiLCJFRElUX0VNUExPWUVFIiwiQVBQUk9WRV9MRUFWRV9BTEwiLCJBUFBST1ZFX0xFQVZFX1RFQU0iLCJSVU5fUEFZUk9MTCIsIlZJRVdfQUxMX1BBWVNMSVBTIiwiRURJVF9BVFRFTkRBTkNFX0FMTCIsIlZJRVdfT1dOX1BST0ZJTEUiXSwiaWF0IjoxNzc4MzQxOTgwLCJleHAiOjE3Nzg0MjgzODB9.6PBFX7Iph2302UMc7TnKkJuzzzenWIg6EIZ31xxX5Ts
				Content-Type=application/json
Cookies:		<none>
Multiparts:		<none>
Body:
{
    "daysRequested": 2.0,
    "endDate": "2026-05-24",
    "employeeProfileId": 1,
    "leaveTypeId": 1,
    "startDate": "2026-05-23"
}
✅ Leave request created, ID: 9
]]></system-out>
  </testcase>
  <testcase name="tc_leave_008_approveLeave" classname="com.rivio.tests.TC05_LeaveManagementTest" time="3.676">
    <system-out><![CDATA[Request method:	PUT
Request URI:	https://riviobackendspringboot-production.up.railway.app/api/leave-status-updates/9
Proxy:			<none>
Request params:	<none>
Query params:	<none>
Form params:	<none>
Path params:	<none>
Headers:		Accept=application/json, application/javascript, text/javascript, text/json
				Authorization=Bearer eyJhbGciOiJIUzI1NiJ9.eyJzdWIiOiJhZG1pbkByaXZpby5jb20iLCJ1c2VySWQiOjEsInJvbGUiOiJTdXBlciBBZG1pbiIsInBlcm1pc3Npb25zIjpbIk1BTkFHRV9TWVNURU1fU0VUVElOR1MiLCJBRERfRU1QTE9ZRUUiLCJFRElUX0VNUExPWUVFIiwiQVBQUk9WRV9MRUFWRV9BTEwiLCJBUFBST1ZFX0xFQVZFX1RFQU0iLCJSVU5fUEFZUk9MTCIsIlZJRVdfQUxMX1BBWVNMSVBTIiwiRURJVF9BVFRFTkRBTkNFX0FMTCIsIlZJRVdfT1dOX1BST0ZJTEUiXSwiaWF0IjoxNzc4MzQxOTgwLCJleHAiOjE3Nzg0MjgzODB9.6PBFX7Iph2302UMc7TnKkJuzzzenWIg6EIZ31xxX5Ts
				X-Manager-Id=1
				Content-Type=application/json
Cookies:		<none>
Multiparts:		<none>
Body:
{
    "status": "APPROVED"
}
✅ Leave approved, ID: 9
]]></system-out>
  </testcase>
  <testcase name="tc_leave_009_withdrawLeave" classname="com.rivio.tests.TC05_LeaveManagementTest" time="5.146">
    <system-out><![CDATA[Request method:	POST
Request URI:	https://riviobackendspringboot-production.up.railway.app/api/leave-requests
Proxy:			<none>
Request params:	<none>
Query params:	<none>
Form params:	<none>
Path params:	<none>
Headers:		Accept=application/json, application/javascript, text/javascript, text/json
				Authorization=Bearer eyJhbGciOiJIUzI1NiJ9.eyJzdWIiOiJhZG1pbkByaXZpby5jb20iLCJ1c2VySWQiOjEsInJvbGUiOiJTdXBlciBBZG1pbiIsInBlcm1pc3Npb25zIjpbIk1BTkFHRV9TWVNURU1fU0VUVElOR1MiLCJBRERfRU1QTE9ZRUUiLCJFRElUX0VNUExPWUVFIiwiQVBQUk9WRV9MRUFWRV9BTEwiLCJBUFBST1ZFX0xFQVZFX1RFQU0iLCJSVU5fUEFZUk9MTCIsIlZJRVdfQUxMX1BBWVNMSVBTIiwiRURJVF9BVFRFTkRBTkNFX0FMTCIsIlZJRVdfT1dOX1BST0ZJTEUiXSwiaWF0IjoxNzc4MzQxOTgwLCJleHAiOjE3Nzg0MjgzODB9.6PBFX7Iph2302UMc7TnKkJuzzzenWIg6EIZ31xxX5Ts
				Content-Type=application/json
Cookies:		<none>
Multiparts:		<none>
Body:
{
    "daysRequested": 1.0,
    "endDate": "2026-06-08",
    "employeeProfileId": 1,
    "leaveTypeId": 2,
    "startDate": "2026-06-08"
}
Request method:	DELETE
Request URI:	https://riviobackendspringboot-production.up.railway.app/api/leave-requests/10
Proxy:			<none>
Request params:	<none>
Query params:	<none>
Form params:	<none>
Path params:	<none>
Headers:		Accept=application/json, application/javascript, text/javascript, text/json
				Authorization=Bearer eyJhbGciOiJIUzI1NiJ9.eyJzdWIiOiJhZG1pbkByaXZpby5jb20iLCJ1c2VySWQiOjEsInJvbGUiOiJTdXBlciBBZG1pbiIsInBlcm1pc3Npb25zIjpbIk1BTkFHRV9TWVNURU1fU0VUVElOR1MiLCJBRERfRU1QTE9ZRUUiLCJFRElUX0VNUExPWUVFIiwiQVBQUk9WRV9MRUFWRV9BTEwiLCJBUFBST1ZFX0xFQVZFX1RFQU0iLCJSVU5fUEFZUk9MTCIsIlZJRVdfQUxMX1BBWVNMSVBTIiwiRURJVF9BVFRFTkRBTkNFX0FMTCIsIlZJRVdfT1dOX1BST0ZJTEUiXSwiaWF0IjoxNzc4MzQxOTgwLCJleHAiOjE3Nzg0MjgzODB9.6PBFX7Iph2302UMc7TnKkJuzzzenWIg6EIZ31xxX5Ts
				Content-Type=application/json
Cookies:		<none>
Multiparts:		<none>
Body:			<none>
✅ Leave withdrawn, ID: 10
]]></system-out>
  </testcase>
  <testcase name="tc_leave_010_deleteLeaveType" classname="com.rivio.tests.TC05_LeaveManagementTest" time="2.886">
    <system-out><![CDATA[Request method:	DELETE
Request URI:	https://riviobackendspringboot-production.up.railway.app/api/leave-types/8
Proxy:			<none>
Request params:	<none>
Query params:	<none>
Form params:	<none>
Path params:	<none>
Headers:		Accept=application/json, application/javascript, text/javascript, text/json
				Authorization=Bearer eyJhbGciOiJIUzI1NiJ9.eyJzdWIiOiJhZG1pbkByaXZpby5jb20iLCJ1c2VySWQiOjEsInJvbGUiOiJTdXBlciBBZG1pbiIsInBlcm1pc3Npb25zIjpbIk1BTkFHRV9TWVNURU1fU0VUVElOR1MiLCJBRERfRU1QTE9ZRUUiLCJFRElUX0VNUExPWUVFIiwiQVBQUk9WRV9MRUFWRV9BTEwiLCJBUFBST1ZFX0xFQVZFX1RFQU0iLCJSVU5fUEFZUk9MTCIsIlZJRVdfQUxMX1BBWVNMSVBTIiwiRURJVF9BVFRFTkRBTkNFX0FMTCIsIlZJRVdfT1dOX1BST0ZJTEUiXSwiaWF0IjoxNzc4MzQxOTgwLCJleHAiOjE3Nzg0MjgzODB9.6PBFX7Iph2302UMc7TnKkJuzzzenWIg6EIZ31xxX5Ts
				Content-Type=application/json
Cookies:		<none>
Multiparts:		<none>
Body:			<none>
ℹ️ Delete blocked by referential integrity (expected): {"success":false,"message":"An unexpected error occurred: Cannot delete Leave Type: Employees currently have active balances or historical requests under this type.","timestamp":"2026-05-09T15:56:21.485719689"}
]]></system-out>
  </testcase>
  <testcase name="tc_att_001_getOrgAttendanceSeededDate" classname="com.rivio.tests.TC06_AttendanceSchedulingTest" time="2.706">
    <system-out><![CDATA[Request method:	GET
Request URI:	https://riviobackendspringboot-production.up.railway.app/api/attendance?date=2026-01-02
Proxy:			<none>
Request params:	<none>
Query params:	date=2026-01-02
Form params:	<none>
Path params:	<none>
Headers:		Accept=application/json, application/javascript, text/javascript, text/json
				Authorization=Bearer eyJhbGciOiJIUzI1NiJ9.eyJzdWIiOiJhZG1pbkByaXZpby5jb20iLCJ1c2VySWQiOjEsInJvbGUiOiJTdXBlciBBZG1pbiIsInBlcm1pc3Npb25zIjpbIk1BTkFHRV9TWVNURU1fU0VUVElOR1MiLCJBRERfRU1QTE9ZRUUiLCJFRElUX0VNUExPWUVFIiwiQVBQUk9WRV9MRUFWRV9BTEwiLCJBUFBST1ZFX0xFQVZFX1RFQU0iLCJSVU5fUEFZUk9MTCIsIlZJRVdfQUxMX1BBWVNMSVBTIiwiRURJVF9BVFRFTkRBTkNFX0FMTCIsIlZJRVdfT1dOX1BST0ZJTEUiXSwiaWF0IjoxNzc4MzQxOTgwLCJleHAiOjE3Nzg0MjgzODB9.6PBFX7Iph2302UMc7TnKkJuzzzenWIg6EIZ31xxX5Ts
				Content-Type=application/json
Cookies:		<none>
Multiparts:		<none>
Body:			<none>
✅ Attendance for 2026-01-02: 5 records
]]></system-out>
  </testcase>
  <testcase name="tc_att_002_getOrgAttendanceToday" classname="com.rivio.tests.TC06_AttendanceSchedulingTest" time="1.869">
    <system-out><![CDATA[Request method:	GET
Request URI:	https://riviobackendspringboot-production.up.railway.app/api/attendance?date=2026-05-09
Proxy:			<none>
Request params:	<none>
Query params:	date=2026-05-09
Form params:	<none>
Path params:	<none>
Headers:		Accept=application/json, application/javascript, text/javascript, text/json
				Authorization=Bearer eyJhbGciOiJIUzI1NiJ9.eyJzdWIiOiJhZG1pbkByaXZpby5jb20iLCJ1c2VySWQiOjEsInJvbGUiOiJTdXBlciBBZG1pbiIsInBlcm1pc3Npb25zIjpbIk1BTkFHRV9TWVNURU1fU0VUVElOR1MiLCJBRERfRU1QTE9ZRUUiLCJFRElUX0VNUExPWUVFIiwiQVBQUk9WRV9MRUFWRV9BTEwiLCJBUFBST1ZFX0xFQVZFX1RFQU0iLCJSVU5fUEFZUk9MTCIsIlZJRVdfQUxMX1BBWVNMSVBTIiwiRURJVF9BVFRFTkRBTkNFX0FMTCIsIlZJRVdfT1dOX1BST0ZJTEUiXSwiaWF0IjoxNzc4MzQxOTgwLCJleHAiOjE3Nzg0MjgzODB9.6PBFX7Iph2302UMc7TnKkJuzzzenWIg6EIZ31xxX5Ts
				Content-Type=application/json
Cookies:		<none>
Multiparts:		<none>
Body:			<none>
✅ Today's attendance fetched. Records: 1
]]></system-out>
  </testcase>
  <testcase name="tc_att_003_getEmployeeAttendanceHistory" classname="com.rivio.tests.TC06_AttendanceSchedulingTest" time="1.958">
    <system-out><![CDATA[Request method:	GET
Request URI:	https://riviobackendspringboot-production.up.railway.app/api/attendance/employee/1/history?startDate=2026-01-01&endDate=2026-01-31
Proxy:			<none>
Request params:	<none>
Query params:	startDate=2026-01-01
				endDate=2026-01-31
Form params:	<none>
Path params:	<none>
Headers:		Accept=application/json, application/javascript, text/javascript, text/json
				Authorization=Bearer eyJhbGciOiJIUzI1NiJ9.eyJzdWIiOiJhZG1pbkByaXZpby5jb20iLCJ1c2VySWQiOjEsInJvbGUiOiJTdXBlciBBZG1pbiIsInBlcm1pc3Npb25zIjpbIk1BTkFHRV9TWVNURU1fU0VUVElOR1MiLCJBRERfRU1QTE9ZRUUiLCJFRElUX0VNUExPWUVFIiwiQVBQUk9WRV9MRUFWRV9BTEwiLCJBUFBST1ZFX0xFQVZFX1RFQU0iLCJSVU5fUEFZUk9MTCIsIlZJRVdfQUxMX1BBWVNMSVBTIiwiRURJVF9BVFRFTkRBTkNFX0FMTCIsIlZJRVdfT1dOX1BST0ZJTEUiXSwiaWF0IjoxNzc4MzQxOTgwLCJleHAiOjE3Nzg0MjgzODB9.6PBFX7Iph2302UMc7TnKkJuzzzenWIg6EIZ31xxX5Ts
				Content-Type=application/json
Cookies:		<none>
Multiparts:		<none>
Body:			<none>
✅ John Doe Jan 2026 history: 22 records
]]></system-out>
  </testcase>
  <testcase name="tc_att_004_manualPunchIn" classname="com.rivio.tests.TC06_AttendanceSchedulingTest" time="2.376">
    <system-out><![CDATA[Request method:	POST
Request URI:	https://riviobackendspringboot-production.up.railway.app/api/attendance
Proxy:			<none>
Request params:	<none>
Query params:	<none>
Form params:	<none>
Path params:	<none>
Headers:		Accept=application/json, application/javascript, text/javascript, text/json
				Authorization=Bearer eyJhbGciOiJIUzI1NiJ9.eyJzdWIiOiJhZG1pbkByaXZpby5jb20iLCJ1c2VySWQiOjEsInJvbGUiOiJTdXBlciBBZG1pbiIsInBlcm1pc3Npb25zIjpbIk1BTkFHRV9TWVNURU1fU0VUVElOR1MiLCJBRERfRU1QTE9ZRUUiLCJFRElUX0VNUExPWUVFIiwiQVBQUk9WRV9MRUFWRV9BTEwiLCJBUFBST1ZFX0xFQVZFX1RFQU0iLCJSVU5fUEFZUk9MTCIsIlZJRVdfQUxMX1BBWVNMSVBTIiwiRURJVF9BVFRFTkRBTkNFX0FMTCIsIlZJRVdfT1dOX1BST0ZJTEUiXSwiaWF0IjoxNzc4MzQxOTgwLCJleHAiOjE3Nzg0MjgzODB9.6PBFX7Iph2302UMc7TnKkJuzzzenWIg6EIZ31xxX5Ts
				X-User-Id=1
				Content-Type=application/json
Cookies:		<none>
Multiparts:		<none>
Body:
{
    "date": "2026-05-09",
    "punchOut": null,
    "employeeProfileId": 1,
    "punchIn": "2026-05-09T09:00:00"
}
⚠️ Already punched in today — skipping punch-out (HTTP 400)
]]></system-out>
  </testcase>
  <testcase name="tc_att_005_manualPunchOut" classname="com.rivio.tests.TC06_AttendanceSchedulingTest" time="0.019">
    <system-out><![CDATA[⚠️ No new attendance ID — skipping punch-out
]]></system-out>
  </testcase>
  <testcase name="tc_att_006_downloadCsvTemplate" classname="com.rivio.tests.TC06_AttendanceSchedulingTest" time="1.201">
    <system-out><![CDATA[Request method:	GET
Request URI:	https://riviobackendspringboot-production.up.railway.app/api/attendance/upload/template
Proxy:			<none>
Request params:	<none>
Query params:	<none>
Form params:	<none>
Path params:	<none>
Headers:		Accept=application/json, application/javascript, text/javascript, text/json
				Authorization=Bearer eyJhbGciOiJIUzI1NiJ9.eyJzdWIiOiJhZG1pbkByaXZpby5jb20iLCJ1c2VySWQiOjEsInJvbGUiOiJTdXBlciBBZG1pbiIsInBlcm1pc3Npb25zIjpbIk1BTkFHRV9TWVNURU1fU0VUVElOR1MiLCJBRERfRU1QTE9ZRUUiLCJFRElUX0VNUExPWUVFIiwiQVBQUk9WRV9MRUFWRV9BTEwiLCJBUFBST1ZFX0xFQVZFX1RFQU0iLCJSVU5fUEFZUk9MTCIsIlZJRVdfQUxMX1BBWVNMSVBTIiwiRURJVF9BVFRFTkRBTkNFX0FMTCIsIlZJRVdfT1dOX1BST0ZJTEUiXSwiaWF0IjoxNzc4MzQxOTgwLCJleHAiOjE3Nzg0MjgzODB9.6PBFX7Iph2302UMc7TnKkJuzzzenWIg6EIZ31xxX5Ts
				Content-Type=application/json
Cookies:		<none>
Multiparts:		<none>
Body:			<none>
✅ CSV template endpoint responded: 200
]]></system-out>
  </testcase>
  <testcase name="tc_att_007_getAllWorkDays" classname="com.rivio.tests.TC06_AttendanceSchedulingTest" time="2.899">
    <system-out><![CDATA[Request method:	GET
Request URI:	https://riviobackendspringboot-production.up.railway.app/api/work-days
Proxy:			<none>
Request params:	<none>
Query params:	<none>
Form params:	<none>
Path params:	<none>
Headers:		Accept=application/json, application/javascript, text/javascript, text/json
				Authorization=Bearer eyJhbGciOiJIUzI1NiJ9.eyJzdWIiOiJhZG1pbkByaXZpby5jb20iLCJ1c2VySWQiOjEsInJvbGUiOiJTdXBlciBBZG1pbiIsInBlcm1pc3Npb25zIjpbIk1BTkFHRV9TWVNURU1fU0VUVElOR1MiLCJBRERfRU1QTE9ZRUUiLCJFRElUX0VNUExPWUVFIiwiQVBQUk9WRV9MRUFWRV9BTEwiLCJBUFBST1ZFX0xFQVZFX1RFQU0iLCJSVU5fUEFZUk9MTCIsIlZJRVdfQUxMX1BBWVNMSVBTIiwiRURJVF9BVFRFTkRBTkNFX0FMTCIsIlZJRVdfT1dOX1BST0ZJTEUiXSwiaWF0IjoxNzc4MzQxOTgwLCJleHAiOjE3Nzg0MjgzODB9.6PBFX7Iph2302UMc7TnKkJuzzzenWIg6EIZ31xxX5Ts
				Content-Type=application/json
Cookies:		<none>
Multiparts:		<none>
Body:			<none>
✅ Work days verified: 5 working, 2 off
]]></system-out>
  </testcase>
  <testcase name="tc_att_008_updateWorkDay" classname="com.rivio.tests.TC06_AttendanceSchedulingTest" time="8.009">
    <system-out><![CDATA[Request method:	PUT
Request URI:	https://riviobackendspringboot-production.up.railway.app/api/work-days/6
Proxy:			<none>
Request params:	<none>
Query params:	<none>
Form params:	<none>
Path params:	<none>
Headers:		Accept=application/json, application/javascript, text/javascript, text/json
				Authorization=Bearer eyJhbGciOiJIUzI1NiJ9.eyJzdWIiOiJhZG1pbkByaXZpby5jb20iLCJ1c2VySWQiOjEsInJvbGUiOiJTdXBlciBBZG1pbiIsInBlcm1pc3Npb25zIjpbIk1BTkFHRV9TWVNURU1fU0VUVElOR1MiLCJBRERfRU1QTE9ZRUUiLCJFRElUX0VNUExPWUVFIiwiQVBQUk9WRV9MRUFWRV9BTEwiLCJBUFBST1ZFX0xFQVZFX1RFQU0iLCJSVU5fUEFZUk9MTCIsIlZJRVdfQUxMX1BBWVNMSVBTIiwiRURJVF9BVFRFTkRBTkNFX0FMTCIsIlZJRVdfT1dOX1BST0ZJTEUiXSwiaWF0IjoxNzc4MzQxOTgwLCJleHAiOjE3Nzg0MjgzODB9.6PBFX7Iph2302UMc7TnKkJuzzzenWIg6EIZ31xxX5Ts
				Content-Type=application/json
Cookies:		<none>
Multiparts:		<none>
Body:
{
    "isWorkingDay": true
}
Request method:	PUT
Request URI:	https://riviobackendspringboot-production.up.railway.app/api/work-days/6
Proxy:			<none>
Request params:	<none>
Query params:	<none>
Form params:	<none>
Path params:	<none>
Headers:		Accept=application/json, application/javascript, text/javascript, text/json
				Authorization=Bearer eyJhbGciOiJIUzI1NiJ9.eyJzdWIiOiJhZG1pbkByaXZpby5jb20iLCJ1c2VySWQiOjEsInJvbGUiOiJTdXBlciBBZG1pbiIsInBlcm1pc3Npb25zIjpbIk1BTkFHRV9TWVNURU1fU0VUVElOR1MiLCJBRERfRU1QTE9ZRUUiLCJFRElUX0VNUExPWUVFIiwiQVBQUk9WRV9MRUFWRV9BTEwiLCJBUFBST1ZFX0xFQVZFX1RFQU0iLCJSVU5fUEFZUk9MTCIsIlZJRVdfQUxMX1BBWVNMSVBTIiwiRURJVF9BVFRFTkRBTkNFX0FMTCIsIlZJRVdfT1dOX1BST0ZJTEUiXSwiaWF0IjoxNzc4MzQxOTgwLCJleHAiOjE3Nzg0MjgzODB9.6PBFX7Iph2302UMc7TnKkJuzzzenWIg6EIZ31xxX5Ts
				Content-Type=application/json
Cookies:		<none>
Multiparts:		<none>
Body:
{
    "isWorkingDay": false
}
✅ Saturday toggled working → reverted back to off
]]></system-out>
  </testcase>
  <testcase name="tc_att_009_getAllHolidays" classname="com.rivio.tests.TC06_AttendanceSchedulingTest" time="1.633">
    <system-out><![CDATA[Request method:	GET
Request URI:	https://riviobackendspringboot-production.up.railway.app/api/holidays
Proxy:			<none>
Request params:	<none>
Query params:	<none>
Form params:	<none>
Path params:	<none>
Headers:		Accept=application/json, application/javascript, text/javascript, text/json
				Authorization=Bearer eyJhbGciOiJIUzI1NiJ9.eyJzdWIiOiJhZG1pbkByaXZpby5jb20iLCJ1c2VySWQiOjEsInJvbGUiOiJTdXBlciBBZG1pbiIsInBlcm1pc3Npb25zIjpbIk1BTkFHRV9TWVNURU1fU0VUVElOR1MiLCJBRERfRU1QTE9ZRUUiLCJFRElUX0VNUExPWUVFIiwiQVBQUk9WRV9MRUFWRV9BTEwiLCJBUFBST1ZFX0xFQVZFX1RFQU0iLCJSVU5fUEFZUk9MTCIsIlZJRVdfQUxMX1BBWVNMSVBTIiwiRURJVF9BVFRFTkRBTkNFX0FMTCIsIlZJRVdfT1dOX1BST0ZJTEUiXSwiaWF0IjoxNzc4MzQxOTgwLCJleHAiOjE3Nzg0MjgzODB9.6PBFX7Iph2302UMc7TnKkJuzzzenWIg6EIZ31xxX5Ts
				Content-Type=application/json
Cookies:		<none>
Multiparts:		<none>
Body:			<none>
✅ Holidays: 5
]]></system-out>
  </testcase>
  <testcase name="tc_att_010_createAndDeleteHoliday" classname="com.rivio.tests.TC06_AttendanceSchedulingTest" time="7.276">
    <system-out><![CDATA[Request method:	POST
Request URI:	https://riviobackendspringboot-production.up.railway.app/api/holidays
Proxy:			<none>
Request params:	<none>
Query params:	<none>
Form params:	<none>
Path params:	<none>
Headers:		Accept=application/json, application/javascript, text/javascript, text/json
				Authorization=Bearer eyJhbGciOiJIUzI1NiJ9.eyJzdWIiOiJhZG1pbkByaXZpby5jb20iLCJ1c2VySWQiOjEsInJvbGUiOiJTdXBlciBBZG1pbiIsInBlcm1pc3Npb25zIjpbIk1BTkFHRV9TWVNURU1fU0VUVElOR1MiLCJBRERfRU1QTE9ZRUUiLCJFRElUX0VNUExPWUVFIiwiQVBQUk9WRV9MRUFWRV9BTEwiLCJBUFBST1ZFX0xFQVZFX1RFQU0iLCJSVU5fUEFZUk9MTCIsIlZJRVdfQUxMX1BBWVNMSVBTIiwiRURJVF9BVFRFTkRBTkNFX0FMTCIsIlZJRVdfT1dOX1BST0ZJTEUiXSwiaWF0IjoxNzc4MzQxOTgwLCJleHAiOjE3Nzg0MjgzODB9.6PBFX7Iph2302UMc7TnKkJuzzzenWIg6EIZ31xxX5Ts
				Content-Type=application/json
Cookies:		<none>
Multiparts:		<none>
Body:
{
    "date": "2026-08-15",
    "name": "Independence Day"
}
✅ Holiday created, ID: 9
Request method:	DELETE
Request URI:	https://riviobackendspringboot-production.up.railway.app/api/holidays/9
Proxy:			<none>
Request params:	<none>
Query params:	<none>
Form params:	<none>
Path params:	<none>
Headers:		Accept=application/json, application/javascript, text/javascript, text/json
				Authorization=Bearer eyJhbGciOiJIUzI1NiJ9.eyJzdWIiOiJhZG1pbkByaXZpby5jb20iLCJ1c2VySWQiOjEsInJvbGUiOiJTdXBlciBBZG1pbiIsInBlcm1pc3Npb25zIjpbIk1BTkFHRV9TWVNURU1fU0VUVElOR1MiLCJBRERfRU1QTE9ZRUUiLCJFRElUX0VNUExPWUVFIiwiQVBQUk9WRV9MRUFWRV9BTEwiLCJBUFBST1ZFX0xFQVZFX1RFQU0iLCJSVU5fUEFZUk9MTCIsIlZJRVdfQUxMX1BBWVNMSVBTIiwiRURJVF9BVFRFTkRBTkNFX0FMTCIsIlZJRVdfT1dOX1BST0ZJTEUiXSwiaWF0IjoxNzc4MzQxOTgwLCJleHAiOjE3Nzg0MjgzODB9.6PBFX7Iph2302UMc7TnKkJuzzzenWIg6EIZ31xxX5Ts
				Content-Type=application/json
Cookies:		<none>
Multiparts:		<none>
Body:			<none>
✅ Holiday deleted
]]></system-out>
  </testcase>
  <testcase name="tc_ats_001_listAllJobOpenings" classname="com.rivio.tests.TC07_ATSTest" time="4.023">
    <system-out><![CDATA[Request method:	GET
Request URI:	https://riviobackendspringboot-production.up.railway.app/api/job-openings
Proxy:			<none>
Request params:	<none>
Query params:	<none>
Form params:	<none>
Path params:	<none>
Headers:		Accept=application/json, application/javascript, text/javascript, text/json
				Authorization=Bearer eyJhbGciOiJIUzI1NiJ9.eyJzdWIiOiJhZG1pbkByaXZpby5jb20iLCJ1c2VySWQiOjEsInJvbGUiOiJTdXBlciBBZG1pbiIsInBlcm1pc3Npb25zIjpbIk1BTkFHRV9TWVNURU1fU0VUVElOR1MiLCJBRERfRU1QTE9ZRUUiLCJFRElUX0VNUExPWUVFIiwiQVBQUk9WRV9MRUFWRV9BTEwiLCJBUFBST1ZFX0xFQVZFX1RFQU0iLCJSVU5fUEFZUk9MTCIsIlZJRVdfQUxMX1BBWVNMSVBTIiwiRURJVF9BVFRFTkRBTkNFX0FMTCIsIlZJRVdfT1dOX1BST0ZJTEUiXSwiaWF0IjoxNzc4MzQxOTgwLCJleHAiOjE3Nzg0MjgzODB9.6PBFX7Iph2302UMc7TnKkJuzzzenWIg6EIZ31xxX5Ts
				Content-Type=application/json
Cookies:		<none>
Multiparts:		<none>
Body:			<none>
✅ Job openings: 6
]]></system-out>
  </testcase>
  <testcase name="tc_ats_002_getJobOpeningById" classname="com.rivio.tests.TC07_ATSTest" time="3.362">
    <system-out><![CDATA[Request method:	GET
Request URI:	https://riviobackendspringboot-production.up.railway.app/api/job-openings/1
Proxy:			<none>
Request params:	<none>
Query params:	<none>
Form params:	<none>
Path params:	<none>
Headers:		Accept=application/json, application/javascript, text/javascript, text/json
				Authorization=Bearer eyJhbGciOiJIUzI1NiJ9.eyJzdWIiOiJhZG1pbkByaXZpby5jb20iLCJ1c2VySWQiOjEsInJvbGUiOiJTdXBlciBBZG1pbiIsInBlcm1pc3Npb25zIjpbIk1BTkFHRV9TWVNURU1fU0VUVElOR1MiLCJBRERfRU1QTE9ZRUUiLCJFRElUX0VNUExPWUVFIiwiQVBQUk9WRV9MRUFWRV9BTEwiLCJBUFBST1ZFX0xFQVZFX1RFQU0iLCJSVU5fUEFZUk9MTCIsIlZJRVdfQUxMX1BBWVNMSVBTIiwiRURJVF9BVFRFTkRBTkNFX0FMTCIsIlZJRVdfT1dOX1BST0ZJTEUiXSwiaWF0IjoxNzc4MzQxOTgwLCJleHAiOjE3Nzg0MjgzODB9.6PBFX7Iph2302UMc7TnKkJuzzzenWIg6EIZ31xxX5Ts
				Content-Type=application/json
Cookies:		<none>
Multiparts:		<none>
Body:			<none>
✅ Job opening 1 verified: Full Stack AI Engineer (OPEN)
]]></system-out>
  </testcase>
  <testcase name="tc_ats_003_createJobOpening" classname="com.rivio.tests.TC07_ATSTest" time="2.645">
    <system-out><![CDATA[Request method:	POST
Request URI:	https://riviobackendspringboot-production.up.railway.app/api/job-openings
Proxy:			<none>
Request params:	<none>
Query params:	<none>
Form params:	<none>
Path params:	<none>
Headers:		Accept=application/json, application/javascript, text/javascript, text/json
				Authorization=Bearer eyJhbGciOiJIUzI1NiJ9.eyJzdWIiOiJhZG1pbkByaXZpby5jb20iLCJ1c2VySWQiOjEsInJvbGUiOiJTdXBlciBBZG1pbiIsInBlcm1pc3Npb25zIjpbIk1BTkFHRV9TWVNURU1fU0VUVElOR1MiLCJBRERfRU1QTE9ZRUUiLCJFRElUX0VNUExPWUVFIiwiQVBQUk9WRV9MRUFWRV9BTEwiLCJBUFBST1ZFX0xFQVZFX1RFQU0iLCJSVU5fUEFZUk9MTCIsIlZJRVdfQUxMX1BBWVNMSVBTIiwiRURJVF9BVFRFTkRBTkNFX0FMTCIsIlZJRVdfT1dOX1BST0ZJTEUiXSwiaWF0IjoxNzc4MzQxOTgwLCJleHAiOjE3Nzg0MjgzODB9.6PBFX7Iph2302UMc7TnKkJuzzzenWIg6EIZ31xxX5Ts
				Content-Type=application/json
Cookies:		<none>
Multiparts:		<none>
Body:
{
    "locationId": 1,
    "departmentId": 1,
    "title": "QA Automation Engineer"
}
✅ Job opening created, ID: 8
]]></system-out>
  </testcase>
  <testcase name="tc_ats_004_listCandidatesForSeededJob" classname="com.rivio.tests.TC07_ATSTest" time="1.808">
    <system-out><![CDATA[Request method:	GET
Request URI:	https://riviobackendspringboot-production.up.railway.app/api/job-openings/1/candidates
Proxy:			<none>
Request params:	<none>
Query params:	<none>
Form params:	<none>
Path params:	<none>
Headers:		Accept=application/json, application/javascript, text/javascript, text/json
				Authorization=Bearer eyJhbGciOiJIUzI1NiJ9.eyJzdWIiOiJhZG1pbkByaXZpby5jb20iLCJ1c2VySWQiOjEsInJvbGUiOiJTdXBlciBBZG1pbiIsInBlcm1pc3Npb25zIjpbIk1BTkFHRV9TWVNURU1fU0VUVElOR1MiLCJBRERfRU1QTE9ZRUUiLCJFRElUX0VNUExPWUVFIiwiQVBQUk9WRV9MRUFWRV9BTEwiLCJBUFBST1ZFX0xFQVZFX1RFQU0iLCJSVU5fUEFZUk9MTCIsIlZJRVdfQUxMX1BBWVNMSVBTIiwiRURJVF9BVFRFTkRBTkNFX0FMTCIsIlZJRVdfT1dOX1BST0ZJTEUiXSwiaWF0IjoxNzc4MzQxOTgwLCJleHAiOjE3Nzg0MjgzODB9.6PBFX7Iph2302UMc7TnKkJuzzzenWIg6EIZ31xxX5Ts
				Content-Type=application/json
Cookies:		<none>
Multiparts:		<none>
Body:			<none>
✅ Candidates for job 1: 2
]]></system-out>
  </testcase>
  <testcase name="tc_ats_005_getSeededCandidate" classname="com.rivio.tests.TC07_ATSTest" time="3.169">
    <system-out><![CDATA[Request method:	GET
Request URI:	https://riviobackendspringboot-production.up.railway.app/api/candidates/1
Proxy:			<none>
Request params:	<none>
Query params:	<none>
Form params:	<none>
Path params:	<none>
Headers:		Accept=application/json, application/javascript, text/javascript, text/json
				Authorization=Bearer eyJhbGciOiJIUzI1NiJ9.eyJzdWIiOiJhZG1pbkByaXZpby5jb20iLCJ1c2VySWQiOjEsInJvbGUiOiJTdXBlciBBZG1pbiIsInBlcm1pc3Npb25zIjpbIk1BTkFHRV9TWVNURU1fU0VUVElOR1MiLCJBRERfRU1QTE9ZRUUiLCJFRElUX0VNUExPWUVFIiwiQVBQUk9WRV9MRUFWRV9BTEwiLCJBUFBST1ZFX0xFQVZFX1RFQU0iLCJSVU5fUEFZUk9MTCIsIlZJRVdfQUxMX1BBWVNMSVBTIiwiRURJVF9BVFRFTkRBTkNFX0FMTCIsIlZJRVdfT1dOX1BST0ZJTEUiXSwiaWF0IjoxNzc4MzQxOTgwLCJleHAiOjE3Nzg0MjgzODB9.6PBFX7Iph2302UMc7TnKkJuzzzenWIg6EIZ31xxX5Ts
				Content-Type=application/json
Cookies:		<none>
Multiparts:		<none>
Body:			<none>
✅ Candidate 1 verified: Aliya (OFFERED)
]]></system-out>
  </testcase>
  <testcase name="tc_ats_006_applyCandidate" classname="com.rivio.tests.TC07_ATSTest" time="3.056">
    <system-out><![CDATA[Request method:	POST
Request URI:	https://riviobackendspringboot-production.up.railway.app/api/job-openings/8/candidates
Proxy:			<none>
Request params:	<none>
Query params:	<none>
Form params:	<none>
Path params:	<none>
Headers:		Accept=application/json, application/javascript, text/javascript, text/json
				Authorization=Bearer eyJhbGciOiJIUzI1NiJ9.eyJzdWIiOiJhZG1pbkByaXZpby5jb20iLCJ1c2VySWQiOjEsInJvbGUiOiJTdXBlciBBZG1pbiIsInBlcm1pc3Npb25zIjpbIk1BTkFHRV9TWVNURU1fU0VUVElOR1MiLCJBRERfRU1QTE9ZRUUiLCJFRElUX0VNUExPWUVFIiwiQVBQUk9WRV9MRUFWRV9BTEwiLCJBUFBST1ZFX0xFQVZFX1RFQU0iLCJSVU5fUEFZUk9MTCIsIlZJRVdfQUxMX1BBWVNMSVBTIiwiRURJVF9BVFRFTkRBTkNFX0FMTCIsIlZJRVdfT1dOX1BST0ZJTEUiXSwiaWF0IjoxNzc4MzQxOTgwLCJleHAiOjE3Nzg0MjgzODB9.6PBFX7Iph2302UMc7TnKkJuzzzenWIg6EIZ31xxX5Ts
				Content-Type=application/json
Cookies:		<none>
Multiparts:		<none>
Body:
{
    "resumeUrl": "https://s3.amazonaws.com/resumes/eve.pdf",
    "name": "Eve Tester",
    "email": "eve.tester@gmail.com"
}
✅ Eve Tester applied, ID: 10
]]></system-out>
  </testcase>
  <testcase name="tc_ats_007_filterCandidatesByStage" classname="com.rivio.tests.TC07_ATSTest" time="1.675">
    <system-out><![CDATA[Request method:	GET
Request URI:	https://riviobackendspringboot-production.up.railway.app/api/job-openings/1/candidates?stage=INTERVIEWING
Proxy:			<none>
Request params:	<none>
Query params:	stage=INTERVIEWING
Form params:	<none>
Path params:	<none>
Headers:		Accept=application/json, application/javascript, text/javascript, text/json
				Authorization=Bearer eyJhbGciOiJIUzI1NiJ9.eyJzdWIiOiJhZG1pbkByaXZpby5jb20iLCJ1c2VySWQiOjEsInJvbGUiOiJTdXBlciBBZG1pbiIsInBlcm1pc3Npb25zIjpbIk1BTkFHRV9TWVNURU1fU0VUVElOR1MiLCJBRERfRU1QTE9ZRUUiLCJFRElUX0VNUExPWUVFIiwiQVBQUk9WRV9MRUFWRV9BTEwiLCJBUFBST1ZFX0xFQVZFX1RFQU0iLCJSVU5fUEFZUk9MTCIsIlZJRVdfQUxMX1BBWVNMSVBTIiwiRURJVF9BVFRFTkRBTkNFX0FMTCIsIlZJRVdfT1dOX1BST0ZJTEUiXSwiaWF0IjoxNzc4MzQxOTgwLCJleHAiOjE3Nzg0MjgzODB9.6PBFX7Iph2302UMc7TnKkJuzzzenWIg6EIZ31xxX5Ts
				Content-Type=application/json
Cookies:		<none>
Multiparts:		<none>
Body:			<none>
✅ INTERVIEWING candidates: 0
]]></system-out>
  </testcase>
  <testcase name="tc_ats_008_moveCandidateStage" classname="com.rivio.tests.TC07_ATSTest" time="4.062">
    <system-out><![CDATA[Request method:	PUT
Request URI:	https://riviobackendspringboot-production.up.railway.app/api/candidates/10/stage
Proxy:			<none>
Request params:	<none>
Query params:	<none>
Form params:	<none>
Path params:	<none>
Headers:		Accept=application/json, application/javascript, text/javascript, text/json
				Authorization=Bearer eyJhbGciOiJIUzI1NiJ9.eyJzdWIiOiJhZG1pbkByaXZpby5jb20iLCJ1c2VySWQiOjEsInJvbGUiOiJTdXBlciBBZG1pbiIsInBlcm1pc3Npb25zIjpbIk1BTkFHRV9TWVNURU1fU0VUVElOR1MiLCJBRERfRU1QTE9ZRUUiLCJFRElUX0VNUExPWUVFIiwiQVBQUk9WRV9MRUFWRV9BTEwiLCJBUFBST1ZFX0xFQVZFX1RFQU0iLCJSVU5fUEFZUk9MTCIsIlZJRVdfQUxMX1BBWVNMSVBTIiwiRURJVF9BVFRFTkRBTkNFX0FMTCIsIlZJRVdfT1dOX1BST0ZJTEUiXSwiaWF0IjoxNzc4MzQxOTgwLCJleHAiOjE3Nzg0MjgzODB9.6PBFX7Iph2302UMc7TnKkJuzzzenWIg6EIZ31xxX5Ts
				Content-Type=application/json
Cookies:		<none>
Multiparts:		<none>
Body:
{
    "stage": "INTERVIEWING"
}
✅ Eve moved to INTERVIEWING
]]></system-out>
  </testcase>
  <testcase name="tc_ats_009_closeJobOpening" classname="com.rivio.tests.TC07_ATSTest" time="3.065">
    <system-out><![CDATA[Request method:	PATCH
Request URI:	https://riviobackendspringboot-production.up.railway.app/api/job-openings/8/status
Proxy:			<none>
Request params:	<none>
Query params:	<none>
Form params:	<none>
Path params:	<none>
Headers:		Accept=application/json, application/javascript, text/javascript, text/json
				Authorization=Bearer eyJhbGciOiJIUzI1NiJ9.eyJzdWIiOiJhZG1pbkByaXZpby5jb20iLCJ1c2VySWQiOjEsInJvbGUiOiJTdXBlciBBZG1pbiIsInBlcm1pc3Npb25zIjpbIk1BTkFHRV9TWVNURU1fU0VUVElOR1MiLCJBRERfRU1QTE9ZRUUiLCJFRElUX0VNUExPWUVFIiwiQVBQUk9WRV9MRUFWRV9BTEwiLCJBUFBST1ZFX0xFQVZFX1RFQU0iLCJSVU5fUEFZUk9MTCIsIlZJRVdfQUxMX1BBWVNMSVBTIiwiRURJVF9BVFRFTkRBTkNFX0FMTCIsIlZJRVdfT1dOX1BST0ZJTEUiXSwiaWF0IjoxNzc4MzQxOTgwLCJleHAiOjE3Nzg0MjgzODB9.6PBFX7Iph2302UMc7TnKkJuzzzenWIg6EIZ31xxX5Ts
				Content-Type=application/json
Cookies:		<none>
Multiparts:		<none>
Body:
{
    "status": "CLOSED"
}
✅ Job opening closed
]]></system-out>
  </testcase>
  <testcase name="tc_ats_010_deleteJobOpening" classname="com.rivio.tests.TC07_ATSTest" time="2.512">
    <system-out><![CDATA[Request method:	DELETE
Request URI:	https://riviobackendspringboot-production.up.railway.app/api/job-openings/8
Proxy:			<none>
Request params:	<none>
Query params:	<none>
Form params:	<none>
Path params:	<none>
Headers:		Accept=application/json, application/javascript, text/javascript, text/json
				Authorization=Bearer eyJhbGciOiJIUzI1NiJ9.eyJzdWIiOiJhZG1pbkByaXZpby5jb20iLCJ1c2VySWQiOjEsInJvbGUiOiJTdXBlciBBZG1pbiIsInBlcm1pc3Npb25zIjpbIk1BTkFHRV9TWVNURU1fU0VUVElOR1MiLCJBRERfRU1QTE9ZRUUiLCJFRElUX0VNUExPWUVFIiwiQVBQUk9WRV9MRUFWRV9BTEwiLCJBUFBST1ZFX0xFQVZFX1RFQU0iLCJSVU5fUEFZUk9MTCIsIlZJRVdfQUxMX1BBWVNMSVBTIiwiRURJVF9BVFRFTkRBTkNFX0FMTCIsIlZJRVdfT1dOX1BST0ZJTEUiXSwiaWF0IjoxNzc4MzQxOTgwLCJleHAiOjE3Nzg0MjgzODB9.6PBFX7Iph2302UMc7TnKkJuzzzenWIg6EIZ31xxX5Ts
				Content-Type=application/json
Cookies:		<none>
Multiparts:		<none>
Body:			<none>
ℹ️ Delete blocked because candidates applied (expected): {"success":false,"message":"An unexpected error occurred: Cannot delete Job Opening: Candidates have already applied. Please change the status to 'CLOSED' instead.","timestamp":"2026-05-09T15:57:20.900136454"}
]]></system-out>
  </testcase>
  <testcase name="tc_pay_001_getSalaryComponentsJohn" classname="com.rivio.tests.TC08_PayrollTest" time="1.89">
    <system-out><![CDATA[Request method:	GET
Request URI:	https://riviobackendspringboot-production.up.railway.app/api/salary-components/employee/1
Proxy:			<none>
Request params:	<none>
Query params:	<none>
Form params:	<none>
Path params:	<none>
Headers:		Accept=application/json, application/javascript, text/javascript, text/json
				Authorization=Bearer eyJhbGciOiJIUzI1NiJ9.eyJzdWIiOiJhZG1pbkByaXZpby5jb20iLCJ1c2VySWQiOjEsInJvbGUiOiJTdXBlciBBZG1pbiIsInBlcm1pc3Npb25zIjpbIk1BTkFHRV9TWVNURU1fU0VUVElOR1MiLCJBRERfRU1QTE9ZRUUiLCJFRElUX0VNUExPWUVFIiwiQVBQUk9WRV9MRUFWRV9BTEwiLCJBUFBST1ZFX0xFQVZFX1RFQU0iLCJSVU5fUEFZUk9MTCIsIlZJRVdfQUxMX1BBWVNMSVBTIiwiRURJVF9BVFRFTkRBTkNFX0FMTCIsIlZJRVdfT1dOX1BST0ZJTEUiXSwiaWF0IjoxNzc4MzQxOTgwLCJleHAiOjE3Nzg0MjgzODB9.6PBFX7Iph2302UMc7TnKkJuzzzenWIg6EIZ31xxX5Ts
				Content-Type=application/json
Cookies:		<none>
Multiparts:		<none>
Body:			<none>
✅ Employee #1 salary components: 3
]]></system-out>
  </testcase>
  <testcase name="tc_pay_002_getSalaryComponentsBob" classname="com.rivio.tests.TC08_PayrollTest" time="2.11">
    <system-out><![CDATA[Request method:	GET
Request URI:	https://riviobackendspringboot-production.up.railway.app/api/salary-components/employee/4
Proxy:			<none>
Request params:	<none>
Query params:	<none>
Form params:	<none>
Path params:	<none>
Headers:		Accept=application/json, application/javascript, text/javascript, text/json
				Authorization=Bearer eyJhbGciOiJIUzI1NiJ9.eyJzdWIiOiJhZG1pbkByaXZpby5jb20iLCJ1c2VySWQiOjEsInJvbGUiOiJTdXBlciBBZG1pbiIsInBlcm1pc3Npb25zIjpbIk1BTkFHRV9TWVNURU1fU0VUVElOR1MiLCJBRERfRU1QTE9ZRUUiLCJFRElUX0VNUExPWUVFIiwiQVBQUk9WRV9MRUFWRV9BTEwiLCJBUFBST1ZFX0xFQVZFX1RFQU0iLCJSVU5fUEFZUk9MTCIsIlZJRVdfQUxMX1BBWVNMSVBTIiwiRURJVF9BVFRFTkRBTkNFX0FMTCIsIlZJRVdfT1dOX1BST0ZJTEUiXSwiaWF0IjoxNzc4MzQxOTgwLCJleHAiOjE3Nzg0MjgzODB9.6PBFX7Iph2302UMc7TnKkJuzzzenWIg6EIZ31xxX5Ts
				Content-Type=application/json
Cookies:		<none>
Multiparts:		<none>
Body:			<none>
✅ Employee #4 salary components: [Basic Pay, HRA]
]]></system-out>
  </testcase>
  <testcase name="tc_pay_003_createSalaryComponent" classname="com.rivio.tests.TC08_PayrollTest" time="2.802">
    <system-out><![CDATA[Request method:	POST
Request URI:	https://riviobackendspringboot-production.up.railway.app/api/salary-components/employee/3
Proxy:			<none>
Request params:	<none>
Query params:	<none>
Form params:	<none>
Path params:	<none>
Headers:		Accept=application/json, application/javascript, text/javascript, text/json
				Authorization=Bearer eyJhbGciOiJIUzI1NiJ9.eyJzdWIiOiJhZG1pbkByaXZpby5jb20iLCJ1c2VySWQiOjEsInJvbGUiOiJTdXBlciBBZG1pbiIsInBlcm1pc3Npb25zIjpbIk1BTkFHRV9TWVNURU1fU0VUVElOR1MiLCJBRERfRU1QTE9ZRUUiLCJFRElUX0VNUExPWUVFIiwiQVBQUk9WRV9MRUFWRV9BTEwiLCJBUFBST1ZFX0xFQVZFX1RFQU0iLCJSVU5fUEFZUk9MTCIsIlZJRVdfQUxMX1BBWVNMSVBTIiwiRURJVF9BVFRFTkRBTkNFX0FMTCIsIlZJRVdfT1dOX1BST0ZJTEUiXSwiaWF0IjoxNzc4MzQxOTgwLCJleHAiOjE3Nzg0MjgzODB9.6PBFX7Iph2302UMc7TnKkJuzzzenWIg6EIZ31xxX5Ts
				Content-Type=application/json
Cookies:		<none>
Multiparts:		<none>
Body:
{
    "name": "Transport Allowance",
    "type": "EARNING",
    "value": 5000.0
}
✅ Salary component created, ID: 26
]]></system-out>
  </testcase>
  <testcase name="tc_pay_004_updateSalaryComponent" classname="com.rivio.tests.TC08_PayrollTest" time="3.445">
    <system-out><![CDATA[Request method:	PUT
Request URI:	https://riviobackendspringboot-production.up.railway.app/api/salary-components/26
Proxy:			<none>
Request params:	<none>
Query params:	<none>
Form params:	<none>
Path params:	<none>
Headers:		Accept=application/json, application/javascript, text/javascript, text/json
				Authorization=Bearer eyJhbGciOiJIUzI1NiJ9.eyJzdWIiOiJhZG1pbkByaXZpby5jb20iLCJ1c2VySWQiOjEsInJvbGUiOiJTdXBlciBBZG1pbiIsInBlcm1pc3Npb25zIjpbIk1BTkFHRV9TWVNURU1fU0VUVElOR1MiLCJBRERfRU1QTE9ZRUUiLCJFRElUX0VNUExPWUVFIiwiQVBQUk9WRV9MRUFWRV9BTEwiLCJBUFBST1ZFX0xFQVZFX1RFQU0iLCJSVU5fUEFZUk9MTCIsIlZJRVdfQUxMX1BBWVNMSVBTIiwiRURJVF9BVFRFTkRBTkNFX0FMTCIsIlZJRVdfT1dOX1BST0ZJTEUiXSwiaWF0IjoxNzc4MzQxOTgwLCJleHAiOjE3Nzg0MjgzODB9.6PBFX7Iph2302UMc7TnKkJuzzzenWIg6EIZ31xxX5Ts
				Content-Type=application/json
Cookies:		<none>
Multiparts:		<none>
Body:
{
    "name": "Transport Allowance",
    "type": "EARNING",
    "value": 6000.0
}
✅ Transport Allowance updated to 6000
]]></system-out>
  </testcase>
  <testcase name="tc_pay_005_deleteSalaryComponent" classname="com.rivio.tests.TC08_PayrollTest" time="2.484">
    <system-out><![CDATA[Request method:	DELETE
Request URI:	https://riviobackendspringboot-production.up.railway.app/api/salary-components/26
Proxy:			<none>
Request params:	<none>
Query params:	<none>
Form params:	<none>
Path params:	<none>
Headers:		Accept=application/json, application/javascript, text/javascript, text/json
				Authorization=Bearer eyJhbGciOiJIUzI1NiJ9.eyJzdWIiOiJhZG1pbkByaXZpby5jb20iLCJ1c2VySWQiOjEsInJvbGUiOiJTdXBlciBBZG1pbiIsInBlcm1pc3Npb25zIjpbIk1BTkFHRV9TWVNURU1fU0VUVElOR1MiLCJBRERfRU1QTE9ZRUUiLCJFRElUX0VNUExPWUVFIiwiQVBQUk9WRV9MRUFWRV9BTEwiLCJBUFBST1ZFX0xFQVZFX1RFQU0iLCJSVU5fUEFZUk9MTCIsIlZJRVdfQUxMX1BBWVNMSVBTIiwiRURJVF9BVFRFTkRBTkNFX0FMTCIsIlZJRVdfT1dOX1BST0ZJTEUiXSwiaWF0IjoxNzc4MzQxOTgwLCJleHAiOjE3Nzg0MjgzODB9.6PBFX7Iph2302UMc7TnKkJuzzzenWIg6EIZ31xxX5Ts
				Content-Type=application/json
Cookies:		<none>
Multiparts:		<none>
Body:			<none>
✅ Transport Allowance deleted
]]></system-out>
  </testcase>
  <testcase name="tc_pay_006_listPayCycles" classname="com.rivio.tests.TC08_PayrollTest" time="2.746">
    <system-out><![CDATA[Request method:	GET
Request URI:	https://riviobackendspringboot-production.up.railway.app/api/pay-cycles
Proxy:			<none>
Request params:	<none>
Query params:	<none>
Form params:	<none>
Path params:	<none>
Headers:		Accept=application/json, application/javascript, text/javascript, text/json
				Authorization=Bearer eyJhbGciOiJIUzI1NiJ9.eyJzdWIiOiJhZG1pbkByaXZpby5jb20iLCJ1c2VySWQiOjEsInJvbGUiOiJTdXBlciBBZG1pbiIsInBlcm1pc3Npb25zIjpbIk1BTkFHRV9TWVNURU1fU0VUVElOR1MiLCJBRERfRU1QTE9ZRUUiLCJFRElUX0VNUExPWUVFIiwiQVBQUk9WRV9MRUFWRV9BTEwiLCJBUFBST1ZFX0xFQVZFX1RFQU0iLCJSVU5fUEFZUk9MTCIsIlZJRVdfQUxMX1BBWVNMSVBTIiwiRURJVF9BVFRFTkRBTkNFX0FMTCIsIlZJRVdfT1dOX1BST0ZJTEUiXSwiaWF0IjoxNzc4MzQxOTgwLCJleHAiOjE3Nzg0MjgzODB9.6PBFX7Iph2302UMc7TnKkJuzzzenWIg6EIZ31xxX5Ts
				Content-Type=application/json
Cookies:		<none>
Multiparts:		<none>
Body:			<none>
✅ Pay cycles: 7
]]></system-out>
  </testcase>
  <testcase name="tc_pay_007_searchPayCycles" classname="com.rivio.tests.TC08_PayrollTest" time="1.517">
    <system-out><![CDATA[Request method:	GET
Request URI:	https://riviobackendspringboot-production.up.railway.app/api/pay-cycles?name=February
Proxy:			<none>
Request params:	<none>
Query params:	name=February
Form params:	<none>
Path params:	<none>
Headers:		Accept=application/json, application/javascript, text/javascript, text/json
				Authorization=Bearer eyJhbGciOiJIUzI1NiJ9.eyJzdWIiOiJhZG1pbkByaXZpby5jb20iLCJ1c2VySWQiOjEsInJvbGUiOiJTdXBlciBBZG1pbiIsInBlcm1pc3Npb25zIjpbIk1BTkFHRV9TWVNURU1fU0VUVElOR1MiLCJBRERfRU1QTE9ZRUUiLCJFRElUX0VNUExPWUVFIiwiQVBQUk9WRV9MRUFWRV9BTEwiLCJBUFBST1ZFX0xFQVZFX1RFQU0iLCJSVU5fUEFZUk9MTCIsIlZJRVdfQUxMX1BBWVNMSVBTIiwiRURJVF9BVFRFTkRBTkNFX0FMTCIsIlZJRVdfT1dOX1BST0ZJTEUiXSwiaWF0IjoxNzc4MzQxOTgwLCJleHAiOjE3Nzg0MjgzODB9.6PBFX7Iph2302UMc7TnKkJuzzzenWIg6EIZ31xxX5Ts
				Content-Type=application/json
Cookies:		<none>
Multiparts:		<none>
Body:			<none>
✅ Search 'February' complete
]]></system-out>
  </testcase>
  <testcase name="tc_pay_008_createPayCycle" classname="com.rivio.tests.TC08_PayrollTest" time="2.774">
    <system-out><![CDATA[Request method:	POST
Request URI:	https://riviobackendspringboot-production.up.railway.app/api/pay-cycles
Proxy:			<none>
Request params:	<none>
Query params:	<none>
Form params:	<none>
Path params:	<none>
Headers:		Accept=application/json, application/javascript, text/javascript, text/json
				Authorization=Bearer eyJhbGciOiJIUzI1NiJ9.eyJzdWIiOiJhZG1pbkByaXZpby5jb20iLCJ1c2VySWQiOjEsInJvbGUiOiJTdXBlciBBZG1pbiIsInBlcm1pc3Npb25zIjpbIk1BTkFHRV9TWVNURU1fU0VUVElOR1MiLCJBRERfRU1QTE9ZRUUiLCJFRElUX0VNUExPWUVFIiwiQVBQUk9WRV9MRUFWRV9BTEwiLCJBUFBST1ZFX0xFQVZFX1RFQU0iLCJSVU5fUEFZUk9MTCIsIlZJRVdfQUxMX1BBWVNMSVBTIiwiRURJVF9BVFRFTkRBTkNFX0FMTCIsIlZJRVdfT1dOX1BST0ZJTEUiXSwiaWF0IjoxNzc4MzQxOTgwLCJleHAiOjE3Nzg0MjgzODB9.6PBFX7Iph2302UMc7TnKkJuzzzenWIg6EIZ31xxX5Ts
				Content-Type=application/json
Cookies:		<none>
Multiparts:		<none>
Body:
{
    "fromDate": "2029-05-01",
    "toDate": "2029-05-31",
    "cycleName": "MAY 2029 #1778342257992"
}
✅ Pay cycle created, ID: 8 name: MAY 2029 #1778342257992
]]></system-out>
  </testcase>
  <testcase name="tc_pay_009_getPayslipsForSeededCycle" classname="com.rivio.tests.TC08_PayrollTest" time="3.075">
    <system-out><![CDATA[Request method:	GET
Request URI:	https://riviobackendspringboot-production.up.railway.app/api/pay-cycles/1/payslips
Proxy:			<none>
Request params:	<none>
Query params:	<none>
Form params:	<none>
Path params:	<none>
Headers:		Accept=application/json, application/javascript, text/javascript, text/json
				Authorization=Bearer eyJhbGciOiJIUzI1NiJ9.eyJzdWIiOiJhZG1pbkByaXZpby5jb20iLCJ1c2VySWQiOjEsInJvbGUiOiJTdXBlciBBZG1pbiIsInBlcm1pc3Npb25zIjpbIk1BTkFHRV9TWVNURU1fU0VUVElOR1MiLCJBRERfRU1QTE9ZRUUiLCJFRElUX0VNUExPWUVFIiwiQVBQUk9WRV9MRUFWRV9BTEwiLCJBUFBST1ZFX0xFQVZFX1RFQU0iLCJSVU5fUEFZUk9MTCIsIlZJRVdfQUxMX1BBWVNMSVBTIiwiRURJVF9BVFRFTkRBTkNFX0FMTCIsIlZJRVdfT1dOX1BST0ZJTEUiXSwiaWF0IjoxNzc4MzQxOTgwLCJleHAiOjE3Nzg0MjgzODB9.6PBFX7Iph2302UMc7TnKkJuzzzenWIg6EIZ31xxX5Ts
				Content-Type=application/json
Cookies:		<none>
Multiparts:		<none>
Body:			<none>
✅ Pay cycle 1 payslips: 0
]]></system-out>
  </testcase>
  <testcase name="tc_pay_010_generateAndFinalizePayCycle" classname="com.rivio.tests.TC08_PayrollTest" time="16.518">
    <system-out><![CDATA[Request method:	POST
Request URI:	https://riviobackendspringboot-production.up.railway.app/api/pay-cycles/8/generate-payslips
Proxy:			<none>
Request params:	<none>
Query params:	<none>
Form params:	<none>
Path params:	<none>
Headers:		Accept=application/json, application/javascript, text/javascript, text/json
				Authorization=Bearer eyJhbGciOiJIUzI1NiJ9.eyJzdWIiOiJhZG1pbkByaXZpby5jb20iLCJ1c2VySWQiOjEsInJvbGUiOiJTdXBlciBBZG1pbiIsInBlcm1pc3Npb25zIjpbIk1BTkFHRV9TWVNURU1fU0VUVElOR1MiLCJBRERfRU1QTE9ZRUUiLCJFRElUX0VNUExPWUVFIiwiQVBQUk9WRV9MRUFWRV9BTEwiLCJBUFBST1ZFX0xFQVZFX1RFQU0iLCJSVU5fUEFZUk9MTCIsIlZJRVdfQUxMX1BBWVNMSVBTIiwiRURJVF9BVFRFTkRBTkNFX0FMTCIsIlZJRVdfT1dOX1BST0ZJTEUiXSwiaWF0IjoxNzc4MzQxOTgwLCJleHAiOjE3Nzg0MjgzODB9.6PBFX7Iph2302UMc7TnKkJuzzzenWIg6EIZ31xxX5Ts
				Content-Type=application/json
Cookies:		<none>
Multiparts:		<none>
Body:			<none>
✅ Payslips generated for April 2026
Request method:	PUT
Request URI:	https://riviobackendspringboot-production.up.railway.app/api/pay-cycles/8/status
Proxy:			<none>
Request params:	<none>
Query params:	<none>
Form params:	<none>
Path params:	<none>
Headers:		Accept=application/json, application/javascript, text/javascript, text/json
				Authorization=Bearer eyJhbGciOiJIUzI1NiJ9.eyJzdWIiOiJhZG1pbkByaXZpby5jb20iLCJ1c2VySWQiOjEsInJvbGUiOiJTdXBlciBBZG1pbiIsInBlcm1pc3Npb25zIjpbIk1BTkFHRV9TWVNURU1fU0VUVElOR1MiLCJBRERfRU1QTE9ZRUUiLCJFRElUX0VNUExPWUVFIiwiQVBQUk9WRV9MRUFWRV9BTEwiLCJBUFBST1ZFX0xFQVZFX1RFQU0iLCJSVU5fUEFZUk9MTCIsIlZJRVdfQUxMX1BBWVNMSVBTIiwiRURJVF9BVFRFTkRBTkNFX0FMTCIsIlZJRVdfT1dOX1BST0ZJTEUiXSwiaWF0IjoxNzc4MzQxOTgwLCJleHAiOjE3Nzg0MjgzODB9.6PBFX7Iph2302UMc7TnKkJuzzzenWIg6EIZ31xxX5Ts
				Content-Type=application/json
Cookies:		<none>
Multiparts:		<none>
Body:
{
    "status": "FINALIZED"
}
✅ April 2026 pay cycle finalized
]]></system-out>
  </testcase>
  <testcase name="tc_dash_001_adminSummary" classname="com.rivio.tests.TC09_DashboardTest" time="5.557">
    <system-out><![CDATA[Request method:	GET
Request URI:	https://riviobackendspringboot-production.up.railway.app/api/dashboard/admin-summary
Proxy:			<none>
Request params:	<none>
Query params:	<none>
Form params:	<none>
Path params:	<none>
Headers:		Accept=application/json, application/javascript, text/javascript, text/json
				Authorization=Bearer eyJhbGciOiJIUzI1NiJ9.eyJzdWIiOiJhZG1pbkByaXZpby5jb20iLCJ1c2VySWQiOjEsInJvbGUiOiJTdXBlciBBZG1pbiIsInBlcm1pc3Npb25zIjpbIk1BTkFHRV9TWVNURU1fU0VUVElOR1MiLCJBRERfRU1QTE9ZRUUiLCJFRElUX0VNUExPWUVFIiwiQVBQUk9WRV9MRUFWRV9BTEwiLCJBUFBST1ZFX0xFQVZFX1RFQU0iLCJSVU5fUEFZUk9MTCIsIlZJRVdfQUxMX1BBWVNMSVBTIiwiRURJVF9BVFRFTkRBTkNFX0FMTCIsIlZJRVdfT1dOX1BST0ZJTEUiXSwiaWF0IjoxNzc4MzQxOTgwLCJleHAiOjE3Nzg0MjgzODB9.6PBFX7Iph2302UMc7TnKkJuzzzenWIg6EIZ31xxX5Ts
				Content-Type=application/json
Cookies:		<none>
Multiparts:		<none>
Body:			<none>
✅ Admin Summary KPIs:
   Total Employees  : 14
   Pending Leaves   : 1
   Present Today    : 1
   On Leave Today   : 0
   Active PayCycles : 8
]]></system-out>
  </testcase>
  <testcase name="tc_dash_002_healthCheck" classname="com.rivio.tests.TC09_DashboardTest" time="1.109">
    <system-out><![CDATA[Request method:	GET
Request URI:	https://riviobackendspringboot-production.up.railway.app/api/health
Proxy:			<none>
Request params:	<none>
Query params:	<none>
Form params:	<none>
Path params:	<none>
Headers:		Accept=application/json, application/javascript, text/javascript, text/json
				Content-Type=application/json
Cookies:		<none>
Multiparts:		<none>
Body:			<none>
✅ Health check passed. Message: All Systems are healthy
]]></system-out>
  </testcase>
</testsuite>