<?xml version="1.0" encoding="UTF-8"?>
<!-- Generated by org.testng.reporters.JUnitReportReporter -->
<testsuite hostname="LTIN719609" failures="0" tests="2" name="com.rivio.tests.TC09_DashboardTest" time="7.028" errors="0" timestamp="2026-05-09T20:36:37 IST" skipped="0">
  <testcase classname="com.rivio.tests.TC09_DashboardTest" name="tc_dash_001_adminSummary" time="6.011"/>
  <testcase classname="com.rivio.tests.TC09_DashboardTest" name="tc_dash_002_healthCheck" time="1.017"/>
</testsuite> <!-- com.rivio.tests.TC09_DashboardTest -->
