<?xml version="1.0" encoding="UTF-8"?>
<!-- Generated by org.testng.reporters.JUnitReportReporter -->
<testsuite hostname="LTIN719609" failures="0" tests="8" name="com.rivio.tests.TC01_AuthTest" time="38.590" errors="0" timestamp="2026-05-09T21:28:07 IST" skipped="1">
  <testcase classname="com.rivio.tests.TC01_AuthTest" name="tc_auth_001_loginTokenPresent" time="12.337"/>
  <testcase classname="com.rivio.tests.TC01_AuthTest" name="tc_auth_002_loginLiveCall" time="6.865"/>
  <testcase classname="com.rivio.tests.TC01_AuthTest" name="tc_auth_003_loginAsHrManager" time="1.933">
    <skipped/>
  </testcase> <!-- tc_auth_003_loginAsHrManager -->
  <testcase classname="com.rivio.tests.TC01_AuthTest" name="tc_auth_004_loginInvalidCredentials" time="2.214"/>
  <testcase classname="com.rivio.tests.TC01_AuthTest" name="tc_auth_005_createUser" time="4.199"/>
  <testcase classname="com.rivio.tests.TC01_AuthTest" name="tc_auth_006_getAllUsers" time="4.139"/>
  <testcase classname="com.rivio.tests.TC01_AuthTest" name="tc_auth_007_resetPassword" time="3.925"/>
  <testcase classname="com.rivio.tests.TC01_AuthTest" name="tc_auth_008_deleteUser" time="2.978"/>
</testsuite> <!-- com.rivio.tests.TC01_AuthTest -->
