<?xml version="1.0" encoding="UTF-8"?>
<!-- Generated by org.testng.reporters.JUnitReportReporter -->
<testsuite hostname="LTIN719609" failures="1" tests="10" name="com.rivio.tests.TC06_AttendanceSchedulingTest" time="28.418" errors="0" timestamp="2026-05-09T20:36:37 IST" skipped="0">
  <testcase classname="com.rivio.tests.TC06_AttendanceSchedulingTest" name="tc_att_001_getOrgAttendanceSeededDate" time="2.747"/>
  <testcase classname="com.rivio.tests.TC06_AttendanceSchedulingTest" name="tc_att_002_getOrgAttendanceToday" time="1.686"/>
  <testcase classname="com.rivio.tests.TC06_AttendanceSchedulingTest" name="tc_att_003_getEmployeeAttendanceHistory" time="1.860"/>
  <testcase classname="com.rivio.tests.TC06_AttendanceSchedulingTest" name="tc_att_004_manualPunchIn" time="2.109"/>
  <testcase classname="com.rivio.tests.TC06_AttendanceSchedulingTest" name="tc_att_005_manualPunchOut" time="0.003"/>
  <testcase classname="com.rivio.tests.TC06_AttendanceSchedulingTest" name="tc_att_006_downloadCsvTemplate" time="1.008"/>
  <testcase classname="com.rivio.tests.TC06_AttendanceSchedulingTest" name="tc_att_007_getAllWorkDays" time="2.671"/>
  <testcase classname="com.rivio.tests.TC06_AttendanceSchedulingTest" name="tc_att_008_updateWorkDay" time="8.373"/>
  <testcase classname="com.rivio.tests.TC06_AttendanceSchedulingTest" name="tc_att_009_getAllHolidays" time="1.577">
    <failure message="expected [true] but found [false]" type="java.lang.AssertionError">
      <![CDATA[java.lang.AssertionError: expected [true] but found [false]
at org.testng.Assert.fail(Assert.java:111)
at org.testng.Assert.failNotEquals(Assert.java:1578)
at org.testng.Assert.assertTrue(Assert.java:57)
at org.testng.Assert.assertTrue(Assert.java:67)
at com.rivio.tests.TC06_AttendanceSchedulingTest.tc_att_009_getAllHolidays(TC06_AttendanceSchedulingTest.java:233)
at java.base/jdk.internal.reflect.NativeMethodAccessorImpl.invoke0(Native Method)
at java.base/jdk.internal.reflect.NativeMethodAccessorImpl.invoke(NativeMethodAccessorImpl.java:77)
at java.base/jdk.internal.reflect.DelegatingMethodAccessorImpl.invoke(DelegatingMethodAccessorImpl.java:43)
at java.base/java.lang.reflect.Method.invoke(Method.java:568)
at org.testng.internal.invokers.MethodInvocationHelper.invokeMethod(MethodInvocationHelper.java:139)
at org.testng.internal.invokers.TestInvoker.invokeMethod(TestInvoker.java:664)
at org.testng.internal.invokers.TestInvoker.invokeTestMethod(TestInvoker.java:228)
at org.testng.internal.invokers.MethodRunner.runInSequence(MethodRunner.java:63)
at org.testng.internal.invokers.TestInvoker$MethodInvocationAgent.invoke(TestInvoker.java:961)
at org.testng.internal.invokers.TestInvoker.invokeTestMethods(TestInvoker.java:201)
at org.testng.internal.invokers.TestMethodWorker.invokeTestMethods(TestMethodWorker.java:148)
at org.testng.internal.invokers.TestMethodWorker.run(TestMethodWorker.java:128)
at java.base/java.util.ArrayList.forEach(ArrayList.java:1511)
at org.testng.TestRunner.privateRun(TestRunner.java:819)
at org.testng.TestRunner.run(TestRunner.java:619)
at org.testng.SuiteRunner.runTest(SuiteRunner.java:443)
at org.testng.SuiteRunner.runSequentially(SuiteRunner.java:437)
at org.testng.SuiteRunner.privateRun(SuiteRunner.java:397)
at org.testng.SuiteRunner.run(SuiteRunner.java:336)
at org.testng.SuiteRunnerWorker.runSuite(SuiteRunnerWorker.java:52)
at org.testng.SuiteRunnerWorker.run(SuiteRunnerWorker.java:95)
at org.testng.TestNG.runSuitesSequentially(TestNG.java:1301)
at org.testng.TestNG.runSuitesLocally(TestNG.java:1228)
at org.testng.TestNG.runSuites(TestNG.java:1134)
at org.testng.TestNG.run(TestNG.java:1101)
at org.apache.maven.surefire.testng.TestNGExecutor.run(TestNGExecutor.java:308)
at org.apache.maven.surefire.testng.TestNGXmlTestSuite.execute(TestNGXmlTestSuite.java:71)
at org.apache.maven.surefire.testng.TestNGProvider.invoke(TestNGProvider.java:113)
at org.apache.maven.surefire.booter.ForkedBooter.runSuitesInProcess(ForkedBooter.java:385)
at org.apache.maven.surefire.booter.ForkedBooter.execute(ForkedBooter.java:162)
at org.apache.maven.surefire.booter.ForkedBooter.run(ForkedBooter.java:507)
at org.apache.maven.surefire.booter.ForkedBooter.main(ForkedBooter.java:495)
]]>
    </failure>
  </testcase> <!-- tc_att_009_getAllHolidays -->
  <testcase classname="com.rivio.tests.TC06_AttendanceSchedulingTest" name="tc_att_010_createAndDeleteHoliday" time="6.384"/>
</testsuite> <!-- com.rivio.tests.TC06_AttendanceSchedulingTest -->
